
Showing logs for build [32msalaboy-fmtok8s-api-gateway-pr-8c859-2[0m stage [32mfrom-build-pack[0m and container [32mcredential-initializer[0m
{"level":"info","ts":1598868790.977408,"caller":"creds-init/main.go:44","msg":"Credentials initialized."}

Showing logs for build [32msalaboy-fmtok8s-api-gateway-pr-8c859-2[0m stage [32mfrom-build-pack[0m and container [32mworking-dir-initializer[0m

Showing logs for build [32msalaboy-fmtok8s-api-gateway-pr-8c859-2[0m stage [32mfrom-build-pack[0m and container [32mplace-tools[0m

Showing logs for build [32msalaboy-fmtok8s-api-gateway-pr-8c859-2[0m stage [32mfrom-build-pack[0m and container [32mstep-git-source-salaboy-fmtok8s-api-gateway-pr-8c859-xfbmq[0m
{"level":"info","ts":1598868798.8259318,"caller":"git/git.go:105","msg":"Successfully cloned https://github.com/*******/fmtok8s-api-gateway.git @ master in path /workspace/source"}
{"level":"warn","ts":1598868798.826045,"caller":"git/git.go:152","msg":"Unexpected error: creating symlink: symlink /tekton/home/.ssh /root/.ssh: file exists"}
{"level":"info","ts":1598868798.8679948,"caller":"git/git.go:133","msg":"Successfully initialized and updated submodules in path /workspace/source"}

Showing logs for build [32msalaboy-fmtok8s-api-gateway-pr-8c859-2[0m stage [32mfrom-build-pack[0m and container [32mstep-setup-builder-home[0m

Showing logs for build [32msalaboy-fmtok8s-api-gateway-pr-8c859-2[0m stage [32mfrom-build-pack[0m and container [32mstep-git-merge[0m
Using SHAs from PULL_REFS=master:dc8c21b8e33b4b6ee50be583ca7acf1935fdf452,13:2fc7ebd5b941bbd88161a3007a1abba1a85562cd
DEBUG: LC_ALL=C JX_LOG_LEVEL=error git fetch origin --unshallow 2fc7ebd5b941bbd88161a3007a1abba1a85562cd: dc8c21b8e33b4b6ee50be583ca7acf1935fdf452:
DEBUG: ran git fetch --unshallow origin 2fc7ebd5b941bbd88161a3007a1abba1a85562cd: dc8c21b8e33b4b6ee50be583ca7acf1935fdf452: in 
DEBUG: JX_LOG_LEVEL=error LC_ALL=C git branch
DEBUG: LC_ALL=C JX_LOG_LEVEL=error git checkout master
DEBUG: ran git checkout master in 
DEBUG: LC_ALL=C JX_LOG_LEVEL=error git reset --hard dc8c21b8e33b4b6ee50be583ca7acf1935fdf452
DEBUG: ran git reset --hard dc8c21b8e33b4b6ee50be583ca7acf1935fdf452 in 
DEBUG: LC_ALL=C JX_LOG_LEVEL=error git clean -fd .
DEBUG: ran clean --force -d . in 
DEBUG: LC_ALL=C JX_LOG_LEVEL=error git merge 2fc7ebd5b941bbd88161a3007a1abba1a85562cd
DEBUG: ran git merge 2fc7ebd5b941bbd88161a3007a1abba1a85562cd in 
DEBUG: LC_ALL=C JX_LOG_LEVEL=error git log --format=%H%x1f%an%x1f%ae%x1f%cn%x1f%ce%x1f%s%n%b%x1e dc8c21b8e33b4b6ee50be583ca7acf1935fdf452..HEAD
Merged SHA 2fc7ebd5b941bbd88161a3007a1abba1a85562cd with commit message 'making the website more friendly' into base branch master

Showing logs for build [32msalaboy-fmtok8s-api-gateway-pr-8c859-2[0m stage [32mfrom-build-pack[0m and container [32mstep-build-set-version[0m
Picked up _JAVA_OPTIONS: -XX:+UnlockExperimentalVMOptions -Dsun.zip.disableMemoryMapping=true -XX:+UseParallelGC -XX:MinHeapFreeRatio=5 -XX:MaxHeapFreeRatio=10 -XX:GCTimeRatio=4 -XX:AdaptiveSizePolicyWeight=90 -Xms10m -Xmx192m
[INFO] Scanning for projects...
[INFO] 
[INFO] ------------< com.*******.conferences:fmtok8s-api-gateway >-------------
[INFO] Building FMTOK8S :: API Gateway 0.0.1-SNAPSHOT
[INFO] --------------------------------[ jar ]---------------------------------
[INFO] 
[INFO] --- versions-maven-plugin:2.7:set (default-cli) @ fmtok8s-api-gateway ---
[INFO] Searching for local aggregator root...
[INFO] Local aggregation root: /workspace/source
[INFO] Processing change of com.*******.conferences:fmtok8s-api-gateway:0.0.1-SNAPSHOT -> 0.0.0-SNAPSHOT-PR-13-2
[INFO] Processing com.*******.conferences:fmtok8s-api-gateway
[INFO]     Updating project com.*******.conferences:fmtok8s-api-gateway
[INFO]         from version 0.0.1-SNAPSHOT to 0.0.0-SNAPSHOT-PR-13-2
[INFO] 
[INFO] ------------------------------------------------------------------------
[INFO] BUILD SUCCESS
[INFO] ------------------------------------------------------------------------
[INFO] Total time:  17.203 s
[INFO] Finished at: 2020-08-31T10:13:42Z
[INFO] ------------------------------------------------------------------------

Showing logs for build [32msalaboy-fmtok8s-api-gateway-pr-8c859-2[0m stage [32mfrom-build-pack[0m and container [32mstep-build-mvn-install[0m
Picked up _JAVA_OPTIONS: -XX:+UnlockExperimentalVMOptions -Dsun.zip.disableMemoryMapping=true -XX:+UseParallelGC -XX:MinHeapFreeRatio=5 -XX:MaxHeapFreeRatio=10 -XX:GCTimeRatio=4 -XX:AdaptiveSizePolicyWeight=90 -Xms10m -Xmx192m
[INFO] Scanning for projects...
[INFO] 
[INFO] ------------< com.*******.conferences:fmtok8s-api-gateway >-------------
[INFO] Building FMTOK8S :: API Gateway 0.0.0-SNAPSHOT-PR-13-2
[INFO] --------------------------------[ jar ]---------------------------------
[INFO] 
[INFO] --- maven-resources-plugin:3.1.0:resources (default-resources) @ fmtok8s-api-gateway ---
[INFO] Using 'UTF-8' encoding to copy filtered resources.
[INFO] Copying 1 resource
[INFO] Copying 16 resources
[INFO] 
[INFO] --- maven-compiler-plugin:3.8.1:compile (default-compile) @ fmtok8s-api-gateway ---
[INFO] Changes detected - recompiling the module!
[INFO] Compiling 5 source files to /workspace/source/target/classes
[INFO] 
[INFO] --- maven-resources-plugin:3.1.0:testResources (default-testResources) @ fmtok8s-api-gateway ---
[INFO] Using 'UTF-8' encoding to copy filtered resources.
[INFO] skip non existing resourceDirectory /workspace/source/src/test/resources
[INFO] 
[INFO] --- maven-compiler-plugin:3.8.1:testCompile (default-testCompile) @ fmtok8s-api-gateway ---
[INFO] Changes detected - recompiling the module!
[INFO] Compiling 2 source files to /workspace/source/target/test-classes
[INFO] 
[INFO] --- maven-surefire-plugin:3.0.0-M1:test (default-test) @ fmtok8s-api-gateway ---
[INFO] 
[INFO] -------------------------------------------------------
[INFO]  T E S T S
[INFO] -------------------------------------------------------
[WARNING] Corrupted STDOUT by directly writing to native stream in forked JVM 1. See FAQ web page and the dump file /workspace/source/target/surefire-reports/2020-08-31T10-14-10_497-jvmRun1.dumpstream
10:14:15.603 [main] DEBUG org.springframework.test.context.junit4.SpringJUnit4ClassRunner - SpringJUnit4ClassRunner constructor called with [class com.*******.conferences.site.C4PApisTests]
10:14:15.604 [main] DEBUG org.springframework.test.context.BootstrapUtils - Instantiating CacheAwareContextLoaderDelegate from class [org.springframework.test.context.cache.DefaultCacheAwareContextLoaderDelegate]
10:14:15.604 [main] DEBUG org.springframework.test.context.BootstrapUtils - Instantiating BootstrapContext using constructor [public org.springframework.test.context.support.DefaultBootstrapContext(java.lang.Class,org.springframework.test.context.CacheAwareContextLoaderDelegate)]
10:14:15.605 [main] DEBUG org.springframework.test.context.BootstrapUtils - Instantiating TestContextBootstrapper for test class [com.*******.conferences.site.C4PApisTests] from class [org.springframework.boot.test.context.SpringBootTestContextBootstrapper]
10:14:15.606 [main] INFO org.springframework.boot.test.context.SpringBootTestContextBootstrapper - Neither @ContextConfiguration nor @ContextHierarchy found for test class [com.*******.conferences.site.C4PApisTests], using SpringBootContextLoader
10:14:15.607 [main] DEBUG org.springframework.test.context.support.AbstractContextLoader - Did not detect default resource location for test class [com.*******.conferences.site.C4PApisTests]: class path resource [com/*******/conferences/site/C4PApisTests-context.xml] does not exist
10:14:15.608 [main] DEBUG org.springframework.test.context.support.AbstractContextLoader - Did not detect default resource location for test class [com.*******.conferences.site.C4PApisTests]: class path resource [com/*******/conferences/site/C4PApisTestsContext.groovy] does not exist
10:14:15.608 [main] INFO org.springframework.test.context.support.AbstractContextLoader - Could not detect default resource locations for test class [com.*******.conferences.site.C4PApisTests]: no resource found for suffixes {-context.xml, Context.groovy}.
10:14:15.608 [main] INFO org.springframework.test.context.support.AnnotationConfigContextLoaderUtils - Could not detect default configuration classes for test class [com.*******.conferences.site.C4PApisTests]: C4PApisTests does not declare any static, non-private, non-final, nested classes annotated with @Configuration.
10:14:15.684 [main] DEBUG org.springframework.test.context.support.ActiveProfilesUtils - Could not find an 'annotation declaring class' for annotation type [org.springframework.test.context.ActiveProfiles] and class [com.*******.conferences.site.C4PApisTests]
10:14:15.685 [main] INFO org.springframework.boot.test.context.SpringBootTestContextBootstrapper - Found @SpringBootConfiguration com.*******.conferences.site.ApiGatewayService for test class com.*******.conferences.site.C4PApisTests
10:14:15.689 [main] DEBUG org.springframework.boot.test.context.SpringBootTestContextBootstrapper - @TestExecutionListeners is not present for class [com.*******.conferences.site.C4PApisTests]: using defaults.
10:14:15.690 [main] INFO org.springframework.boot.test.context.SpringBootTestContextBootstrapper - Loaded default TestExecutionListener class names from location [META-INF/spring.factories]: [org.springframework.boot.test.mock.mockito.MockitoTestExecutionListener, org.springframework.boot.test.mock.mockito.ResetMocksTestExecutionListener, org.springframework.boot.test.autoconfigure.restdocs.RestDocsTestExecutionListener, org.springframework.boot.test.autoconfigure.web.client.MockRestServiceServerResetTestExecutionListener, org.springframework.boot.test.autoconfigure.web.servlet.MockMvcPrintOnlyOnFailureTestExecutionListener, org.springframework.boot.test.autoconfigure.web.servlet.WebDriverTestExecutionListener, org.springframework.boot.test.autoconfigure.webservices.client.MockWebServiceServerTestExecutionListener, org.springframework.test.context.web.ServletTestExecutionListener, org.springframework.test.context.support.DirtiesContextBeforeModesTestExecutionListener, org.springframework.test.context.support.DependencyInjectionTestExecutionListener, org.springframework.test.context.support.DirtiesContextTestExecutionListener, org.springframework.test.context.transaction.TransactionalTestExecutionListener, org.springframework.test.context.jdbc.SqlScriptsTestExecutionListener, org.springframework.test.context.event.EventPublishingTestExecutionListener, org.springframework.cloud.contract.wiremock.WireMockTestExecutionListener, org.springframework.cloud.contract.stubrunner.provider.wiremock.StubRunnerWireMockTestExecutionListener]
10:14:15.691 [main] DEBUG org.springframework.boot.test.context.SpringBootTestContextBootstrapper - Skipping candidate TestExecutionListener [org.springframework.test.context.web.ServletTestExecutionListener] due to a missing dependency. Specify custom listener classes or make the default listener classes and their required dependencies available. Offending class: [javax/servlet/ServletContext]
10:14:15.692 [main] DEBUG org.springframework.boot.test.context.SpringBootTestContextBootstrapper - Skipping candidate TestExecutionListener [org.springframework.test.context.transaction.TransactionalTestExecutionListener] due to a missing dependency. Specify custom listener classes or make the default listener classes and their required dependencies available. Offending class: [org/springframework/transaction/TransactionDefinition]
10:14:15.692 [main] DEBUG org.springframework.boot.test.context.SpringBootTestContextBootstrapper - Skipping candidate TestExecutionListener [org.springframework.test.context.jdbc.SqlScriptsTestExecutionListener] due to a missing dependency. Specify custom listener classes or make the default listener classes and their required dependencies available. Offending class: [org/springframework/transaction/interceptor/TransactionAttribute]
10:14:15.693 [main] INFO org.springframework.boot.test.context.SpringBootTestContextBootstrapper - Using TestExecutionListeners: [org.springframework.test.context.support.DirtiesContextBeforeModesTestExecutionListener@f001896, org.springframework.boot.test.mock.mockito.MockitoTestExecutionListener@13f17eb4, org.springframework.boot.test.autoconfigure.SpringBootDependencyInjectionTestExecutionListener@1d0d6318, org.springframework.test.context.support.DirtiesContextTestExecutionListener@4bc28c33, org.springframework.test.context.event.EventPublishingTestExecutionListener@4409e975, org.springframework.boot.test.mock.mockito.ResetMocksTestExecutionListener@5c153b9e, org.springframework.boot.test.autoconfigure.restdocs.RestDocsTestExecutionListener@2a7686a7, org.springframework.boot.test.autoconfigure.web.client.MockRestServiceServerResetTestExecutionListener@758a34ce, org.springframework.boot.test.autoconfigure.web.servlet.MockMvcPrintOnlyOnFailureTestExecutionListener@7ec3394b, org.springframework.boot.test.autoconfigure.web.servlet.WebDriverTestExecutionListener@bff34c6, org.springframework.boot.test.autoconfigure.webservices.client.MockWebServiceServerTestExecutionListener@1522d8a0, org.springframework.cloud.contract.wiremock.WireMockTestExecutionListener@312ab28e, org.springframework.cloud.contract.stubrunner.provider.wiremock.StubRunnerWireMockTestExecutionListener@5644dc81]
10:14:15.693 [main] DEBUG org.springframework.test.annotation.ProfileValueUtils - Retrieved @ProfileValueSourceConfiguration [null] for test class [com.*******.conferences.site.C4PApisTests]
10:14:15.693 [main] DEBUG org.springframework.test.annotation.ProfileValueUtils - Retrieved ProfileValueSource type [class org.springframework.test.annotation.SystemProfileValueSource] for class [com.*******.conferences.site.C4PApisTests]
10:14:15.693 [main] DEBUG org.springframework.test.annotation.ProfileValueUtils - Retrieved @ProfileValueSourceConfiguration [null] for test class [com.*******.conferences.site.C4PApisTests]
10:14:15.694 [main] DEBUG org.springframework.test.annotation.ProfileValueUtils - Retrieved ProfileValueSource type [class org.springframework.test.annotation.SystemProfileValueSource] for class [com.*******.conferences.site.C4PApisTests]
10:14:15.694 [main] DEBUG org.springframework.test.annotation.ProfileValueUtils - Retrieved @ProfileValueSourceConfiguration [null] for test class [com.*******.conferences.site.C4PApisTests]
10:14:15.694 [main] DEBUG org.springframework.test.annotation.ProfileValueUtils - Retrieved ProfileValueSource type [class org.springframework.test.annotation.SystemProfileValueSource] for class [com.*******.conferences.site.C4PApisTests]
10:14:15.695 [main] DEBUG org.springframework.test.context.junit4.SpringJUnit4ClassRunner - SpringJUnit4ClassRunner constructor called with [class com.*******.conferences.site.ApiGatewayServiceTests]
10:14:15.695 [main] DEBUG org.springframework.test.context.BootstrapUtils - Instantiating CacheAwareContextLoaderDelegate from class [org.springframework.test.context.cache.DefaultCacheAwareContextLoaderDelegate]
10:14:15.695 [main] DEBUG org.springframework.test.context.BootstrapUtils - Instantiating BootstrapContext using constructor [public org.springframework.test.context.support.DefaultBootstrapContext(java.lang.Class,org.springframework.test.context.CacheAwareContextLoaderDelegate)]
10:14:15.696 [main] DEBUG org.springframework.test.context.BootstrapUtils - Instantiating TestContextBootstrapper for test class [com.*******.conferences.site.ApiGatewayServiceTests] from class [org.springframework.boot.test.context.SpringBootTestContextBootstrapper]
10:14:15.697 [main] INFO org.springframework.boot.test.context.SpringBootTestContextBootstrapper - Neither @ContextConfiguration nor @ContextHierarchy found for test class [com.*******.conferences.site.ApiGatewayServiceTests], using SpringBootContextLoader
10:14:15.697 [main] DEBUG org.springframework.test.context.support.AbstractContextLoader - Did not detect default resource location for test class [com.*******.conferences.site.ApiGatewayServiceTests]: class path resource [com/*******/conferences/site/ApiGatewayServiceTests-context.xml] does not exist
10:14:15.698 [main] DEBUG org.springframework.test.context.support.AbstractContextLoader - Did not detect default resource location for test class [com.*******.conferences.site.ApiGatewayServiceTests]: class path resource [com/*******/conferences/site/ApiGatewayServiceTestsContext.groovy] does not exist
10:14:15.698 [main] INFO org.springframework.test.context.support.AbstractContextLoader - Could not detect default resource locations for test class [com.*******.conferences.site.ApiGatewayServiceTests]: no resource found for suffixes {-context.xml, Context.groovy}.
10:14:15.699 [main] INFO org.springframework.test.context.support.AnnotationConfigContextLoaderUtils - Could not detect default configuration classes for test class [com.*******.conferences.site.ApiGatewayServiceTests]: ApiGatewayServiceTests does not declare any static, non-private, non-final, nested classes annotated with @Configuration.
10:14:15.700 [main] DEBUG org.springframework.test.context.support.ActiveProfilesUtils - Could not find an 'annotation declaring class' for annotation type [org.springframework.test.context.ActiveProfiles] and class [com.*******.conferences.site.ApiGatewayServiceTests]
10:14:15.701 [main] INFO org.springframework.boot.test.context.SpringBootTestContextBootstrapper - Found @SpringBootConfiguration com.*******.conferences.site.ApiGatewayService for test class com.*******.conferences.site.ApiGatewayServiceTests
10:14:15.705 [main] DEBUG org.springframework.boot.test.context.SpringBootTestContextBootstrapper - @TestExecutionListeners is not present for class [com.*******.conferences.site.ApiGatewayServiceTests]: using defaults.
10:14:15.705 [main] INFO org.springframework.boot.test.context.SpringBootTestContextBootstrapper - Loaded default TestExecutionListener class names from location [META-INF/spring.factories]: [org.springframework.boot.test.mock.mockito.MockitoTestExecutionListener, org.springframework.boot.test.mock.mockito.ResetMocksTestExecutionListener, org.springframework.boot.test.autoconfigure.restdocs.RestDocsTestExecutionListener, org.springframework.boot.test.autoconfigure.web.client.MockRestServiceServerResetTestExecutionListener, org.springframework.boot.test.autoconfigure.web.servlet.MockMvcPrintOnlyOnFailureTestExecutionListener, org.springframework.boot.test.autoconfigure.web.servlet.WebDriverTestExecutionListener, org.springframework.boot.test.autoconfigure.webservices.client.MockWebServiceServerTestExecutionListener, org.springframework.test.context.web.ServletTestExecutionListener, org.springframework.test.context.support.DirtiesContextBeforeModesTestExecutionListener, org.springframework.test.context.support.DependencyInjectionTestExecutionListener, org.springframework.test.context.support.DirtiesContextTestExecutionListener, org.springframework.test.context.transaction.TransactionalTestExecutionListener, org.springframework.test.context.jdbc.SqlScriptsTestExecutionListener, org.springframework.test.context.event.EventPublishingTestExecutionListener, org.springframework.cloud.contract.wiremock.WireMockTestExecutionListener, org.springframework.cloud.contract.stubrunner.provider.wiremock.StubRunnerWireMockTestExecutionListener]
10:14:15.706 [main] DEBUG org.springframework.boot.test.context.SpringBootTestContextBootstrapper - Skipping candidate TestExecutionListener [org.springframework.test.context.web.ServletTestExecutionListener] due to a missing dependency. Specify custom listener classes or make the default listener classes and their required dependencies available. Offending class: [javax/servlet/ServletContext]
10:14:15.707 [main] DEBUG org.springframework.boot.test.context.SpringBootTestContextBootstrapper - Skipping candidate TestExecutionListener [org.springframework.test.context.transaction.TransactionalTestExecutionListener] due to a missing dependency. Specify custom listener classes or make the default listener classes and their required dependencies available. Offending class: [org/springframework/transaction/TransactionDefinition]
10:14:15.707 [main] DEBUG org.springframework.boot.test.context.SpringBootTestContextBootstrapper - Skipping candidate TestExecutionListener [org.springframework.test.context.jdbc.SqlScriptsTestExecutionListener] due to a missing dependency. Specify custom listener classes or make the default listener classes and their required dependencies available. Offending class: [org/springframework/transaction/interceptor/TransactionAttribute]
10:14:15.708 [main] INFO org.springframework.boot.test.context.SpringBootTestContextBootstrapper - Using TestExecutionListeners: [org.springframework.test.context.support.DirtiesContextBeforeModesTestExecutionListener@4351c8c3, org.springframework.boot.test.mock.mockito.MockitoTestExecutionListener@3381b4fc, org.springframework.boot.test.autoconfigure.SpringBootDependencyInjectionTestExecutionListener@6bea52d4, org.springframework.test.context.support.DirtiesContextTestExecutionListener@11981797, org.springframework.test.context.event.EventPublishingTestExecutionListener@5c42d2b7, org.springframework.boot.test.mock.mockito.ResetMocksTestExecutionListener@625abb97, org.springframework.boot.test.autoconfigure.restdocs.RestDocsTestExecutionListener@5b1f29fa, org.springframework.boot.test.autoconfigure.web.client.MockRestServiceServerResetTestExecutionListener@aeab9a1, org.springframework.boot.test.autoconfigure.web.servlet.MockMvcPrintOnlyOnFailureTestExecutionListener@40f70521, org.springframework.boot.test.autoconfigure.web.servlet.WebDriverTestExecutionListener@774698ab, org.springframework.boot.test.autoconfigure.webservices.client.MockWebServiceServerTestExecutionListener@55342f40, org.springframework.cloud.contract.wiremock.WireMockTestExecutionListener@a4ca3f6, org.springframework.cloud.contract.stubrunner.provider.wiremock.StubRunnerWireMockTestExecutionListener@72ea6193]
10:14:15.708 [main] DEBUG org.springframework.test.annotation.ProfileValueUtils - Retrieved @ProfileValueSourceConfiguration [null] for test class [com.*******.conferences.site.ApiGatewayServiceTests]
10:14:15.708 [main] DEBUG org.springframework.test.annotation.ProfileValueUtils - Retrieved ProfileValueSource type [class org.springframework.test.annotation.SystemProfileValueSource] for class [com.*******.conferences.site.ApiGatewayServiceTests]
10:14:15.709 [main] DEBUG org.springframework.test.annotation.ProfileValueUtils - Retrieved @ProfileValueSourceConfiguration [null] for test class [com.*******.conferences.site.ApiGatewayServiceTests]
10:14:15.709 [main] DEBUG org.springframework.test.annotation.ProfileValueUtils - Retrieved ProfileValueSource type [class org.springframework.test.annotation.SystemProfileValueSource] for class [com.*******.conferences.site.ApiGatewayServiceTests]
10:14:15.709 [main] DEBUG org.springframework.test.annotation.ProfileValueUtils - Retrieved @ProfileValueSourceConfiguration [null] for test class [com.*******.conferences.site.ApiGatewayServiceTests]
10:14:15.709 [main] DEBUG org.springframework.test.annotation.ProfileValueUtils - Retrieved ProfileValueSource type [class org.springframework.test.annotation.SystemProfileValueSource] for class [com.*******.conferences.site.ApiGatewayServiceTests]
10:14:16.124 [main] DEBUG org.springframework.test.annotation.ProfileValueUtils - Retrieved @ProfileValueSourceConfiguration [null] for test class [com.*******.conferences.site.C4PApisTests]
10:14:16.124 [main] DEBUG org.springframework.test.annotation.ProfileValueUtils - Retrieved ProfileValueSource type [class org.springframework.test.annotation.SystemProfileValueSource] for class [com.*******.conferences.site.C4PApisTests]
[INFO] Running com.*******.conferences.site.C4PApisTests
10:14:16.127 [main] DEBUG org.springframework.test.annotation.ProfileValueUtils - Retrieved @ProfileValueSourceConfiguration [null] for test class [com.*******.conferences.site.C4PApisTests]
10:14:16.128 [main] DEBUG org.springframework.test.annotation.ProfileValueUtils - Retrieved ProfileValueSource type [class org.springframework.test.annotation.SystemProfileValueSource] for class [com.*******.conferences.site.C4PApisTests]
10:14:16.128 [main] DEBUG org.springframework.test.annotation.ProfileValueUtils - Retrieved @ProfileValueSourceConfiguration [null] for test class [com.*******.conferences.site.C4PApisTests]
10:14:16.128 [main] DEBUG org.springframework.test.annotation.ProfileValueUtils - Retrieved ProfileValueSource type [class org.springframework.test.annotation.SystemProfileValueSource] for class [com.*******.conferences.site.C4PApisTests]
10:14:16.137 [main] DEBUG org.springframework.test.context.support.AbstractDirtiesContextTestExecutionListener - Before test class: context [DefaultTestContext@62fe6067 testClass = C4PApisTests, testInstance = [null], testMethod = [null], testException = [null], mergedContextConfiguration = [ReactiveWebMergedContextConfiguration@4f071df8 testClass = C4PApisTests, locations = '{}', classes = '{class com.*******.conferences.site.ApiGatewayService}', contextInitializerClasses = '[]', activeProfiles = '{}', propertySourceLocations = '{}', propertySourceProperties = '{org.springframework.boot.test.context.SpringBootTestContextBootstrapper=true}', contextCustomizers = set[[ImportsContextCustomizer@4de41af9 key = [org.springframework.boot.test.autoconfigure.web.servlet.MockMvcAutoConfiguration, org.springframework.boot.test.autoconfigure.web.servlet.MockMvcWebClientAutoConfiguration, org.springframework.boot.test.autoconfigure.web.servlet.MockMvcWebDriverAutoConfiguration, org.springframework.boot.autoconfigure.security.oauth2.client.servlet.OAuth2ClientAutoConfiguration, org.springframework.boot.autoconfigure.security.oauth2.resource.servlet.OAuth2ResourceServerAutoConfiguration, org.springframework.boot.autoconfigure.security.servlet.SecurityAutoConfiguration, org.springframework.boot.autoconfigure.security.servlet.SecurityFilterAutoConfiguration, org.springframework.boot.autoconfigure.security.servlet.UserDetailsServiceAutoConfiguration, org.springframework.boot.test.autoconfigure.web.servlet.MockMvcSecurityConfiguration, org.springframework.boot.test.autoconfigure.json.JsonTestersAutoConfiguration, org.springframework.boot.autoconfigure.gson.GsonAutoConfiguration, org.springframework.boot.autoconfigure.jackson.JacksonAutoConfiguration, org.springframework.boot.autoconfigure.jsonb.JsonbAutoConfiguration, org.springframework.cloud.contract.stubrunner.spring.StubRunnerConfiguration, org.springframework.cloud.contract.stubrunner.spring.cloud.StubRunnerSpringCloudAutoConfiguration, org.springframework.cloud.contract.stubrunner.spring.cloud.loadbalancer.SpringCloudLoadBalancerAutoConfiguration, org.springframework.cloud.contract.stubrunner.spring.cloud.ribbon.StubRunnerRibbonAutoConfiguration, org.springframework.cloud.contract.stubrunner.messaging.integration.StubRunnerIntegrationConfiguration, org.springframework.cloud.contract.stubrunner.messaging.jms.StubRunnerJmsConfiguration, org.springframework.cloud.contract.stubrunner.messaging.stream.StubRunnerStreamConfiguration, org.springframework.cloud.contract.stubrunner.spring.cloud.zookeeper.StubRunnerSpringCloudZookeeperAutoConfiguration, org.springframework.cloud.contract.stubrunner.spring.cloud.eureka.StubRunnerSpringCloudEurekaAutoConfiguration, org.springframework.cloud.contract.stubrunner.spring.cloud.consul.StubRunnerSpringCloudConsulAutoConfiguration, org.springframework.cloud.contract.stubrunner.messaging.StubRunnerStreamsIntegrationAutoConfiguration, org.springframework.cloud.contract.stubrunner.messaging.camel.StubRunnerCamelConfiguration, org.springframework.cloud.contract.verifier.messaging.stream.ContractVerifierStreamAutoConfiguration, org.springframework.cloud.contract.verifier.messaging.integration.ContractVerifierIntegrationConfiguration, org.springframework.cloud.contract.verifier.messaging.amqp.ContractVerifierAmqpAutoConfiguration, org.springframework.cloud.contract.verifier.messaging.amqp.RabbitMockConnectionFactoryAutoConfiguration, org.springframework.cloud.contract.verifier.messaging.camel.ContractVerifierCamelConfiguration, org.springframework.cloud.contract.verifier.messaging.jms.ContractVerifierJmsConfiguration, org.springframework.cloud.contract.verifier.messaging.kafka.ContractVerifierKafkaConfiguration, org.springframework.cloud.contract.verifier.messaging.noop.NoOpContractVerifierAutoConfiguration]], org.springframework.boot.test.context.filter.ExcludeFilterContextCustomizer@7283d3eb, org.springframework.boot.test.json.DuplicateJsonObjectContextCustomizerFactory$DuplicateJsonObjectContextCustomizer@3f1d2e23, org.springframework.boot.test.mock.mocki
to.MockitoContextCustomizer@0, org.springframework.boot.test.web.client.TestRestTemplateContextCustomizer@13d9cbf5, org.springframework.boot.test.web.reactive.server.WebTestClientContextCustomizer@1e13529a, org.springframework.boot.test.autoconfigure.properties.PropertyMappingContextCustomizer@3a49f0e4, org.springframework.boot.test.autoconfigure.web.servlet.WebDriverContextCustomizerFactory$Customizer@14f232c4, org.springframework.boot.test.context.SpringBootTestArgs@1], contextLoader = 'org.springframework.boot.test.context.SpringBootContextLoader', parent = [null]], attributes = map[[empty]]], class annotated with @DirtiesContext [true] with mode [AFTER_CLASS].
10:14:16.301 [main] DEBUG org.springframework.test.context.support.TestPropertySourceUtils - Adding inlined properties to environment: {spring.jmx.enabled=false, org.springframework.boot.test.context.SpringBootTestContextBootstrapper=true}

  .   ____          _            __ _ _
 /\\ / ___'_ __ _ _(_)_ __  __ _ \ \ \ \
( ( )\___ | '_ | '_| | '_ \/ _` | \ \ \ \
 \\/  ___)| |_)| | | | | || (_| |  ) ) ) )
  '  |____| .__|_| |_|_| |_\__, | / / / /
 =========|_|==============|___/=/_/_/_/
 :: Spring Boot ::        (v2.3.3.RELEASE)

2020-08-31 10:14:20.090  INFO 68 --- [           main] c.*******.conferences.site.C4PApisTests  : No active profile set, falling back to default profiles: default
2020-08-31 10:14:22.394 TRACE 68 --- [           main] Configuration$OnVerboseDisabledCondition : Condition GatewayAutoConfiguration.OnVerboseDisabledCondition on org.springframework.cloud.gateway.config.GatewayAutoConfiguration$GatewayActuatorConfiguration#gatewayLegacyControllerEndpoint did not match due to NoneNestedConditions 1 matched 0 did not; NestedCondition on GatewayAutoConfiguration.OnVerboseDisabledCondition.VerboseDisabled @ConditionalOnProperty (spring.cloud.gateway.actuator.verbose.enabled) matched
2020-08-31 10:14:23.596  INFO 68 --- [           main] o.s.cloud.context.scope.GenericScope     : BeanFactory id=e48c363a-c5fc-3593-87a3-d8968f233a44
2020-08-31 10:14:23.994  INFO 68 --- [           main] trationDelegate$BeanPostProcessorChecker : Bean 'org.springframework.cloud.contract.stubrunner.spring.StubRunnerConfiguration' of type [org.springframework.cloud.contract.stubrunner.spring.StubRunnerConfiguration] is not eligible for getting processed by all BeanPostProcessors (for example: not eligible for auto-proxying)
2020-08-31 10:14:24.086  INFO 68 --- [           main] trationDelegate$BeanPostProcessorChecker : Bean 'stubrunner-org.springframework.cloud.contract.stubrunner.spring.StubRunnerProperties' of type [org.springframework.cloud.contract.stubrunner.spring.StubRunnerProperties] is not eligible for getting processed by all BeanPostProcessors (for example: not eligible for auto-proxying)
2020-08-31 10:14:24.094  INFO 68 --- [           main] o.s.c.c.s.AetherStubDownloaderBuilder    : Will download stubs and contracts via Aether
2020-08-31 10:14:24.344  INFO 68 --- [           main] o.s.c.c.stubrunner.AetherStubDownloader  : Desired version is [+] - will try to resolve the latest version
2020-08-31 10:14:25.288  INFO 68 --- [           main] o.s.c.c.stubrunner.AetherStubDownloader  : Resolved version is [0.0.50]
2020-08-31 10:14:25.302  INFO 68 --- [           main] o.s.c.c.stubrunner.AetherStubDownloader  : Resolved artifact [com.*******.conferences:fmtok8s-c4p:jar:stubs:0.0.50] to /tmp/aether-local18077084730946317478/com/*******/conferences/fmtok8s-c4p/0.0.50/fmtok8s-c4p-0.0.50-stubs.jar
2020-08-31 10:14:25.303  INFO 68 --- [           main] o.s.c.c.stubrunner.AetherStubDownloader  : Unpacking stub from JAR [URI: file:/tmp/aether-local18077084730946317478/com/*******/conferences/fmtok8s-c4p/0.0.50/fmtok8s-c4p-0.0.50-stubs.jar]
2020-08-31 10:14:25.308  INFO 68 --- [           main] o.s.c.c.stubrunner.AetherStubDownloader  : Unpacked file to [/tmp/contracts-1598868865302-0]
2020-08-31 10:14:27.914  INFO 68 --- [           main] wiremock.org.eclipse.jetty.util.log      : Logging initialized @16606ms to wiremock.org.eclipse.jetty.util.log.Slf4jLog
2020-08-31 10:14:28.006  WARN 68 --- [           main] w.o.e.jetty.server.AbstractConnector     : Acceptors should be <= availableProcessors: NetworkTrafficServerConnector@c2f7c63{HTTP/1.1,[http/1.1]}{0.0.0.0:0}
2020-08-31 10:14:28.205  INFO 68 --- [           main] w.org.eclipse.jetty.server.Server        : jetty-9.4.20.v20190813; built: 2019-08-13T21:28:18.144Z; git: 84700530e645e812b336747464d6fbbf370c9a20; jvm 11.0.2+9
2020-08-31 10:14:28.229  INFO 68 --- [           main] w.o.e.j.server.handler.ContextHandler    : Started w.o.e.j.s.ServletContextHandler@23263ba{/__*****,null,AVAILABLE}
2020-08-31 10:14:28.231  INFO 68 --- [           main] w.o.e.j.server.handler.ContextHandler    : Started w.o.e.j.s.ServletContextHandler@36ab69d9{/,null,AVAILABLE}
2020-08-31 10:14:28.298  INFO 68 --- [           main] w.o.e.jetty.server.AbstractConnector     : Started NetworkTrafficServerConnector@c2f7c63{HTTP/1.1,[http/1.1]}{0.0.0.0:12267}
2020-08-31 10:14:28.298  INFO 68 --- [           main] w.org.eclipse.jetty.server.Server        : Started @16991ms
2020-08-31 10:14:29.421  INFO 68 --- [qtp307476514-23] w.o.e.j.s.h.ContextHandler.__*****       : RequestHandlerClass from context returned com.github.tomakehurst.wiremock.http.AdminRequestHandler. Normalized mapped under returned 'null'
2020-08-31 10:14:29.507  INFO 68 --- [qtp307476514-23] WireMock                                 : Admin request received:
127.0.0.1 - POST /mappings

Connection: [keep-alive]
User-Agent: [Apache-HttpClient/4.5.6 (Java/11.0.2)]
Host: [localhost:12267]
Content-Length: [225]
Content-Type: [text/plain; charset=UTF-8]
{
  "id" : "26bce14f-42ad-4e8a-9ad4-bb254b7d2ac6",
  "request" : {
    "url" : "/ping",
    "method" : "GET"
  },
  "response" : {
    "status" : 200,
    "body" : "OK"
  },
  "uuid" : "26bce14f-42ad-4e8a-9ad4-bb254b7d2ac6"
}

2020-08-31 10:14:29.782  INFO 68 --- [qtp307476514-20] WireMock                                 : Admin request received:
127.0.0.1 - POST /mappings

Connection: [keep-alive]
User-Agent: [Apache-HttpClient/4.5.6 (Java/11.0.2)]
Host: [localhost:12267]
Content-Length: [227]
Content-Type: [text/plain; charset=UTF-8]
{
  "id" : "4f7e3aae-85f7-4568-aa71-d519a96f4965",
  "request" : {
    "url" : "/health",
    "method" : "GET"
  },
  "response" : {
    "status" : 200,
    "body" : "OK"
  },
  "uuid" : "4f7e3aae-85f7-4568-aa71-d519a96f4965"
}

2020-08-31 10:14:30.119  INFO 68 --- [qtp307476514-26] WireMock                                 : Admin request received:
127.0.0.1 - POST /mappings

Connection: [keep-alive]
User-Agent: [Apache-HttpClient/4.5.6 (Java/11.0.2)]
Host: [localhost:12267]
Content-Length: [979]
Content-Type: [text/plain; charset=UTF-8]
{
  "id" : "c10d9416-3914-45aa-8c3e-99736bab3558",
  "request" : {
    "url" : "/",
    "method" : "POST",
    "headers" : {
      "Content-Type" : {
        "matches" : "application/json.*"
      }
    },
    "bodyPatterns" : [ {
      "matchesJsonPath" : "$[?(@.['title'] =~ /[\\S\\s]+/)]"
    }, {
      "matchesJsonPath" : "$[?(@.['description'] =~ /[\\S\\s]+/)]"
    }, {
      "matchesJsonPath" : "$[?(@.['author'] =~ /[\\S\\s]+/)]"
    }, {
      "matchesJsonPath" : "$[?(@.['email'] =~ /[a-zA-Z0-9._%+-]+@[a-zA-Z0-9.-]+\\.[a-zA-Z]{2,6}/)]"
    } ]
  },
  "response" : {
    "status" : 200,
    "body" : "{\"id\":\"4920d949-c038-4142-8ec5-52dc58997f51\",\"title\":\"BMHNPKIPBTYQOFKKLCHP\",\"description\":\"TCIUDTYUIQCBUSTSMYMO\",\"author\":\"KYMWHARZOBSRPRIFLDVE\",\"email\":\"foo@bar878747886.com\"}",
    "headers" : {
      "Content-Type" : "application/json"
    },
    "transformers" : [ "response-template" ]
  },
  "uuid" : "c10d9416-3914-45aa-8c3e-99736bab3558"
}

2020-08-31 10:14:30.292  INFO 68 --- [           main] o.s.c.contract.stubrunner.StubServer     : Started stub server for project [com.*******.conferences:fmtok8s-c4p:0.0.50:stubs] on port 12267 with [1] mappings
2020-08-31 10:14:30.293  INFO 68 --- [           main] o.s.c.c.stubrunner.StubRunnerExecutor    : All stubs are now running RunningStubs [namesAndPorts={com.*******.conferences:fmtok8s-c4p:0.0.50:stubs=12267}]
2020-08-31 10:14:30.300  INFO 68 --- [           main] trationDelegate$BeanPostProcessorChecker : Bean 'batchStubRunner' of type [org.springframework.cloud.contract.stubrunner.BatchStubRunner] is not eligible for getting processed by all BeanPostProcessors (for example: not eligible for auto-proxying)
2020-08-31 10:14:30.308  INFO 68 --- [           main] trationDelegate$BeanPostProcessorChecker : Bean 'org.springframework.cloud.contract.stubrunner.spring.cloud.StubRunnerSpringCloudAutoConfiguration' of type [org.springframework.cloud.contract.stubrunner.spring.cloud.StubRunnerSpringCloudAutoConfiguration] is not eligible for getting processed by all BeanPostProcessors (for example: not eligible for auto-proxying)
2020-08-31 10:14:33.117 DEBUG 68 --- [           main] o.s.c.gateway.config.GatewayProperties   : Routes supplied from Gateway Properties: [RouteDefinition{id='agenda', predicates=[PredicateDefinition{name='Path', args={_genkey_0=/agenda/**}}], filters=[FilterDefinition{name='RewritePath', args={_genkey_0=/agenda/(?<id>.*), _genkey_1=/$\{id}}}, FilterDefinition{name='CircuitBreaker', args={name=agendaCircuitBreaker, fallbackUri=forward:/api/agendaNotAvailable}}], uri=http://fmtok8s-agenda, order=0, metadata={}}, RouteDefinition{id='c4p', predicates=[PredicateDefinition{name='Path', args={_genkey_0=/c4p/**}}], filters=[FilterDefinition{name='RewritePath', args={_genkey_0=/c4p/(?<id>.*), _genkey_1=/$\{id}}}, FilterDefinition{name='CircuitBreaker', args={name=c4pCircuitBreaker, fallbackUri=forward:/api/c4pNotAvailable}}], uri=http://fmtok8s-c4p, order=0, metadata={}}, RouteDefinition{id='email', predicates=[PredicateDefinition{name='Path', args={_genkey_0=/email/**}}], filters=[FilterDefinition{name='RewritePath', args={_genkey_0=/email/(?<id>.*), _genkey_1=/$\{id}}}, FilterDefinition{name='CircuitBreaker', args={name=c4pCircuitBreaker, fallbackUri=forward:/api/emailNotAvailable}}], uri=http://fmtok8s-email, order=0, metadata={}}, RouteDefinition{id='speakers', predicates=[PredicateDefinition{name='Path', args={_genkey_0=/speakers/**}}], filters=[FilterDefinition{name='RewritePath', args={_genkey_0=/speakers/(?<id>.*), _genkey_1=/$\{id}}}], uri=http://fmtok8s-speakers, order=0, metadata={}}]
2020-08-31 10:14:35.684  INFO 68 --- [           main] o.s.c.g.r.RouteDefinitionRouteLocator    : Loaded RoutePredicateFactory [After]
2020-08-31 10:14:35.684  INFO 68 --- [           main] o.s.c.g.r.RouteDefinitionRouteLocator    : Loaded RoutePredicateFactory [Before]
2020-08-31 10:14:35.684  INFO 68 --- [           main] o.s.c.g.r.RouteDefinitionRouteLocator    : Loaded RoutePredicateFactory [Between]
2020-08-31 10:14:35.684  INFO 68 --- [           main] o.s.c.g.r.RouteDefinitionRouteLocator    : Loaded RoutePredicateFactory [Cookie]
2020-08-31 10:14:35.684  INFO 68 --- [           main] o.s.c.g.r.RouteDefinitionRouteLocator    : Loaded RoutePredicateFactory [Header]
2020-08-31 10:14:35.684  INFO 68 --- [           main] o.s.c.g.r.RouteDefinitionRouteLocator    : Loaded RoutePredicateFactory [Host]
2020-08-31 10:14:35.684  INFO 68 --- [           main] o.s.c.g.r.RouteDefinitionRouteLocator    : Loaded RoutePredicateFactory [Method]
2020-08-31 10:14:35.684  INFO 68 --- [           main] o.s.c.g.r.RouteDefinitionRouteLocator    : Loaded RoutePredicateFactory [Path]
2020-08-31 10:14:35.685  INFO 68 --- [           main] o.s.c.g.r.RouteDefinitionRouteLocator    : Loaded RoutePredicateFactory [Query]
2020-08-31 10:14:35.685  INFO 68 --- [           main] o.s.c.g.r.RouteDefinitionRouteLocator    : Loaded RoutePredicateFactory [ReadBodyPredicateFactory]
2020-08-31 10:14:35.685  INFO 68 --- [           main] o.s.c.g.r.RouteDefinitionRouteLocator    : Loaded RoutePredicateFactory [RemoteAddr]
2020-08-31 10:14:35.685  INFO 68 --- [           main] o.s.c.g.r.RouteDefinitionRouteLocator    : Loaded RoutePredicateFactory [Weight]
2020-08-31 10:14:35.685  INFO 68 --- [           main] o.s.c.g.r.RouteDefinitionRouteLocator    : Loaded RoutePredicateFactory [CloudFoundryRouteService]
2020-08-31 10:14:36.997  INFO 68 --- [           main] o.s.b.a.e.web.EndpointLinksResolver      : Exposing 3 endpoint(s) beneath base path '/actuator'
2020-08-31 10:14:38.728 DEBUG 68 --- [           main] o.s.c.g.r.RouteDefinitionRouteLocator    : RouteDefinition agenda applying {_genkey_0=/agenda/**} to Path
2020-08-31 10:14:38.910 DEBUG 68 --- [           main] o.s.c.g.r.RouteDefinitionRouteLocator    : RouteDefinition agenda applying filter {_genkey_0=/agenda/(?<id>.*), _genkey_1=/$\{id}} to RewritePath
2020-08-31 10:14:38.922 DEBUG 68 --- [           main] o.s.c.g.r.RouteDefinitionRouteLocator    : RouteDefinition agenda applying filter {name=agendaCircuitBreaker, fallbackUri=forward:/api/agendaNotAvailable} to CircuitBreaker
2020-08-31 10:14:39.000 DEBUG 68 --- [           main] o.s.c.g.r.RouteDefinitionRouteLocator    : RouteDefinition matched: agenda
2020-08-31 10:14:39.001 DEBUG 68 --- [           main] o.s.c.g.r.RouteDefinitionRouteLocator    : RouteDefinition c4p applying {_genkey_0=/c4p/**} to Path
2020-08-31 10:14:39.003 DEBUG 68 --- [           main] o.s.c.g.r.RouteDefinitionRouteLocator    : RouteDefinition c4p applying filter {_genkey_0=/c4p/(?<id>.*), _genkey_1=/$\{id}} to RewritePath
2020-08-31 10:14:39.005 DEBUG 68 --- [           main] o.s.c.g.r.RouteDefinitionRouteLocator    : RouteDefinition c4p applying filter {name=c4pCircuitBreaker, fallbackUri=forward:/api/c4pNotAvailable} to CircuitBreaker
2020-08-31 10:14:39.006 DEBUG 68 --- [           main] o.s.c.g.r.RouteDefinitionRouteLocator    : RouteDefinition matched: c4p
2020-08-31 10:14:39.007 DEBUG 68 --- [           main] o.s.c.g.r.RouteDefinitionRouteLocator    : RouteDefinition email applying {_genkey_0=/email/**} to Path
2020-08-31 10:14:39.008 DEBUG 68 --- [           main] o.s.c.g.r.RouteDefinitionRouteLocator    : RouteDefinition email applying filter {_genkey_0=/email/(?<id>.*), _genkey_1=/$\{id}} to RewritePath
2020-08-31 10:14:39.009 DEBUG 68 --- [           main] o.s.c.g.r.RouteDefinitionRouteLocator    : RouteDefinition email applying filter {name=c4pCircuitBreaker, fallbackUri=forward:/api/emailNotAvailable} to CircuitBreaker
2020-08-31 10:14:39.011 DEBUG 68 --- [           main] o.s.c.g.r.RouteDefinitionRouteLocator    : RouteDefinition matched: email
2020-08-31 10:14:39.011 DEBUG 68 --- [           main] o.s.c.g.r.RouteDefinitionRouteLocator    : RouteDefinition speakers applying {_genkey_0=/speakers/**} to Path
2020-08-31 10:14:39.083 DEBUG 68 --- [           main] o.s.c.g.r.RouteDefinitionRouteLocator    : RouteDefinition speakers applying filter {_genkey_0=/speakers/(?<id>.*), _genkey_1=/$\{id}} to RewritePath
2020-08-31 10:14:39.085 DEBUG 68 --- [           main] o.s.c.g.r.RouteDefinitionRouteLocator    : RouteDefinition matched: speakers
2020-08-31 10:14:39.097  INFO 68 --- [           main] c.*******.conferences.site.C4PApisTests  : Started C4PApisTests in 22.784 seconds (JVM running for 27.79)
Port from stub:  12267
2020-08-31 10:14:40.040  INFO 68 --- [qtp307476514-20] w.o.e.j.s.handler.ContextHandler.ROOT    : RequestHandlerClass from context returned com.github.tomakehurst.wiremock.http.StubRequestHandler. Normalized mapped under returned 'null'
2020-08-31 10:14:40.417  INFO 68 --- [qtp307476514-20] WireMock                                 : Request received:
127.0.0.1 - POST /

Accept: [application/json, application/*+json]
User-Agent: [Java/11.0.2]
Connection: [keep-alive]
Host: [localhost:12267]
Content-Length: [111]
Content-Type: [application/json]
{"id":null,"title":"test title","description":"test description","author":"*******","email":"*******@mail.com"}


Matched response definition:
{
  "status" : 200,
  "body" : "{\"id\":\"4920d949-c038-4142-8ec5-52dc58997f51\",\"title\":\"BMHNPKIPBTYQOFKKLCHP\",\"description\":\"TCIUDTYUIQCBUSTSMYMO\",\"author\":\"KYMWHARZOBSRPRIFLDVE\",\"email\":\"foo@bar878747886.com\"}",
  "headers" : {
    "Content-Type" : "application/json"
  },
  "transformers" : [ "response-template" ]
}

Response:
HTTP/1.1 200
Content-Type: [application/json]
Matched-Stub-Id: [c10d9416-3914-45aa-8c3e-99736bab3558]


2020-08-31 10:14:40.586  INFO 68 --- [           main] w.o.e.jetty.server.AbstractConnector     : Stopped NetworkTrafficServerConnector@c2f7c63{HTTP/1.1,[http/1.1]}{0.0.0.0:12267}
2020-08-31 10:14:40.588  INFO 68 --- [           main] w.o.e.j.server.handler.ContextHandler    : Stopped w.o.e.j.s.ServletContextHandler@36ab69d9{/,null,UNAVAILABLE}
2020-08-31 10:14:40.588  INFO 68 --- [           main] w.o.e.j.server.handler.ContextHandler    : Stopped w.o.e.j.s.ServletContextHandler@23263ba{/__*****,null,UNAVAILABLE}
[INFO] Tests run: 1, Failures: 0, Errors: 0, Skipped: 0, Time elapsed: 24.467 s - in com.*******.conferences.site.C4PApisTests
[INFO] Running com.*******.conferences.site.ApiGatewayServiceTests

  .   ____          _            __ _ _
 /\\ / ___'_ __ _ _(_)_ __  __ _ \ \ \ \
( ( )\___ | '_ | '_| | '_ \/ _` | \ \ \ \
 \\/  ___)| |_)| | | | | || (_| |  ) ) ) )
  '  |____| .__|_| |_|_| |_\__, | / / / /
 =========|_|==============|___/=/_/_/_/
 :: Spring Boot ::        (v2.3.3.RELEASE)

2020-08-31 10:14:41.493  INFO 68 --- [           main] c.s.c.site.ApiGatewayServiceTests        : No active profile set, falling back to default profiles: default
2020-08-31 10:14:42.109 TRACE 68 --- [           main] Configuration$OnVerboseDisabledCondition : Condition GatewayAutoConfiguration.OnVerboseDisabledCondition on org.springframework.cloud.gateway.config.GatewayAutoConfiguration$GatewayActuatorConfiguration#gatewayLegacyControllerEndpoint did not match due to NoneNestedConditions 1 matched 0 did not; NestedCondition on GatewayAutoConfiguration.OnVerboseDisabledCondition.VerboseDisabled @ConditionalOnProperty (spring.cloud.gateway.actuator.verbose.enabled) matched
2020-08-31 10:14:42.316  INFO 68 --- [           main] o.s.cloud.context.scope.GenericScope     : BeanFactory id=cb8b7d50-936a-3ccb-be7d-1fe9ef780970
2020-08-31 10:14:42.900 DEBUG 68 --- [           main] o.s.c.gateway.config.GatewayProperties   : Routes supplied from Gateway Properties: [RouteDefinition{id='agenda', predicates=[PredicateDefinition{name='Path', args={_genkey_0=/agenda/**}}], filters=[FilterDefinition{name='RewritePath', args={_genkey_0=/agenda/(?<id>.*), _genkey_1=/$\{id}}}, FilterDefinition{name='CircuitBreaker', args={name=agendaCircuitBreaker, fallbackUri=forward:/api/agendaNotAvailable}}], uri=http://fmtok8s-agenda, order=0, metadata={}}, RouteDefinition{id='c4p', predicates=[PredicateDefinition{name='Path', args={_genkey_0=/c4p/**}}], filters=[FilterDefinition{name='RewritePath', args={_genkey_0=/c4p/(?<id>.*), _genkey_1=/$\{id}}}, FilterDefinition{name='CircuitBreaker', args={name=c4pCircuitBreaker, fallbackUri=forward:/api/c4pNotAvailable}}], uri=http://fmtok8s-c4p, order=0, metadata={}}, RouteDefinition{id='email', predicates=[PredicateDefinition{name='Path', args={_genkey_0=/email/**}}], filters=[FilterDefinition{name='RewritePath', args={_genkey_0=/email/(?<id>.*), _genkey_1=/$\{id}}}, FilterDefinition{name='CircuitBreaker', args={name=c4pCircuitBreaker, fallbackUri=forward:/api/emailNotAvailable}}], uri=http://fmtok8s-email, order=0, metadata={}}, RouteDefinition{id='speakers', predicates=[PredicateDefinition{name='Path', args={_genkey_0=/speakers/**}}], filters=[FilterDefinition{name='RewritePath', args={_genkey_0=/speakers/(?<id>.*), _genkey_1=/$\{id}}}], uri=http://fmtok8s-speakers, order=0, metadata={}}]
2020-08-31 10:14:43.586  INFO 68 --- [           main] o.s.c.g.r.RouteDefinitionRouteLocator    : Loaded RoutePredicateFactory [After]
2020-08-31 10:14:43.587  INFO 68 --- [           main] o.s.c.g.r.RouteDefinitionRouteLocator    : Loaded RoutePredicateFactory [Before]
2020-08-31 10:14:43.587  INFO 68 --- [           main] o.s.c.g.r.RouteDefinitionRouteLocator    : Loaded RoutePredicateFactory [Between]
2020-08-31 10:14:43.587  INFO 68 --- [           main] o.s.c.g.r.RouteDefinitionRouteLocator    : Loaded RoutePredicateFactory [Cookie]
2020-08-31 10:14:43.587  INFO 68 --- [           main] o.s.c.g.r.RouteDefinitionRouteLocator    : Loaded RoutePredicateFactory [Header]
2020-08-31 10:14:43.587  INFO 68 --- [           main] o.s.c.g.r.RouteDefinitionRouteLocator    : Loaded RoutePredicateFactory [Host]
2020-08-31 10:14:43.587  INFO 68 --- [           main] o.s.c.g.r.RouteDefinitionRouteLocator    : Loaded RoutePredicateFactory [Method]
2020-08-31 10:14:43.587  INFO 68 --- [           main] o.s.c.g.r.RouteDefinitionRouteLocator    : Loaded RoutePredicateFactory [Path]
2020-08-31 10:14:43.587  INFO 68 --- [           main] o.s.c.g.r.RouteDefinitionRouteLocator    : Loaded RoutePredicateFactory [Query]
2020-08-31 10:14:43.587  INFO 68 --- [           main] o.s.c.g.r.RouteDefinitionRouteLocator    : Loaded RoutePredicateFactory [ReadBodyPredicateFactory]
2020-08-31 10:14:43.587  INFO 68 --- [           main] o.s.c.g.r.RouteDefinitionRouteLocator    : Loaded RoutePredicateFactory [RemoteAddr]
2020-08-31 10:14:43.588  INFO 68 --- [           main] o.s.c.g.r.RouteDefinitionRouteLocator    : Loaded RoutePredicateFactory [Weight]
2020-08-31 10:14:43.588  INFO 68 --- [           main] o.s.c.g.r.RouteDefinitionRouteLocator    : Loaded RoutePredicateFactory [CloudFoundryRouteService]
2020-08-31 10:14:44.502  INFO 68 --- [           main] o.s.b.a.e.web.EndpointLinksResolver      : Exposing 3 endpoint(s) beneath base path '/actuator'
2020-08-31 10:14:45.099 DEBUG 68 --- [           main] o.s.c.g.r.RouteDefinitionRouteLocator    : RouteDefinition agenda applying {_genkey_0=/agenda/**} to Path
2020-08-31 10:14:45.119 DEBUG 68 --- [           main] o.s.c.g.r.RouteDefinitionRouteLocator    : RouteDefinition agenda applying filter {_genkey_0=/agenda/(?<id>.*), _genkey_1=/$\{id}} to RewritePath
2020-08-31 10:14:45.190 DEBUG 68 --- [           main] o.s.c.g.r.RouteDefinitionRouteLocator    : RouteDefinition agenda applying filter {name=agendaCircuitBreaker, fallbackUri=forward:/api/agendaNotAvailable} to CircuitBreaker
2020-08-31 10:14:45.198 DEBUG 68 --- [           main] o.s.c.g.r.RouteDefinitionRouteLocator    : RouteDefinition matched: agenda
2020-08-31 10:14:45.199 DEBUG 68 --- [           main] o.s.c.g.r.RouteDefinitionRouteLocator    : RouteDefinition c4p applying {_genkey_0=/c4p/**} to Path
2020-08-31 10:14:45.200 DEBUG 68 --- [           main] o.s.c.g.r.RouteDefinitionRouteLocator    : RouteDefinition c4p applying filter {_genkey_0=/c4p/(?<id>.*), _genkey_1=/$\{id}} to RewritePath
2020-08-31 10:14:45.201 DEBUG 68 --- [           main] o.s.c.g.r.RouteDefinitionRouteLocator    : RouteDefinition c4p applying filter {name=c4pCircuitBreaker, fallbackUri=forward:/api/c4pNotAvailable} to CircuitBreaker
2020-08-31 10:14:45.203 DEBUG 68 --- [           main] o.s.c.g.r.RouteDefinitionRouteLocator    : RouteDefinition matched: c4p
2020-08-31 10:14:45.203 DEBUG 68 --- [           main] o.s.c.g.r.RouteDefinitionRouteLocator    : RouteDefinition email applying {_genkey_0=/email/**} to Path
2020-08-31 10:14:45.204 DEBUG 68 --- [           main] o.s.c.g.r.RouteDefinitionRouteLocator    : RouteDefinition email applying filter {_genkey_0=/email/(?<id>.*), _genkey_1=/$\{id}} to RewritePath
2020-08-31 10:14:45.205 DEBUG 68 --- [           main] o.s.c.g.r.RouteDefinitionRouteLocator    : RouteDefinition email applying filter {name=c4pCircuitBreaker, fallbackUri=forward:/api/emailNotAvailable} to CircuitBreaker
2020-08-31 10:14:45.207 DEBUG 68 --- [           main] o.s.c.g.r.RouteDefinitionRouteLocator    : RouteDefinition matched: email
2020-08-31 10:14:45.207 DEBUG 68 --- [           main] o.s.c.g.r.RouteDefinitionRouteLocator    : RouteDefinition speakers applying {_genkey_0=/speakers/**} to Path
2020-08-31 10:14:45.208 DEBUG 68 --- [           main] o.s.c.g.r.RouteDefinitionRouteLocator    : RouteDefinition speakers applying filter {_genkey_0=/speakers/(?<id>.*), _genkey_1=/$\{id}} to RewritePath
2020-08-31 10:14:45.209 DEBUG 68 --- [           main] o.s.c.g.r.RouteDefinitionRouteLocator    : RouteDefinition matched: speakers
2020-08-31 10:14:45.212  INFO 68 --- [           main] c.s.c.site.ApiGatewayServiceTests        : Started ApiGatewayServiceTests in 4.613 seconds (JVM running for 33.905)
[INFO] Tests run: 1, Failures: 0, Errors: 0, Skipped: 0, Time elapsed: 4.498 s - in com.*******.conferences.site.ApiGatewayServiceTests
[WARNING] ForkStarter IOException: org.springframework.test.context.CacheAwareContextLoaderDelegate)]
 using SpringBootContextLoader
 Context.groovy}.
 non-private, non-final, nested classes annotated with @Configuration.
 org.springframework.boot.test.mock.mockito.ResetMocksTestExecutionListener, org.springframework.boot.test.autoconfigure.restdocs.RestDocsTestExecutionListener, org.springframework.boot.test.autoconfigure.web.client.MockRestServiceServerResetTestExecutionListener, org.springframework.boot.test.autoconfigure.web.servlet.MockMvcPrintOnlyOnFailureTestExecutionListener, org.springframework.boot.test.autoconfigure.web.servlet.WebDriverTestExecutionListener, org.springframework.boot.test.autoconfigure.webservices.client.MockWebServiceServerTestExecutionListener, org.springframework.test.context.web.ServletTestExecutionListener, org.springframework.test.context.support.DirtiesContextBeforeModesTestExecutionListener, org.springframework.test.context.support.DependencyInjectionTestExecutionListener, org.springframework.test.context.support.DirtiesContextTestExecutionListener, org.springframework.test.context.transaction.TransactionalTestExecutionListener, org.springframework.test.context.jdbc.SqlScriptsTestExecutionListener, org.springframework.test.context.event.EventPublishingTestExecutionListener, org.springframework.cloud.contract.wiremock.WireMockTestExecutionListener, org.springframework.cloud.contract.stubrunner.provider.wiremock.StubRunnerWireMockTestExecutionListener]
 org.springframework.boot.test.mock.mockito.MockitoTestExecutionListener@37052337, org.springframework.boot.test.autoconfigure.SpringBootDependencyInjectionTestExecutionListener@2320fa6f, org.springframework.test.context.support.DirtiesContextTestExecutionListener@7a560583, org.springframework.test.context.event.EventPublishingTestExecutionListener@4d722ac9, org.springframework.boot.test.mock.mockito.ResetMocksTestExecutionListener@53f0a4cb, org.springframework.boot.test.autoconfigure.restdocs.RestDocsTestExecutionListener@77a7cf58, org.springframework.boot.test.autoconfigure.web.client.MockRestServiceServerResetTestExecutionListener@3d97a632, org.springframework.boot.test.autoconfigure.web.servlet.MockMvcPrintOnlyOnFailureTestExecutionListener@616fe72b, org.springframework.boot.test.autoconfigure.web.servlet.WebDriverTestExecutionListener@37efd131, org.springframework.boot.test.autoconfigure.webservices.client.MockWebServiceServerTestExecutionListener@7e7b159b, org.springframework.cloud.contract.wiremock.WireMockTestExecutionListener@7e5d9a50, org.springframework.cloud.contract.stubrunner.provider.wiremock.StubRunnerWireMockTestExecutionListener@60957c0f]
org.springframework.test.context.CacheAwareContextLoaderDelegate)]
 using SpringBootContextLoader
 Context.groovy}.
 non-private, non-final, nested classes annotated with @Configuration.
 org.springframework.boot.test.mock.mockito.ResetMocksTestExecutionListener, org.springframework.boot.test.autoconfigure.restdocs.RestDocsTestExecutionListener, org.springframework.boot.test.autoconfigure.web.client.MockRestServiceServerResetTestExecutionListener, org.springframework.boot.test.autoconfigure.web.servlet.MockMvcPrintOnlyOnFailureTestExecutionListener, org.springframework.boot.test.autoconfigure.web.servlet.WebDriverTestExecutionListener, org.springframework.boot.test.autoconfigure.webservices.client.MockWebServiceServerTestExecutionListener, org.springframework.test.context.web.ServletTestExecutionListener, org.springframework.test.context.support.DirtiesContextBeforeModesTestExecutionListener, org.springframework.test.context.support.DependencyInjectionTestExecutionListener, org.springframework.test.context.support.DirtiesContextTestExecutionListener, org.springframework.test.context.transaction.TransactionalTestExecutionListener, org.springframework.test.context.jdbc.SqlScriptsTestExecutionListener, org.springframework.test.context.event.EventPublishingTestExecutionListener, org.springframework.cloud.contract.wiremock.WireMockTestExecutionListener, org.springframework.cloud.contract.stubrunner.provider.wiremock.StubRunnerWireMockTestExecutionListener]
 org.springframework.boot.test.mock.mockito.MockitoTestExecutionListener@1a45193b, org.springframework.boot.test.autoconfigure.SpringBootDependencyInjectionTestExecutionListener@38f116f6, org.springframework.test.context.support.DirtiesContextTestExecutionListener@5286c33a, org.springframework.test.context.event.EventPublishingTestExecutionListener@6e6d5d29, org.springframework.boot.test.mock.mockito.ResetMocksTestExecutionListener@5c530d1e, org.springframework.boot.test.autoconfigure.restdocs.RestDocsTestExecutionListener@6c25e6c4, org.springframework.boot.test.autoconfigure.web.client.MockRestServiceServerResetTestExecutionListener@85e6769, org.springframework.boot.test.autoconfigure.web.servlet.MockMvcPrintOnlyOnFailureTestExecutionListener@c5ee75e, org.springframework.boot.test.autoconfigure.web.servlet.WebDriverTestExecutionListener@48a12036, org.springframework.boot.test.autoconfigure.webservices.client.MockWebServiceServerTestExecutionListener@bf1ec20, org.springframework.cloud.contract.wiremock.WireMockTestExecutionListener@70efb718, org.springframework.cloud.contract.stubrunner.provider.wiremock.StubRunnerWireMockTestExecutionListener@b70da4c]. See the dump file /workspace/source/target/surefire-reports/2020-08-31T10-14-10_497-jvmRun1.dumpstream
[INFO] 
[INFO] Results:
[INFO] 
[INFO] Tests run: 2, Failures: 0, Errors: 0, Skipped: 0
[INFO] 
[INFO] 
[INFO] --- maven-jar-plugin:3.2.0:jar (default-jar) @ fmtok8s-api-gateway ---
[INFO] Building jar: /workspace/source/target/fmtok8s-api-gateway-0.0.0-SNAPSHOT-PR-13-2.jar
[INFO] 
[INFO] --- spring-boot-maven-plugin:2.3.3.RELEASE:repackage (repackage) @ fmtok8s-api-gateway ---
[INFO] Replacing main artifact with repackaged archive
[INFO] 
[INFO] --- maven-install-plugin:2.5.2:install (default-install) @ fmtok8s-api-gateway ---
[INFO] Installing /workspace/source/target/fmtok8s-api-gateway-0.0.0-SNAPSHOT-PR-13-2.jar to /home/jenkins/.mvnrepository/com/*******/conferences/fmtok8s-api-gateway/0.0.0-SNAPSHOT-PR-13-2/fmtok8s-api-gateway-0.0.0-SNAPSHOT-PR-13-2.jar
[INFO] Installing /workspace/source/pom.xml to /home/jenkins/.mvnrepository/com/*******/conferences/fmtok8s-api-gateway/0.0.0-SNAPSHOT-PR-13-2/fmtok8s-api-gateway-0.0.0-SNAPSHOT-PR-13-2.pom
[INFO] ------------------------------------------------------------------------
[INFO] BUILD SUCCESS
[INFO] ------------------------------------------------------------------------
[INFO] Total time:  01:02 min
[INFO] Finished at: 2020-08-31T10:14:49Z
[INFO] ------------------------------------------------------------------------

Showing logs for build [32msalaboy-fmtok8s-api-gateway-pr-8c859-2[0m stage [32mfrom-build-pack[0m and container [32mstep-build-skaffold-version[0m
v1.0.1

Showing logs for build [32msalaboy-fmtok8s-api-gateway-pr-8c859-2[0m stage [32mfrom-build-pack[0m and container [32mstep-build-container-build[0m
E0831 10:14:50.479115      12 aws_credentials.go:77] while getting AWS credentials NoCredentialProviders: no valid providers in chain. Deprecated.
	For verbose messaging see aws.Config.CredentialsChainVerboseErrors
[36mINFO[0m[0001] Using dockerignore file: /workspace/source/.dockerignore 
[36mINFO[0m[0001] Retrieving image manifest openjdk:11-jre-slim 
E0831 10:14:50.921063      12 metadata.go:154] while reading 'google-dockercfg' metadata: http status code: 404 while fetching url http://metadata.google.internal./computeMetadata/v1/instance/attributes/google-dockercfg
E0831 10:14:50.924582      12 metadata.go:166] while reading 'google-dockercfg-url' metadata: http status code: 404 while fetching url http://metadata.google.internal./computeMetadata/v1/instance/attributes/google-dockercfg-url
[36mINFO[0m[0002] Retrieving image manifest openjdk:11-jre-slim 
[36mINFO[0m[0004] Built cross stage deps: map[]                
[36mINFO[0m[0004] Retrieving image manifest openjdk:11-jre-slim 
[36mINFO[0m[0005] Retrieving image manifest openjdk:11-jre-slim 
[36mINFO[0m[0006] Executing 0 build triggers                   
[36mINFO[0m[0006] cmd: EXPOSE                                  
[36mINFO[0m[0006] Adding exposed port: 8080/tcp                
[36mINFO[0m[0006] Resolving srcs [pom.xml target/lib*]...      
[36mINFO[0m[0006] Checking for cached layer gcr.io/camunda-researchanddevelopment/cache:194c9e2d633c09b83eda69337ea8e64e6471cdccc28d7d9134bf1ba69959574f... 
[36mINFO[0m[0006] No cached layer found for cmd COPY pom.xml target/lib* /opt/lib/ 
[36mINFO[0m[0006] Resolving srcs [target/*.jar]...             
[36mINFO[0m[0006] Unpacking rootfs as cmd COPY pom.xml target/lib* /opt/lib/ requires it. 
[36mINFO[0m[0011] ENV PORT 8080                                
[36mINFO[0m[0011] No files changed in this command, skipping snapshotting. 
[36mINFO[0m[0011] ENV CLASSPATH /opt/lib                       
[36mINFO[0m[0011] No files changed in this command, skipping snapshotting. 
[36mINFO[0m[0011] EXPOSE 8080                                  
[36mINFO[0m[0011] cmd: EXPOSE                                  
[36mINFO[0m[0011] Adding exposed port: 8080/tcp                
[36mINFO[0m[0011] No files changed in this command, skipping snapshotting. 
[36mINFO[0m[0011] Resolving srcs [pom.xml target/lib*]...      
[36mINFO[0m[0011] COPY pom.xml target/lib* /opt/lib/           
[36mINFO[0m[0011] Resolving srcs [pom.xml target/lib*]...      
[36mINFO[0m[0011] Resolving 1 paths                            
[36mINFO[0m[0011] Taking snapshot of files...                  
[36mINFO[0m[0011] Pushing layer gcr.io/camunda-researchanddevelopment/cache:194c9e2d633c09b83eda69337ea8e64e6471cdccc28d7d9134bf1ba69959574f to cache now 
[36mINFO[0m[0011] Resolving srcs [target/*.jar]...             
[36mINFO[0m[0012] COPY target/*.jar /opt/app.jar               
[36mINFO[0m[0012] Resolving srcs [target/*.jar]...             
[36mINFO[0m[0012] Resolving 1 paths                            
[36mINFO[0m[0012] Taking snapshot of files...                  
[36mINFO[0m[0013] Pushing layer gcr.io/camunda-researchanddevelopment/cache:a49b87936cce68813416126a27acc6ba4660b50bb5c1f1e22bbe350ac9aea98d to cache now 
[36mINFO[0m[0013] WORKDIR /opt                                 
[36mINFO[0m[0013] cmd: workdir                                 
[36mINFO[0m[0013] Changed working directory to /opt            
[36mINFO[0m[0013] No files changed in this command, skipping snapshotting. 
[36mINFO[0m[0013] ENTRYPOINT exec java $JAVA_OPTS -jar app.jar 
[36mINFO[0m[0013] No files changed in this command, skipping snapshotting. 

Showing logs for build [32msalaboy-fmtok8s-api-gateway-pr-8c859-2[0m stage [32mfrom-build-pack[0m and container [32mstep-postbuild-post-build[0m
no CVE provider running in the current ** namespace so skip adding image to be analysed

Showing logs for build [32msalaboy-fmtok8s-api-gateway-pr-8c859-2[0m stage [32mfrom-build-pack[0m and container [32mstep-promote-make-preview[0m
sed -i -e "s/version:.*/version: 0.0.0-SNAPSHOT-PR-13-2/" Chart.yaml
sed -i -e "s/version:.*/version: 0.0.0-SNAPSHOT-PR-13-2/" ../*/Chart.yaml
sed -i -e "s|repository:.*|repository: gcr.io\/camunda-researchanddevelopment\/fmtok8s-api-gateway|" values.yaml
sed -i -e "s/tag:.*/tag: 0.0.0-SNAPSHOT-PR-13-2/" values.yaml
echo "  version: 0.0.0-SNAPSHOT-PR-13-2" >> requirements.yaml
** step helm build
WARNING: No $CHART_REPOSITORY defined so using the default value of: http://jenkins-x-chartmuseum:8080
Adding missing Helm repo: storage.googleapis.com https://storage.googleapis.com/chartmuseum.jenkins-x.io
Successfully added Helm repository storage.googleapis.com.
Adding missing Helm repo: jenkins-x-chartmuseum http://jenkins-x-chartmuseum:8080
Successfully added Helm repository jenkins-x-chartmuseum.
WARNING: No $CHART_REPOSITORY defined so using the default value of: http://jenkins-x-chartmuseum:8080
Adding missing Helm repo: chartmuseum.jenkins-x.io http://chartmuseum.jenkins-x.io
Successfully added Helm repository chartmuseum.jenkins-x.io.

Showing logs for build [32msalaboy-fmtok8s-api-gateway-pr-8c859-2[0m stage [32mfrom-build-pack[0m and container [32mstep-promote-jx-preview[0m
Creating a preview
Found commit author match for: ******* with email address: *******@gmail.com
expose:
  Annotations:
    helm.sh/hook: post-install,post-upgrade
    helm.sh/hook-delete-policy: hook-succeeded
  config:
    domain: 34.90.79.39.nip.io
    exposer: Ingress
    http: "true"
preview:
  image:
    repository: gcr.io/camunda-researchanddevelopment/fmtok8s-api-gateway
    tag: 0.0.0-SNAPSHOT-PR-13-2

Updating PipelineActivities *******-fmtok8s-api-gateway-pr-13-2 which has status Running
Preview application is now available at: http://fmtok8s-api-gateway.**-*******-fmtok8s-api-gateway-pr-13.34.90.79.39.nip.io
