
Showing logs for build [32mmeta-salaboy-fmtok8s-api-gatewa-hs6nt-1[0m stage [32mmeta-pipeline[0m and container [32mstep-credential-initializer-ztdz7[0m
{"level":"info","ts":1594630018.316934,"logger":"fallback-logger","caller":"logging/config.go:69","msg":"Fetch GitHub commit ID from kodata failed: open /var/run/ko/refs/heads/0.8.0-ns-support: no such file or directory"}
{"level":"info","ts":1594630018.3173518,"logger":"fallback-logger","caller":"creds-init/main.go:40","msg":"Credentials initialized."}

Showing logs for build [32mmeta-salaboy-fmtok8s-api-gatewa-hs6nt-1[0m stage [32mmeta-pipeline[0m and container [32mstep-working-dir-initializer-zlp9p[0m
{"level":"info","ts":1594630019.2857697,"logger":"fallback-logger","caller":"logging/config.go:69","msg":"Fetch GitHub commit ID from kodata failed: open /var/run/ko/HEAD: no such file or directory"}
{"level":"info","ts":1594630019.2876897,"logger":"fallback-logger","caller":"bash/main.go:64","msg":"Successfully executed command \"sh -c mkdir -p /workspace/source\"; output "}

Showing logs for build [32mmeta-salaboy-fmtok8s-api-gatewa-hs6nt-1[0m stage [32mmeta-pipeline[0m and container [32mstep-place-tools[0m

Showing logs for build [32mmeta-salaboy-fmtok8s-api-gatewa-hs6nt-1[0m stage [32mmeta-pipeline[0m and container [32mstep-git-source-meta-salaboy-fmtok8s-api-gatewa-hs6nt-n6mcd[0m
{"level":"info","ts":1594630025.3528445,"logger":"fallback-logger","caller":"logging/config.go:69","msg":"Fetch GitHub commit ID from kodata failed: open /var/run/ko/refs/heads/0.8.0-ns-support: no such file or directory"}
{"level":"info","ts":1594630026.672332,"logger":"fallback-logger","caller":"git/git.go:103","msg":"Successfully cloned https://github.com/*******/fmtok8s-api-gateway.git @ bd9a6a18998c3d8bdee037a585958f14d2261046 in path /workspace/source"}

Showing logs for build [32mmeta-salaboy-fmtok8s-api-gatewa-hs6nt-1[0m stage [32mmeta-pipeline[0m and container [32mstep-setup-builder-home[0m

Showing logs for build [32mmeta-salaboy-fmtok8s-api-gatewa-hs6nt-1[0m stage [32mmeta-pipeline[0m and container [32mstep-git-merge[0m
Using SHAs from PULL_REFS=master:bd9a6a18998c3d8bdee037a585958f14d2261046,5:56ef7dadb8405972c35b60145a15fe273ebc0837
DEBUG: LC_ALL=C JX_LOG_LEVEL=error git fetch origin --unshallow 56ef7dadb8405972c35b60145a15fe273ebc0837: bd9a6a18998c3d8bdee037a585958f14d2261046:
DEBUG: ran git fetch --unshallow origin 56ef7dadb8405972c35b60145a15fe273ebc0837: bd9a6a18998c3d8bdee037a585958f14d2261046: in 
DEBUG: LC_ALL=C JX_LOG_LEVEL=error git branch
DEBUG: JX_LOG_LEVEL=error LC_ALL=C git checkout master
DEBUG: ran git checkout master in 
DEBUG: LC_ALL=C JX_LOG_LEVEL=error git reset --hard bd9a6a18998c3d8bdee037a585958f14d2261046
DEBUG: ran git reset --hard bd9a6a18998c3d8bdee037a585958f14d2261046 in 
DEBUG: LC_ALL=C JX_LOG_LEVEL=error git clean -fd .
DEBUG: ran clean --force -d . in 
DEBUG: LC_ALL=C JX_LOG_LEVEL=error git merge 56ef7dadb8405972c35b60145a15fe273ebc0837
error: error during merge: merging 56ef7dadb8405972c35b60145a15fe273ebc0837 into master: git output: Auto-merging src/main/resources/templates/index.ftl
CONFLICT (content): Merge conflict in src/main/resources/templates/index.ftl
Automatic merge failed; fix conflicts and then commit the result.: failed to run 'git merge 56ef7dadb8405972c35b60145a15fe273ebc0837' command in directory '', output: 'Auto-merging src/main/resources/templates/index.ftl
CONFLICT (content): Merge conflict in src/main/resources/templates/index.ftl
Automatic merge failed; fix conflicts and then commit the result.'
[31m
Pipeline failed on stage 'meta-pipeline' : container 'step-git-merge'. The execution of the pipeline has stopped.[0m
