
Showing logs for build [32msalaboy-fmtok8s-api-gateway-pr-f4gvw-3[0m stage [32mfrom-build-pack[0m and container [32mstep-credential-initializer-nxgjt[0m
{"level":"info","ts":1594630822.6220376,"logger":"fallback-logger","caller":"logging/config.go:69","msg":"Fetch GitHub commit ID from kodata failed: open /var/run/ko/refs/heads/0.8.0-ns-support: no such file or directory"}
{"level":"info","ts":1594630822.6227968,"logger":"fallback-logger","caller":"creds-init/main.go:40","msg":"Credentials initialized."}

Showing logs for build [32msalaboy-fmtok8s-api-gateway-pr-f4gvw-3[0m stage [32mfrom-build-pack[0m and container [32mstep-working-dir-initializer-94l5l[0m
{"level":"info","ts":1594630823.9343584,"logger":"fallback-logger","caller":"logging/config.go:69","msg":"Fetch GitHub commit ID from kodata failed: open /var/run/ko/HEAD: no such file or directory"}
{"level":"info","ts":1594630823.9359007,"logger":"fallback-logger","caller":"bash/main.go:64","msg":"Successfully executed command \"sh -c mkdir -p /workspace/source\"; output "}

Showing logs for build [32msalaboy-fmtok8s-api-gateway-pr-f4gvw-3[0m stage [32mfrom-build-pack[0m and container [32mstep-place-tools[0m

Showing logs for build [32msalaboy-fmtok8s-api-gateway-pr-f4gvw-3[0m stage [32mfrom-build-pack[0m and container [32mstep-git-source-salaboy-fmtok8s-api-gateway-pr-f4gvw-6xtr2[0m
{"level":"info","ts":1594630830.9898949,"logger":"fallback-logger","caller":"logging/config.go:69","msg":"Fetch GitHub commit ID from kodata failed: open /var/run/ko/refs/heads/0.8.0-ns-support: no such file or directory"}
{"level":"info","ts":1594630832.3159895,"logger":"fallback-logger","caller":"git/git.go:103","msg":"Successfully cloned https://github.com/*******/fmtok8s-api-gateway.git @ master in path /workspace/source"}

Showing logs for build [32msalaboy-fmtok8s-api-gateway-pr-f4gvw-3[0m stage [32mfrom-build-pack[0m and container [32mstep-setup-builder-home[0m

Showing logs for build [32msalaboy-fmtok8s-api-gateway-pr-f4gvw-3[0m stage [32mfrom-build-pack[0m and container [32mstep-git-merge[0m
Using SHAs from PULL_REFS=master:bd9a6a18998c3d8bdee037a585958f14d2261046,5:93b8c1353e33d450558f8ecad6fa76bee04bdfce
DEBUG: LC_ALL=C JX_LOG_LEVEL=error git fetch origin --unshallow 93b8c1353e33d450558f8ecad6fa76bee04bdfce: bd9a6a18998c3d8bdee037a585958f14d2261046:
DEBUG: ran git fetch --unshallow origin 93b8c1353e33d450558f8ecad6fa76bee04bdfce: bd9a6a18998c3d8bdee037a585958f14d2261046: in 
DEBUG: LC_ALL=C JX_LOG_LEVEL=error git branch
DEBUG: LC_ALL=C JX_LOG_LEVEL=error git checkout master
DEBUG: ran git checkout master in 
DEBUG: LC_ALL=C JX_LOG_LEVEL=error git reset --hard bd9a6a18998c3d8bdee037a585958f14d2261046
DEBUG: ran git reset --hard bd9a6a18998c3d8bdee037a585958f14d2261046 in 
DEBUG: LC_ALL=C JX_LOG_LEVEL=error git clean -fd .
DEBUG: ran clean --force -d . in 
DEBUG: LC_ALL=C JX_LOG_LEVEL=error git merge 93b8c1353e33d450558f8ecad6fa76bee04bdfce
DEBUG: ran git merge 93b8c1353e33d450558f8ecad6fa76bee04bdfce in 
DEBUG: JX_LOG_LEVEL=error LC_ALL=C git log --format=%H%x1f%an%x1f%ae%x1f%cn%x1f%ce%x1f%s%n%b%x1e bd9a6a18998c3d8bdee037a585958f14d2261046..HEAD
Merged SHA 93b8c1353e33d450558f8ecad6fa76bee04bdfce with commit message 'adding image and css' into base branch master
Merged SHA 9babea0e3397beed1fc3d8152569c71323480e5b with commit message 'cat tag' into base branch master

Showing logs for build [32msalaboy-fmtok8s-api-gateway-pr-f4gvw-3[0m stage [32mfrom-build-pack[0m and container [32mstep-build-set-version[0m
Picked up _JAVA_OPTIONS: -XX:+UnlockExperimentalVMOptions -Dsun.zip.disableMemoryMapping=true -XX:+UseParallelGC -XX:MinHeapFreeRatio=5 -XX:MaxHeapFreeRatio=10 -XX:GCTimeRatio=4 -XX:AdaptiveSizePolicyWeight=90 -Xms10m -Xmx192m
[INFO] Scanning for projects...
[INFO] 
[INFO] ------------< com.*******.conferences:fmtok8s-api-gateway >-------------
[INFO] Building FMTOK8S :: API Gateway 0.0.1-SNAPSHOT
[INFO] --------------------------------[ jar ]---------------------------------
[INFO] 
[INFO] --- versions-maven-plugin:2.7:set (default-cli) @ fmtok8s-api-gateway ---
[INFO] Searching for local aggregator root...
[INFO] Local aggregation root: /workspace/source
[INFO] Processing change of com.*******.conferences:fmtok8s-api-gateway:0.0.1-SNAPSHOT -> 0.0.0-SNAPSHOT-PR-5-3
[INFO] Processing com.*******.conferences:fmtok8s-api-gateway
[INFO]     Updating project com.*******.conferences:fmtok8s-api-gateway
[INFO]         from version 0.0.1-SNAPSHOT to 0.0.0-SNAPSHOT-PR-5-3
[INFO] 
[INFO] ------------------------------------------------------------------------
[INFO] BUILD SUCCESS
[INFO] ------------------------------------------------------------------------
[INFO] Total time:  17.314 s
[INFO] Finished at: 2020-07-13T09:00:56Z
[INFO] ------------------------------------------------------------------------

Showing logs for build [32msalaboy-fmtok8s-api-gateway-pr-f4gvw-3[0m stage [32mfrom-build-pack[0m and container [32mstep-build-mvn-install[0m
Picked up _JAVA_OPTIONS: -XX:+UnlockExperimentalVMOptions -Dsun.zip.disableMemoryMapping=true -XX:+UseParallelGC -XX:MinHeapFreeRatio=5 -XX:MaxHeapFreeRatio=10 -XX:GCTimeRatio=4 -XX:AdaptiveSizePolicyWeight=90 -Xms10m -Xmx192m
[INFO] Scanning for projects...
[INFO] 
[INFO] ------------< com.*******.conferences:fmtok8s-api-gateway >-------------
[INFO] Building FMTOK8S :: API Gateway 0.0.0-SNAPSHOT-PR-5-3
[INFO] --------------------------------[ jar ]---------------------------------
[INFO] 
[INFO] --- maven-resources-plugin:3.1.0:resources (default-resources) @ fmtok8s-api-gateway ---
[INFO] Using 'UTF-8' encoding to copy filtered resources.
[INFO] Copying 1 resource
[INFO] Copying 16 resources
[INFO] 
[INFO] --- maven-compiler-plugin:3.8.1:compile (default-compile) @ fmtok8s-api-gateway ---
[INFO] Changes detected - recompiling the module!
[INFO] Compiling 4 source files to /workspace/source/target/classes
[INFO] 
[INFO] --- maven-resources-plugin:3.1.0:testResources (default-testResources) @ fmtok8s-api-gateway ---
[INFO] Using 'UTF-8' encoding to copy filtered resources.
[INFO] skip non existing resourceDirectory /workspace/source/src/test/resources
[INFO] 
[INFO] --- maven-compiler-plugin:3.8.1:testCompile (default-testCompile) @ fmtok8s-api-gateway ---
[INFO] Changes detected - recompiling the module!
[INFO] Compiling 2 source files to /workspace/source/target/test-classes
[INFO] 
[INFO] --- maven-surefire-plugin:3.0.0-M1:test (default-test) @ fmtok8s-api-gateway ---
[INFO] 
[INFO] -------------------------------------------------------
[INFO]  T E S T S
[INFO] -------------------------------------------------------
[INFO] Running com.*******.conferences.site.C4PApisTests
09:01:28.045 [main] DEBUG org.springframework.test.context.junit4.SpringJUnit4ClassRunner - SpringJUnit4ClassRunner constructor called with [class com.*******.conferences.site.C4PApisTests]
09:01:28.058 [main] DEBUG org.springframework.test.context.BootstrapUtils - Instantiating CacheAwareContextLoaderDelegate from class [org.springframework.test.context.cache.DefaultCacheAwareContextLoaderDelegate]
09:01:28.072 [main] DEBUG org.springframework.test.context.BootstrapUtils - Instantiating BootstrapContext using constructor [public org.springframework.test.context.support.DefaultBootstrapContext(java.lang.Class,org.springframework.test.context.CacheAwareContextLoaderDelegate)]
09:01:28.194 [main] DEBUG org.springframework.test.context.BootstrapUtils - Instantiating TestContextBootstrapper for test class [com.*******.conferences.site.C4PApisTests] from class [org.springframework.boot.test.context.SpringBootTestContextBootstrapper]
09:01:28.257 [main] INFO org.springframework.boot.test.context.SpringBootTestContextBootstrapper - Neither @ContextConfiguration nor @ContextHierarchy found for test class [com.*******.conferences.site.C4PApisTests], using SpringBootContextLoader
09:01:28.264 [main] DEBUG org.springframework.test.context.support.AbstractContextLoader - Did not detect default resource location for test class [com.*******.conferences.site.C4PApisTests]: class path resource [com/*******/conferences/site/C4PApisTests-context.xml] does not exist
09:01:28.266 [main] DEBUG org.springframework.test.context.support.AbstractContextLoader - Did not detect default resource location for test class [com.*******.conferences.site.C4PApisTests]: class path resource [com/*******/conferences/site/C4PApisTestsContext.groovy] does not exist
09:01:28.266 [main] INFO org.springframework.test.context.support.AbstractContextLoader - Could not detect default resource locations for test class [com.*******.conferences.site.C4PApisTests]: no resource found for suffixes {-context.xml, Context.groovy}.
09:01:28.268 [main] INFO org.springframework.test.context.support.AnnotationConfigContextLoaderUtils - Could not detect default configuration classes for test class [com.*******.conferences.site.C4PApisTests]: C4PApisTests does not declare any static, non-private, non-final, nested classes annotated with @Configuration.
09:01:28.583 [main] DEBUG org.springframework.test.context.support.ActiveProfilesUtils - Could not find an 'annotation declaring class' for annotation type [org.springframework.test.context.ActiveProfiles] and class [com.*******.conferences.site.C4PApisTests]
09:01:28.877 [main] DEBUG org.springframework.context.annotation.ClassPathScanningCandidateComponentProvider - Identified candidate component class: file [/workspace/source/target/classes/com/*******/conferences/site/ApiGatewayService.class]
09:01:28.954 [main] INFO org.springframework.boot.test.context.SpringBootTestContextBootstrapper - Found @SpringBootConfiguration com.*******.conferences.site.ApiGatewayService for test class com.*******.conferences.site.C4PApisTests
09:01:29.388 [main] DEBUG org.springframework.boot.test.context.SpringBootTestContextBootstrapper - @TestExecutionListeners is not present for class [com.*******.conferences.site.C4PApisTests]: using defaults.
09:01:29.389 [main] INFO org.springframework.boot.test.context.SpringBootTestContextBootstrapper - Loaded default TestExecutionListener class names from location [META-INF/spring.factories]: [org.springframework.boot.test.mock.mockito.MockitoTestExecutionListener, org.springframework.boot.test.mock.mockito.ResetMocksTestExecutionListener, org.springframework.boot.test.autoconfigure.restdocs.RestDocsTestExecutionListener, org.springframework.boot.test.autoconfigure.web.client.MockRestServiceServerResetTestExecutionListener, org.springframework.boot.test.autoconfigure.web.servlet.MockMvcPrintOnlyOnFailureTestExecutionListener, org.springframework.boot.test.autoconfigure.web.servlet.WebDriverTestExecutionListener, org.springframework.test.context.web.ServletTestExecutionListener, org.springframework.test.context.support.DirtiesContextBeforeModesTestExecutionListener, org.springframework.test.context.support.DependencyInjectionTestExecutionListener, org.springframework.test.context.support.DirtiesContextTestExecutionListener, org.springframework.test.context.transaction.TransactionalTestExecutionListener, org.springframework.test.context.jdbc.SqlScriptsTestExecutionListener, org.springframework.cloud.contract.wiremock.WireMockTestExecutionListener, org.springframework.cloud.contract.stubrunner.provider.wiremock.StubRunnerWireMockTestExecutionListener]
09:01:29.461 [main] DEBUG org.springframework.boot.test.context.SpringBootTestContextBootstrapper - Skipping candidate TestExecutionListener [org.springframework.test.context.transaction.TransactionalTestExecutionListener] due to a missing dependency. Specify custom listener classes or make the default listener classes and their required dependencies available. Offending class: [org/springframework/transaction/TransactionDefinition]
09:01:29.568 [main] DEBUG org.springframework.boot.test.context.SpringBootTestContextBootstrapper - Skipping candidate TestExecutionListener [org.springframework.test.context.jdbc.SqlScriptsTestExecutionListener] due to a missing dependency. Specify custom listener classes or make the default listener classes and their required dependencies available. Offending class: [org/springframework/transaction/interceptor/TransactionAttribute]
09:01:29.570 [main] INFO org.springframework.boot.test.context.SpringBootTestContextBootstrapper - Using TestExecutionListeners: [org.springframework.test.context.web.ServletTestExecutionListener@7d446ed1, org.springframework.test.context.support.DirtiesContextBeforeModesTestExecutionListener@12d2ce03, org.springframework.boot.test.mock.mockito.MockitoTestExecutionListener@7e5c856f, org.springframework.boot.test.autoconfigure.SpringBootDependencyInjectionTestExecutionListener@413f69cc, org.springframework.test.context.support.DirtiesContextTestExecutionListener@1f53a5dc, org.springframework.boot.test.mock.mockito.ResetMocksTestExecutionListener@1b75c2e3, org.springframework.boot.test.autoconfigure.restdocs.RestDocsTestExecutionListener@1984b1f, org.springframework.boot.test.autoconfigure.web.client.MockRestServiceServerResetTestExecutionListener@3bd323e9, org.springframework.boot.test.autoconfigure.web.servlet.MockMvcPrintOnlyOnFailureTestExecutionListener@39ac0c0a, org.springframework.boot.test.autoconfigure.web.servlet.WebDriverTestExecutionListener@c7ba306, org.springframework.cloud.contract.wiremock.WireMockTestExecutionListener@4ff8d125, org.springframework.cloud.contract.stubrunner.provider.wiremock.StubRunnerWireMockTestExecutionListener@6d167f58]
09:01:29.573 [main] DEBUG org.springframework.test.annotation.ProfileValueUtils - Retrieved @ProfileValueSourceConfiguration [null] for test class [com.*******.conferences.site.C4PApisTests]
09:01:29.576 [main] DEBUG org.springframework.test.annotation.ProfileValueUtils - Retrieved ProfileValueSource type [class org.springframework.test.annotation.SystemProfileValueSource] for class [com.*******.conferences.site.C4PApisTests]
09:01:29.646 [main] DEBUG org.springframework.test.annotation.ProfileValueUtils - Retrieved @ProfileValueSourceConfiguration [null] for test class [com.*******.conferences.site.C4PApisTests]
09:01:29.647 [main] DEBUG org.springframework.test.annotation.ProfileValueUtils - Retrieved ProfileValueSource type [class org.springframework.test.annotation.SystemProfileValueSource] for class [com.*******.conferences.site.C4PApisTests]
09:01:29.649 [main] DEBUG org.springframework.test.annotation.ProfileValueUtils - Retrieved @ProfileValueSourceConfiguration [null] for test class [com.*******.conferences.site.C4PApisTests]
09:01:29.650 [main] DEBUG org.springframework.test.annotation.ProfileValueUtils - Retrieved ProfileValueSource type [class org.springframework.test.annotation.SystemProfileValueSource] for class [com.*******.conferences.site.C4PApisTests]
09:01:29.656 [main] DEBUG org.springframework.test.context.support.AbstractDirtiesContextTestExecutionListener - Before test class: context [DefaultTestContext@7a67e3c6 testClass = C4PApisTests, testInstance = [null], testMethod = [null], testException = [null], mergedContextConfiguration = [ReactiveWebMergedContextConfiguration@6cc558c6 testClass = C4PApisTests, locations = '{}', classes = '{class com.*******.conferences.site.ApiGatewayService}', contextInitializerClasses = '[]', activeProfiles = '{}', propertySourceLocations = '{}', propertySourceProperties = '{org.springframework.boot.test.context.SpringBootTestContextBootstrapper=true}', contextCustomizers = set[[ImportsContextCustomizer@15713d56 key = [org.springframework.boot.test.autoconfigure.web.servlet.MockMvcAutoConfiguration, org.springframework.boot.test.autoconfigure.web.servlet.MockMvcSecurityAutoConfiguration, org.springframework.boot.test.autoconfigure.web.servlet.MockMvcWebClientAutoConfiguration, org.springframework.boot.test.autoconfigure.web.servlet.MockMvcWebDriverAutoConfiguration, org.springframework.boot.test.autoconfigure.json.JsonTestersAutoConfiguration, org.springframework.boot.autoconfigure.gson.GsonAutoConfiguration, org.springframework.boot.autoconfigure.jackson.JacksonAutoConfiguration, org.springframework.boot.autoconfigure.jsonb.JsonbAutoConfiguration, org.springframework.cloud.contract.stubrunner.spring.StubRunnerConfiguration, org.springframework.cloud.contract.stubrunner.spring.cloud.StubRunnerSpringCloudAutoConfiguration, org.springframework.cloud.contract.stubrunner.spring.cloud.ribbon.StubRunnerRibbonAutoConfiguration, org.springframework.cloud.contract.stubrunner.messaging.integration.StubRunnerIntegrationConfiguration, org.springframework.cloud.contract.stubrunner.messaging.stream.StubRunnerStreamConfiguration, org.springframework.cloud.contract.stubrunner.spring.cloud.zookeeper.StubRunnerSpringCloudZookeeperAutoConfiguration, org.springframework.cloud.contract.stubrunner.spring.cloud.eureka.StubRunnerSpringCloudEurekaAutoConfiguration, org.springframework.cloud.contract.stubrunner.spring.cloud.consul.StubRunnerSpringCloudConsulAutoConfiguration, org.springframework.cloud.contract.stubrunner.messaging.StubRunnerStreamsIntegrationAutoConfiguration, org.springframework.cloud.contract.stubrunner.messaging.camel.StubRunnerCamelConfiguration, org.springframework.cloud.contract.verifier.messaging.stream.ContractVerifierStreamAutoConfiguration, org.springframework.cloud.contract.verifier.messaging.integration.ContractVerifierIntegrationConfiguration, org.springframework.cloud.contract.verifier.messaging.amqp.ContractVerifierAmqpAutoConfiguration, org.springframework.cloud.contract.verifier.messaging.amqp.RabbitMockConnectionFactoryAutoConfiguration, org.springframework.cloud.contract.verifier.messaging.camel.ContractVerifierCamelConfiguration, org.springframework.cloud.contract.verifier.messaging.noop.NoOpContractVerifierAutoConfiguration]], org.springframework.boot.test.context.filter.ExcludeFilterContextCustomizer@3b6ddd1d, org.springframework.boot.test.json.DuplicateJsonObjectContextCustomizerFactory$DuplicateJsonObjectContextCustomizer@1da2cb77, org.springframework.boot.test.mock.mockito.MockitoContextCustomizer@0, org.springframework.boot.test.web.client.TestRestTemplateContextCustomizer@52af26ee, org.springframework.boot.test.web.reactive.server.WebTestClientContextCustomizer@c88a337, org.springframework.boot.test.autoconfigure.properties.PropertyMappingContextCustomizer@f1b5ad83, org.springframework.boot.test.autoconfigure.web.servlet.WebDriverContextCustomizerFactory$Customizer@957e06], contextLoader = 'org.springframework.boot.test.context.SpringBootContextLoader', parent = [null]], attributes = map[[empty]]], class annotated with @DirtiesContext [true] with mode [AFTER_CLASS].
09:01:29.780 [main] DEBUG org.springframework.test.context.support.TestPropertySourceUtils - Adding inlined properties to environment: {spring.jmx.enabled=false, org.springframework.boot.test.context.SpringBootTestContextBootstrapper=true, server.port=-1}
2020-07-13 09:01:34.761  INFO 67 --- [           main] trationDelegate$BeanPostProcessorChecker : Bean 'org.springframework.cloud.autoconfigure.ConfigurationPropertiesRebinderAutoConfiguration' of type [org.springframework.cloud.autoconfigure.ConfigurationPropertiesRebinderAutoConfiguration$$EnhancerBySpringCGLIB$$b3f32a1f] is not eligible for getting processed by all BeanPostProcessors (for example: not eligible for auto-proxying)

  .   ____          _            __ _ _
 /\\ / ___'_ __ _ _(_)_ __  __ _ \ \ \ \
( ( )\___ | '_ | '_| | '_ \/ _` | \ \ \ \
 \\/  ___)| |_)| | | | | || (_| |  ) ) ) )
  '  |____| .__|_| |_|_| |_\__, | / / / /
 =========|_|==============|___/=/_/_/_/
 :: Spring Boot ::        (v2.1.9.RELEASE)

2020-07-13 09:01:35.546  INFO 67 --- [           main] c.*******.conferences.site.C4PApisTests  : No active profile set, falling back to default profiles: default
2020-07-13 09:01:39.669  INFO 67 --- [           main] o.s.cloud.context.scope.GenericScope     : BeanFactory id=4c1431b8-d112-3a23-97ea-328729915e76
2020-07-13 09:01:40.317  INFO 67 --- [           main] trationDelegate$BeanPostProcessorChecker : Bean 'org.springframework.cloud.autoconfigure.ConfigurationPropertiesRebinderAutoConfiguration' of type [org.springframework.cloud.autoconfigure.ConfigurationPropertiesRebinderAutoConfiguration$$EnhancerBySpringCGLIB$$b3f32a1f] is not eligible for getting processed by all BeanPostProcessors (for example: not eligible for auto-proxying)
2020-07-13 09:01:40.451  INFO 67 --- [           main] trationDelegate$BeanPostProcessorChecker : Bean 'stubrunner-org.springframework.cloud.contract.stubrunner.spring.StubRunnerProperties' of type [org.springframework.cloud.contract.stubrunner.spring.StubRunnerProperties] is not eligible for getting processed by all BeanPostProcessors (for example: not eligible for auto-proxying)
2020-07-13 09:01:40.456  INFO 67 --- [           main] trationDelegate$BeanPostProcessorChecker : Bean 'org.springframework.cloud.contract.stubrunner.spring.StubRunnerConfiguration' of type [org.springframework.cloud.contract.stubrunner.spring.StubRunnerConfiguration$$EnhancerBySpringCGLIB$$105cf992] is not eligible for getting processed by all BeanPostProcessors (for example: not eligible for auto-proxying)
2020-07-13 09:01:40.474  INFO 67 --- [           main] o.s.c.c.s.AetherStubDownloaderBuilder    : Will download stubs and contracts via Aether
2020-07-13 09:01:40.948  INFO 67 --- [           main] o.s.c.c.stubrunner.AetherStubDownloader  : Desired version is [+] - will try to resolve the latest version
2020-07-13 09:01:41.857  INFO 67 --- [           main] o.s.c.c.stubrunner.AetherStubDownloader  : Resolved version is [0.0.47]
2020-07-13 09:01:41.872  INFO 67 --- [           main] o.s.c.c.stubrunner.AetherStubDownloader  : Resolved artifact [com.*******.conferences:fmtok8s-c4p:jar:stubs:0.0.47] to /tmp/aether-local4036781727580717992/com/*******/conferences/fmtok8s-c4p/0.0.47/fmtok8s-c4p-0.0.47-stubs.jar
2020-07-13 09:01:41.874  INFO 67 --- [           main] o.s.c.c.stubrunner.AetherStubDownloader  : Unpacking stub from JAR [URI: file:/tmp/aether-local4036781727580717992/com/*******/conferences/fmtok8s-c4p/0.0.47/fmtok8s-c4p-0.0.47-stubs.jar]
2020-07-13 09:01:41.881  INFO 67 --- [           main] o.s.c.c.stubrunner.AetherStubDownloader  : Unpacked file to [/tmp/contracts2760415549009894119]
2020-07-13 09:01:45.773  INFO 67 --- [           main] wiremock.org.eclipse.jetty.util.log      : Logging initialized @20211ms
2020-07-13 09:01:45.859  WARN 67 --- [           main] w.o.e.j.s.NetworkTrafficServerConnector  : Acceptors should be <= availableProcessors: NetworkTrafficServerConnector@7793b55d{HTTP/1.1}{0.0.0.0:0}
2020-07-13 09:01:46.045  INFO 67 --- [           main] w.org.eclipse.jetty.server.Server        : jetty-9.2.z-SNAPSHOT
2020-07-13 09:01:46.071  INFO 67 --- [           main] w.o.e.j.server.handler.ContextHandler    : Started w.o.e.j.s.ServletContextHandler@36330be8{/__*****,null,AVAILABLE}
2020-07-13 09:01:46.073  INFO 67 --- [           main] w.o.e.j.server.handler.ContextHandler    : Started w.o.e.j.s.ServletContextHandler@73958426{/,null,AVAILABLE}
2020-07-13 09:01:46.150  INFO 67 --- [           main] w.o.e.j.s.NetworkTrafficServerConnector  : Started NetworkTrafficServerConnector@7793b55d{HTTP/1.1}{0.0.0.0:10323}
2020-07-13 09:01:46.151  INFO 67 --- [           main] w.org.eclipse.jetty.server.Server        : Started @20589ms
2020-07-13 09:01:46.152  INFO 67 --- [           main] o.s.c.contract.stubrunner.StubServer     : Started stub server for project [com.*******.conferences:fmtok8s-c4p:0.0.47:stubs] on port 10323
2020-07-13 09:01:47.392  INFO 67 --- [qtp949107966-28] /__*****                                 : RequestHandlerClass from context returned com.github.tomakehurst.wiremock.http.AdminRequestHandler. Normalized mapped under returned 'null'
2020-07-13 09:01:47.484  INFO 67 --- [qtp949107966-28] WireMock                                 : Admin request received:
127.0.0.1 - POST /mappings

Connection: [keep-alive]
User-Agent: [Apache-HttpClient/4.5.5 (Java/11.0.2)]
Host: [localhost:10323]
Content-Length: [225]
Content-Type: [text/plain; charset=UTF-8]
{
  "id" : "bed0e90e-165a-47a4-bde4-45367a2c9207",
  "request" : {
    "url" : "/ping",
    "method" : "GET"
  },
  "response" : {
    "status" : 200,
    "body" : "OK"
  },
  "uuid" : "bed0e90e-165a-47a4-bde4-45367a2c9207"
}

2020-07-13 09:01:47.889  INFO 67 --- [qtp949107966-29] WireMock                                 : Admin request received:
127.0.0.1 - POST /mappings

Connection: [keep-alive]
User-Agent: [Apache-HttpClient/4.5.5 (Java/11.0.2)]
Host: [localhost:10323]
Content-Length: [227]
Content-Type: [text/plain; charset=UTF-8]
{
  "id" : "3cbf6467-2431-4e82-8e96-e73e44377ad4",
  "request" : {
    "url" : "/health",
    "method" : "GET"
  },
  "response" : {
    "status" : 200,
    "body" : "OK"
  },
  "uuid" : "3cbf6467-2431-4e82-8e96-e73e44377ad4"
}

2020-07-13 09:01:48.074  INFO 67 --- [qtp949107966-30] WireMock                                 : Admin request received:
127.0.0.1 - POST /mappings

Connection: [keep-alive]
User-Agent: [Apache-HttpClient/4.5.5 (Java/11.0.2)]
Host: [localhost:10323]
Content-Length: [981]
Content-Type: [text/plain; charset=UTF-8]
{
  "id" : "fb3f1b0c-d73f-4a5a-906a-d83da3b66633",
  "request" : {
    "url" : "/",
    "method" : "POST",
    "headers" : {
      "Content-Type" : {
        "matches" : "application/json.*"
      }
    },
    "bodyPatterns" : [ {
      "matchesJsonPath" : "$[?(@.['title'] =~ /[\\S\\s]+/)]"
    }, {
      "matchesJsonPath" : "$[?(@.['description'] =~ /[\\S\\s]+/)]"
    }, {
      "matchesJsonPath" : "$[?(@.['author'] =~ /[\\S\\s]+/)]"
    }, {
      "matchesJsonPath" : "$[?(@.['email'] =~ /[a-zA-Z0-9._%+-]+@[a-zA-Z0-9.-]+\\.[a-zA-Z]{2,6}/)]"
    } ]
  },
  "response" : {
    "status" : 200,
    "body" : "{\"id\":\"0b7718fc-18a2-426f-b98b-e2366c865cc5\",\"title\":\"FVOTKRXBIVAHDYCRTIOB\",\"description\":\"JCUISJOGGESEZQNGEXRN\",\"author\":\"RJPDSAAKUPLUZVMGESXH\",\"email\":\"foo@bar-1133389383.com\"}",
    "headers" : {
      "Content-Type" : "application/json"
    },
    "transformers" : [ "response-template" ]
  },
  "uuid" : "fb3f1b0c-d73f-4a5a-906a-d83da3b66633"
}

2020-07-13 09:01:48.344  INFO 67 --- [           main] o.s.c.c.stubrunner.StubRunnerExecutor    : All stubs are now running RunningStubs [namesAndPorts={com.*******.conferences:fmtok8s-c4p:0.0.47:stubs=10323}]
2020-07-13 09:01:48.349  INFO 67 --- [           main] trationDelegate$BeanPostProcessorChecker : Bean 'batchStubRunner' of type [org.springframework.cloud.contract.stubrunner.BatchStubRunner] is not eligible for getting processed by all BeanPostProcessors (for example: not eligible for auto-proxying)
2020-07-13 09:01:48.359  INFO 67 --- [           main] trationDelegate$BeanPostProcessorChecker : Bean 'org.springframework.cloud.contract.stubrunner.spring.cloud.StubRunnerSpringCloudAutoConfiguration' of type [org.springframework.cloud.contract.stubrunner.spring.cloud.StubRunnerSpringCloudAutoConfiguration$$EnhancerBySpringCGLIB$$d98c73ea] is not eligible for getting processed by all BeanPostProcessors (for example: not eligible for auto-proxying)
2020-07-13 09:01:53.668  INFO 67 --- [           main] o.s.c.g.r.RouteDefinitionRouteLocator    : Loaded RoutePredicateFactory [After]
2020-07-13 09:01:53.670  INFO 67 --- [           main] o.s.c.g.r.RouteDefinitionRouteLocator    : Loaded RoutePredicateFactory [Before]
2020-07-13 09:01:53.671  INFO 67 --- [           main] o.s.c.g.r.RouteDefinitionRouteLocator    : Loaded RoutePredicateFactory [Between]
2020-07-13 09:01:53.671  INFO 67 --- [           main] o.s.c.g.r.RouteDefinitionRouteLocator    : Loaded RoutePredicateFactory [Cookie]
2020-07-13 09:01:53.671  INFO 67 --- [           main] o.s.c.g.r.RouteDefinitionRouteLocator    : Loaded RoutePredicateFactory [Header]
2020-07-13 09:01:53.673  INFO 67 --- [           main] o.s.c.g.r.RouteDefinitionRouteLocator    : Loaded RoutePredicateFactory [Host]
2020-07-13 09:01:53.673  INFO 67 --- [           main] o.s.c.g.r.RouteDefinitionRouteLocator    : Loaded RoutePredicateFactory [Method]
2020-07-13 09:01:53.673  INFO 67 --- [           main] o.s.c.g.r.RouteDefinitionRouteLocator    : Loaded RoutePredicateFactory [Path]
2020-07-13 09:01:53.674  INFO 67 --- [           main] o.s.c.g.r.RouteDefinitionRouteLocator    : Loaded RoutePredicateFactory [Query]
2020-07-13 09:01:53.674  INFO 67 --- [           main] o.s.c.g.r.RouteDefinitionRouteLocator    : Loaded RoutePredicateFactory [ReadBodyPredicateFactory]
2020-07-13 09:01:53.674  INFO 67 --- [           main] o.s.c.g.r.RouteDefinitionRouteLocator    : Loaded RoutePredicateFactory [RemoteAddr]
2020-07-13 09:01:53.674  INFO 67 --- [           main] o.s.c.g.r.RouteDefinitionRouteLocator    : Loaded RoutePredicateFactory [Weight]
2020-07-13 09:01:53.674  INFO 67 --- [           main] o.s.c.g.r.RouteDefinitionRouteLocator    : Loaded RoutePredicateFactory [CloudFoundryRouteService]
2020-07-13 09:01:56.181  INFO 67 --- [           main] o.s.b.a.e.web.EndpointLinksResolver      : Exposing 3 endpoint(s) beneath base path '/actuator'
2020-07-13 09:01:58.646  INFO 67 --- [           main] c.*******.conferences.site.C4PApisTests  : Started C4PApisTests in 28.794 seconds (JVM running for 33.085)
Port from stub:  10323
2020-07-13 09:01:59.854  INFO 67 --- [qtp949107966-28] /                                        : RequestHandlerClass from context returned com.github.tomakehurst.wiremock.http.StubRequestHandler. Normalized mapped under returned 'null'
2020-07-13 09:02:00.257  INFO 67 --- [qtp949107966-28] WireMock                                 : Request received:
127.0.0.1 - POST /

Accept-Charset: [big5, big5-hkscs, cesu-8, euc-jp, euc-kr, gb18030, gb2312, gbk, ibm-thai, ibm00858, ibm01140, ibm01141, ibm01142, ibm01143, ibm01144, ibm01145, ibm01146, ibm01147, ibm01148, ibm01149, ibm037, ibm1026, ibm1047, ibm273, ibm277, ibm278, ibm280, ibm284, ibm285, ibm290, ibm297, ibm420, ibm424, ibm437, ibm500, ibm775, ibm850, ibm852, ibm855, ibm857, ibm860, ibm861, ibm862, ibm863, ibm864, ibm865, ibm866, ibm868, ibm869, ibm870, ibm871, ibm918, iso-2022-cn, iso-2022-jp, iso-2022-jp-2, iso-2022-kr, iso-8859-1, iso-8859-13, iso-8859-15, iso-8859-16, iso-8859-2, iso-8859-3, iso-8859-4, iso-8859-5, iso-8859-6, iso-8859-7, iso-8859-8, iso-8859-9, jis_x0201, jis_x0212-1990, koi8-r, koi8-u, shift_jis, tis-620, us-ascii, utf-16, utf-16be, utf-16le, utf-32, utf-32be, utf-32le, utf-8, windows-1250, windows-1251, windows-1252, windows-1253, windows-1254, windows-1255, windows-1256, windows-1257, windows-1258, windows-31j, x-big5-hkscs-2001, x-big5-solaris, x-euc-jp-linux, x-euc-tw, x-eucjp-open, x-ibm1006, x-ibm1025, x-ibm1046, x-ibm1097, x-ibm1098, x-ibm1112, x-ibm1122, x-ibm1123, x-ibm1124, x-ibm1166, x-ibm1364, x-ibm1381, x-ibm1383, x-ibm300, x-ibm33722, x-ibm737, x-ibm833, x-ibm834, x-ibm856, x-ibm874, x-ibm875, x-ibm921, x-ibm922, x-ibm930, x-ibm933, x-ibm935, x-ibm937, x-ibm939, x-ibm942, x-ibm942c, x-ibm943, x-ibm943c, x-ibm948, x-ibm949, x-ibm949c, x-ibm950, x-ibm964, x-ibm970, x-iscii91, x-iso-2022-cn-cns, x-iso-2022-cn-gb, x-iso-8859-11, x-jis0208, x-jisautodetect, x-johab, x-macarabic, x-maccentraleurope, x-maccroatian, x-maccyrillic, x-macdingbat, x-macgreek, x-machebrew, x-maciceland, x-macroman, x-macromania, x-macsymbol, x-macthai, x-macturkish, x-macukraine, x-ms932_0213, x-ms950-hkscs, x-ms950-hkscs-xp, x-mswin-936, x-pck, x-sjis_0213, x-utf-16le-bom, x-utf-32be-bom, x-utf-32le-bom, x-windows-50220, x-windows-50221, x-windows-874, x-windows-949, x-windows-950, x-windows-iso2022jp]
Accept: [text/plain, application/json, application/*+json, */*]
User-Agent: [Java/11.0.2]
Connection: [keep-alive]
Host: [localhost:10323]
Content-Length: [112]
Content-Type: [application/json]
{ "title" : "test title", "description" : "test description", "author": "*******", "email": "*******@mail.com" }


Matched response definition:
{
  "status" : 200,
  "body" : "{\"id\":\"0b7718fc-18a2-426f-b98b-e2366c865cc5\",\"title\":\"FVOTKRXBIVAHDYCRTIOB\",\"description\":\"JCUISJOGGESEZQNGEXRN\",\"author\":\"RJPDSAAKUPLUZVMGESXH\",\"email\":\"foo@bar-1133389383.com\"}",
  "headers" : {
    "Content-Type" : "application/json"
  },
  "transformers" : [ "response-template" ]
}

Response:
HTTP/1.1 200
Content-Type: [application/json]
Matched-Stub-Id: [fb3f1b0c-d73f-4a5a-906a-d83da3b66633]


2020-07-13 09:02:00.365  INFO 67 --- [           main] w.o.e.j.s.NetworkTrafficServerConnector  : Stopped NetworkTrafficServerConnector@7793b55d{HTTP/1.1}{0.0.0.0:10323}
2020-07-13 09:02:00.367  INFO 67 --- [           main] w.o.e.j.server.handler.ContextHandler    : Stopped w.o.e.j.s.ServletContextHandler@73958426{/,null,UNAVAILABLE}
2020-07-13 09:02:00.368  INFO 67 --- [           main] w.o.e.j.server.handler.ContextHandler    : Stopped w.o.e.j.s.ServletContextHandler@36330be8{/__*****,null,UNAVAILABLE}
2020-07-13 09:02:00.370  WARN 67 --- [           main] w.o.e.j.util.thread.QueuedThreadPool     : qtp949107966{STOPPING,8<=8<=10,i=8,q=8} Couldn't stop Thread[qtp949107966-28,5,main]
2020-07-13 09:02:00.370  WARN 67 --- [           main] w.o.e.j.util.thread.QueuedThreadPool     : qtp949107966{STOPPING,8<=8<=10,i=6,q=7} Couldn't stop Thread[qtp949107966-31,5,]
2020-07-13 09:02:00.371  WARN 67 --- [           main] w.o.e.j.util.thread.QueuedThreadPool     : qtp949107966{STOPPING,8<=8<=10,i=5,q=7} Couldn't stop Thread[qtp949107966-30,5,main]
2020-07-13 09:02:00.371  WARN 67 --- [           main] w.o.e.j.util.thread.QueuedThreadPool     : qtp949107966{STOPPING,8<=8<=10,i=5,q=6} Couldn't stop Thread[qtp949107966-26,5,main]
2020-07-13 09:02:00.372  WARN 67 --- [           main] w.o.e.j.util.thread.QueuedThreadPool     : qtp949107966{STOPPING,8<=8<=10,i=1,q=3} Couldn't stop Thread[qtp949107966-25,5,]
[INFO] Tests run: 1, Failures: 0, Errors: 0, Skipped: 0, Time elapsed: 33.334 s - in com.*******.conferences.site.C4PApisTests
[INFO] Running com.*******.conferences.site.ApiGatewayServiceTests
2020-07-13 09:02:00.375  INFO 67 --- [           main] .b.t.c.SpringBootTestContextBootstrapper : Neither @ContextConfiguration nor @ContextHierarchy found for test class [com.*******.conferences.site.ApiGatewayServiceTests], using SpringBootContextLoader
2020-07-13 09:02:00.377  INFO 67 --- [           main] o.s.t.c.support.AbstractContextLoader    : Could not detect default resource locations for test class [com.*******.conferences.site.ApiGatewayServiceTests]: no resource found for suffixes {-context.xml, Context.groovy}.
2020-07-13 09:02:00.377  INFO 67 --- [           main] t.c.s.AnnotationConfigContextLoaderUtils : Could not detect default configuration classes for test class [com.*******.conferences.site.ApiGatewayServiceTests]: ApiGatewayServiceTests does not declare any static, non-private, non-final, nested classes annotated with @Configuration.
2020-07-13 09:02:00.379  INFO 67 --- [           main] .b.t.c.SpringBootTestContextBootstrapper : Found @SpringBootConfiguration com.*******.conferences.site.ApiGatewayService for test class com.*******.conferences.site.ApiGatewayServiceTests
2020-07-13 09:02:00.381  INFO 67 --- [           main] .b.t.c.SpringBootTestContextBootstrapper : Loaded default TestExecutionListener class names from location [META-INF/spring.factories]: [org.springframework.boot.test.mock.mockito.MockitoTestExecutionListener, org.springframework.boot.test.mock.mockito.ResetMocksTestExecutionListener, org.springframework.boot.test.autoconfigure.restdocs.RestDocsTestExecutionListener, org.springframework.boot.test.autoconfigure.web.client.MockRestServiceServerResetTestExecutionListener, org.springframework.boot.test.autoconfigure.web.servlet.MockMvcPrintOnlyOnFailureTestExecutionListener, org.springframework.boot.test.autoconfigure.web.servlet.WebDriverTestExecutionListener, org.springframework.test.context.web.ServletTestExecutionListener, org.springframework.test.context.support.DirtiesContextBeforeModesTestExecutionListener, org.springframework.test.context.support.DependencyInjectionTestExecutionListener, org.springframework.test.context.support.DirtiesContextTestExecutionListener, org.springframework.test.context.transaction.TransactionalTestExecutionListener, org.springframework.test.context.jdbc.SqlScriptsTestExecutionListener, org.springframework.cloud.contract.wiremock.WireMockTestExecutionListener, org.springframework.cloud.contract.stubrunner.provider.wiremock.StubRunnerWireMockTestExecutionListener]
2020-07-13 09:02:00.383  INFO 67 --- [           main] .b.t.c.SpringBootTestContextBootstrapper : Using TestExecutionListeners: [org.springframework.test.context.web.ServletTestExecutionListener@2052c49f, org.springframework.test.context.support.DirtiesContextBeforeModesTestExecutionListener@2be83e7e, org.springframework.boot.test.mock.mockito.MockitoTestExecutionListener@df0b348, org.springframework.boot.test.autoconfigure.SpringBootDependencyInjectionTestExecutionListener@441c2d2a, org.springframework.test.context.support.DirtiesContextTestExecutionListener@72dc7f0a, org.springframework.boot.test.mock.mockito.ResetMocksTestExecutionListener@18ada4e1, org.springframework.boot.test.autoconfigure.restdocs.RestDocsTestExecutionListener@10cf3e4f, org.springframework.boot.test.autoconfigure.web.client.MockRestServiceServerResetTestExecutionListener@359f3401, org.springframework.boot.test.autoconfigure.web.servlet.MockMvcPrintOnlyOnFailureTestExecutionListener@242a3997, org.springframework.boot.test.autoconfigure.web.servlet.WebDriverTestExecutionListener@51d50b5f, org.springframework.cloud.contract.wiremock.WireMockTestExecutionListener@38816a6c, org.springframework.cloud.contract.stubrunner.provider.wiremock.StubRunnerWireMockTestExecutionListener@74727e41]
2020-07-13 09:02:00.754  INFO 67 --- [           main] trationDelegate$BeanPostProcessorChecker : Bean 'org.springframework.cloud.autoconfigure.ConfigurationPropertiesRebinderAutoConfiguration' of type [org.springframework.cloud.autoconfigure.ConfigurationPropertiesRebinderAutoConfiguration$$EnhancerBySpringCGLIB$$b3f32a1f] is not eligible for getting processed by all BeanPostProcessors (for example: not eligible for auto-proxying)

  .   ____          _            __ _ _
 /\\ / ___'_ __ _ _(_)_ __  __ _ \ \ \ \
( ( )\___ | '_ | '_| | '_ \/ _` | \ \ \ \
 \\/  ___)| |_)| | | | | || (_| |  ) ) ) )
  '  |____| .__|_| |_|_| |_\__, | / / / /
 =========|_|==============|___/=/_/_/_/
 :: Spring Boot ::        (v2.1.9.RELEASE)

2020-07-13 09:02:00.967  INFO 67 --- [           main] c.s.c.site.ApiGatewayServiceTests        : No active profile set, falling back to default profiles: default
2020-07-13 09:02:02.266  INFO 67 --- [           main] o.s.cloud.context.scope.GenericScope     : BeanFactory id=9b0706e5-58ab-3272-9baf-a3b99e9646d6
2020-07-13 09:02:02.364  INFO 67 --- [           main] trationDelegate$BeanPostProcessorChecker : Bean 'org.springframework.cloud.autoconfigure.ConfigurationPropertiesRebinderAutoConfiguration' of type [org.springframework.cloud.autoconfigure.ConfigurationPropertiesRebinderAutoConfiguration$$EnhancerBySpringCGLIB$$b3f32a1f] is not eligible for getting processed by all BeanPostProcessors (for example: not eligible for auto-proxying)
2020-07-13 09:02:03.970  INFO 67 --- [           main] o.s.c.g.r.RouteDefinitionRouteLocator    : Loaded RoutePredicateFactory [After]
2020-07-13 09:02:03.971  INFO 67 --- [           main] o.s.c.g.r.RouteDefinitionRouteLocator    : Loaded RoutePredicateFactory [Before]
2020-07-13 09:02:03.971  INFO 67 --- [           main] o.s.c.g.r.RouteDefinitionRouteLocator    : Loaded RoutePredicateFactory [Between]
2020-07-13 09:02:03.971  INFO 67 --- [           main] o.s.c.g.r.RouteDefinitionRouteLocator    : Loaded RoutePredicateFactory [Cookie]
2020-07-13 09:02:03.972  INFO 67 --- [           main] o.s.c.g.r.RouteDefinitionRouteLocator    : Loaded RoutePredicateFactory [Header]
2020-07-13 09:02:03.972  INFO 67 --- [           main] o.s.c.g.r.RouteDefinitionRouteLocator    : Loaded RoutePredicateFactory [Host]
2020-07-13 09:02:03.972  INFO 67 --- [           main] o.s.c.g.r.RouteDefinitionRouteLocator    : Loaded RoutePredicateFactory [Method]
2020-07-13 09:02:03.973  INFO 67 --- [           main] o.s.c.g.r.RouteDefinitionRouteLocator    : Loaded RoutePredicateFactory [Path]
2020-07-13 09:02:03.973  INFO 67 --- [           main] o.s.c.g.r.RouteDefinitionRouteLocator    : Loaded RoutePredicateFactory [Query]
2020-07-13 09:02:03.973  INFO 67 --- [           main] o.s.c.g.r.RouteDefinitionRouteLocator    : Loaded RoutePredicateFactory [ReadBodyPredicateFactory]
2020-07-13 09:02:03.974  INFO 67 --- [           main] o.s.c.g.r.RouteDefinitionRouteLocator    : Loaded RoutePredicateFactory [RemoteAddr]
2020-07-13 09:02:03.976  INFO 67 --- [           main] o.s.c.g.r.RouteDefinitionRouteLocator    : Loaded RoutePredicateFactory [Weight]
2020-07-13 09:02:03.977  INFO 67 --- [           main] o.s.c.g.r.RouteDefinitionRouteLocator    : Loaded RoutePredicateFactory [CloudFoundryRouteService]
2020-07-13 09:02:04.783  INFO 67 --- [           main] o.s.b.a.e.web.EndpointLinksResolver      : Exposing 3 endpoint(s) beneath base path '/actuator'
2020-07-13 09:02:05.654  INFO 67 --- [           main] c.s.c.site.ApiGatewayServiceTests        : Started ApiGatewayServiceTests in 5.268 seconds (JVM running for 40.093)
[INFO] Tests run: 1, Failures: 0, Errors: 0, Skipped: 0, Time elapsed: 5.103 s - in com.*******.conferences.site.ApiGatewayServiceTests
[INFO] 
[INFO] Results:
[INFO] 
[INFO] Tests run: 2, Failures: 0, Errors: 0, Skipped: 0
[INFO] 
[INFO] 
[INFO] --- maven-jar-plugin:3.1.2:jar (default-jar) @ fmtok8s-api-gateway ---
[INFO] Building jar: /workspace/source/target/fmtok8s-api-gateway-0.0.0-SNAPSHOT-PR-5-3.jar
[INFO] 
[INFO] --- spring-boot-maven-plugin:2.1.9.RELEASE:repackage (repackage) @ fmtok8s-api-gateway ---
[INFO] Replacing main artifact with repackaged archive
[INFO] 
[INFO] --- maven-install-plugin:2.5.2:install (default-install) @ fmtok8s-api-gateway ---
[INFO] Installing /workspace/source/target/fmtok8s-api-gateway-0.0.0-SNAPSHOT-PR-5-3.jar to /home/jenkins/.mvnrepository/com/*******/conferences/fmtok8s-api-gateway/0.0.0-SNAPSHOT-PR-5-3/fmtok8s-api-gateway-0.0.0-SNAPSHOT-PR-5-3.jar
[INFO] Installing /workspace/source/pom.xml to /home/jenkins/.mvnrepository/com/*******/conferences/fmtok8s-api-gateway/0.0.0-SNAPSHOT-PR-5-3/fmtok8s-api-gateway-0.0.0-SNAPSHOT-PR-5-3.pom
[INFO] ------------------------------------------------------------------------
[INFO] BUILD SUCCESS
[INFO] ------------------------------------------------------------------------
[INFO] Total time:  01:09 min
[INFO] Finished at: 2020-07-13T09:02:10Z
[INFO] ------------------------------------------------------------------------

Showing logs for build [32msalaboy-fmtok8s-api-gateway-pr-f4gvw-3[0m stage [32mfrom-build-pack[0m and container [32mstep-build-skaffold-version[0m
v1.0.1

Showing logs for build [32msalaboy-fmtok8s-api-gateway-pr-f4gvw-3[0m stage [32mfrom-build-pack[0m and container [32mstep-build-container-build[0m
E0713 09:02:12.258263      11 aws_credentials.go:77] while getting AWS credentials NoCredentialProviders: no valid providers in chain. Deprecated.
	For verbose messaging see aws.Config.CredentialsChainVerboseErrors
[36mINFO[0m[0001] Using dockerignore file: /workspace/source/.dockerignore 
[36mINFO[0m[0001] Retrieving image manifest openjdk:11-jre-slim 
E0713 09:02:12.729751      11 metadata.go:154] while reading 'google-dockercfg' metadata: http status code: 404 while fetching url http://metadata.google.internal./computeMetadata/v1/instance/attributes/google-dockercfg
E0713 09:02:12.733994      11 metadata.go:166] while reading 'google-dockercfg-url' metadata: http status code: 404 while fetching url http://metadata.google.internal./computeMetadata/v1/instance/attributes/google-dockercfg-url
[36mINFO[0m[0002] Retrieving image manifest openjdk:11-jre-slim 
[36mINFO[0m[0004] Built cross stage deps: map[]                
[36mINFO[0m[0004] Retrieving image manifest openjdk:11-jre-slim 
[36mINFO[0m[0005] Retrieving image manifest openjdk:11-jre-slim 
[36mINFO[0m[0006] Executing 0 build triggers                   
[36mINFO[0m[0006] cmd: EXPOSE                                  
[36mINFO[0m[0006] Adding exposed port: 8080/tcp                
[36mINFO[0m[0006] Resolving srcs [pom.xml target/lib*]...      
[36mINFO[0m[0006] Checking for cached layer gcr.io/camunda-researchanddevelopment/cache:7b42049efc472cb048f9c7ddf11642ead4b3b96b23eb4f536c750f917382ce03... 
[36mINFO[0m[0006] No cached layer found for cmd COPY pom.xml target/lib* /opt/lib/ 
[36mINFO[0m[0006] Resolving srcs [target/*.jar]...             
[36mINFO[0m[0006] Unpacking rootfs as cmd COPY pom.xml target/lib* /opt/lib/ requires it. 
[36mINFO[0m[0011] ENV PORT 8080                                
[36mINFO[0m[0011] No files changed in this command, skipping snapshotting. 
[36mINFO[0m[0011] ENV CLASSPATH /opt/lib                       
[36mINFO[0m[0011] No files changed in this command, skipping snapshotting. 
[36mINFO[0m[0011] EXPOSE 8080                                  
[36mINFO[0m[0011] cmd: EXPOSE                                  
[36mINFO[0m[0011] Adding exposed port: 8080/tcp                
[36mINFO[0m[0011] No files changed in this command, skipping snapshotting. 
[36mINFO[0m[0011] Resolving srcs [pom.xml target/lib*]...      
[36mINFO[0m[0011] COPY pom.xml target/lib* /opt/lib/           
[36mINFO[0m[0011] Resolving srcs [pom.xml target/lib*]...      
[36mINFO[0m[0011] Resolving 1 paths                            
[36mINFO[0m[0011] Taking snapshot of files...                  
[36mINFO[0m[0011] Resolving srcs [target/*.jar]...             
[36mINFO[0m[0011] Pushing layer gcr.io/camunda-researchanddevelopment/cache:7b42049efc472cb048f9c7ddf11642ead4b3b96b23eb4f536c750f917382ce03 to cache now 
[36mINFO[0m[0012] COPY target/*.jar /opt/app.jar               
[36mINFO[0m[0012] Resolving srcs [target/*.jar]...             
[36mINFO[0m[0012] Resolving 1 paths                            
[36mINFO[0m[0012] Taking snapshot of files...                  
[36mINFO[0m[0013] WORKDIR /opt                                 
[36mINFO[0m[0013] cmd: workdir                                 
[36mINFO[0m[0013] Changed working directory to /opt            
[36mINFO[0m[0013] No files changed in this command, skipping snapshotting. 
[36mINFO[0m[0013] ENTRYPOINT exec java $JAVA_OPTS -jar app.jar 
[36mINFO[0m[0013] No files changed in this command, skipping snapshotting. 
[36mINFO[0m[0013] Pushing layer gcr.io/camunda-researchanddevelopment/cache:aaf86c361671809e3978b6aed6054cea78a4370cf6035094a1554f0d30591f4a to cache now 

Showing logs for build [32msalaboy-fmtok8s-api-gateway-pr-f4gvw-3[0m stage [32mfrom-build-pack[0m and container [32mstep-postbuild-post-build[0m
no CVE provider running in the current ** namespace so skip adding image to be analysed

Showing logs for build [32msalaboy-fmtok8s-api-gateway-pr-f4gvw-3[0m stage [32mfrom-build-pack[0m and container [32mstep-promote-make-preview[0m
sed -i -e "s/version:.*/version: 0.0.0-SNAPSHOT-PR-5-3/" Chart.yaml
sed -i -e "s/version:.*/version: 0.0.0-SNAPSHOT-PR-5-3/" ../*/Chart.yaml
sed -i -e "s|repository:.*|repository: gcr.io\/camunda-researchanddevelopment\/fmtok8s-api-gateway|" values.yaml
sed -i -e "s/tag:.*/tag: 0.0.0-SNAPSHOT-PR-5-3/" values.yaml
echo "  version: 0.0.0-SNAPSHOT-PR-5-3" >> requirements.yaml
** step helm build
WARNING: No $CHART_REPOSITORY defined so using the default value of: http://jenkins-x-chartmuseum:8080
Adding missing Helm repo: storage.googleapis.com https://storage.googleapis.com/chartmuseum.jenkins-x.io
Successfully added Helm repository storage.googleapis.com.
Adding missing Helm repo: jenkins-x-chartmuseum http://jenkins-x-chartmuseum:8080
Successfully added Helm repository jenkins-x-chartmuseum.
WARNING: No $CHART_REPOSITORY defined so using the default value of: http://jenkins-x-chartmuseum:8080
Adding missing Helm repo: chartmuseum.jenkins-x.io http://chartmuseum.jenkins-x.io
Successfully added Helm repository chartmuseum.jenkins-x.io.

Showing logs for build [32msalaboy-fmtok8s-api-gateway-pr-f4gvw-3[0m stage [32mfrom-build-pack[0m and container [32mstep-promote-jx-preview[0m
Creating a preview
Found commit author match for: ******* with email address: *******@gmail.com
expose:
  Annotations:
    helm.sh/hook: post-install,post-upgrade
    helm.sh/hook-delete-policy: hook-succeeded
  config:
    domain: 34.65.78.40.nip.io
    exposer: Ingress
    http: "true"
preview:
  image:
    repository: gcr.io/camunda-researchanddevelopment/fmtok8s-api-gateway
    tag: 0.0.0-SNAPSHOT-PR-5-3

Updating PipelineActivities *******-fmtok8s-api-gateway-pr-5-3 which has status Running
Preview application is now available at: http://fmtok8s-api-gateway.**-*******-fmtok8s-api-gateway-pr-5.34.65.78.40.nip.io
