
Showing logs for build [32msalaboy-fmtok8s-api-gateway-pr-z6k26-8[0m stage [32mfrom-build-pack[0m and container [32mstep-credential-initializer-n64nc[0m
{"level":"info","ts":1595495166.7456248,"logger":"fallback-logger","caller":"logging/config.go:69","msg":"Fetch GitHub commit ID from kodata failed: open /var/run/ko/refs/heads/0.8.0-ns-support: no such file or directory"}
{"level":"info","ts":1595495166.746187,"logger":"fallback-logger","caller":"creds-init/main.go:40","msg":"Credentials initialized."}

Showing logs for build [32msalaboy-fmtok8s-api-gateway-pr-z6k26-8[0m stage [32mfrom-build-pack[0m and container [32mstep-working-dir-initializer-85drh[0m
{"level":"info","ts":1595495167.6977592,"logger":"fallback-logger","caller":"logging/config.go:69","msg":"Fetch GitHub commit ID from kodata failed: open /var/run/ko/HEAD: no such file or directory"}
{"level":"info","ts":1595495167.6992989,"logger":"fallback-logger","caller":"bash/main.go:64","msg":"Successfully executed command \"sh -c mkdir -p /workspace/source\"; output "}

Showing logs for build [32msalaboy-fmtok8s-api-gateway-pr-z6k26-8[0m stage [32mfrom-build-pack[0m and container [32mstep-place-tools[0m

Showing logs for build [32msalaboy-fmtok8s-api-gateway-pr-z6k26-8[0m stage [32mfrom-build-pack[0m and container [32mstep-git-source-salaboy-fmtok8s-api-gateway-pr-z6k26-n67gv[0m
{"level":"info","ts":1595495174.910725,"logger":"fallback-logger","caller":"logging/config.go:69","msg":"Fetch GitHub commit ID from kodata failed: open /var/run/ko/refs/heads/0.8.0-ns-support: no such file or directory"}
{"level":"info","ts":1595495176.2219293,"logger":"fallback-logger","caller":"git/git.go:103","msg":"Successfully cloned https://github.com/*******/fmtok8s-api-gateway.git @ master in path /workspace/source"}

Showing logs for build [32msalaboy-fmtok8s-api-gateway-pr-z6k26-8[0m stage [32mfrom-build-pack[0m and container [32mstep-setup-builder-home[0m

Showing logs for build [32msalaboy-fmtok8s-api-gateway-pr-z6k26-8[0m stage [32mfrom-build-pack[0m and container [32mstep-git-merge[0m
Using SHAs from PULL_REFS=master:8e2c7aeaf193b3c566a2fb538e42ef6f57556864,5:4d19d3f759231bea7ab188613da4cbb63035727a
DEBUG: LC_ALL=C JX_LOG_LEVEL=error git fetch origin --unshallow 4d19d3f759231bea7ab188613da4cbb63035727a: 8e2c7aeaf193b3c566a2fb538e42ef6f57556864:
DEBUG: ran git fetch --unshallow origin 4d19d3f759231bea7ab188613da4cbb63035727a: 8e2c7aeaf193b3c566a2fb538e42ef6f57556864: in 
DEBUG: LC_ALL=C JX_LOG_LEVEL=error git branch
DEBUG: LC_ALL=C JX_LOG_LEVEL=error git checkout master
DEBUG: ran git checkout master in 
DEBUG: LC_ALL=C JX_LOG_LEVEL=error git reset --hard 8e2c7aeaf193b3c566a2fb538e42ef6f57556864
DEBUG: ran git reset --hard 8e2c7aeaf193b3c566a2fb538e42ef6f57556864 in 
DEBUG: LC_ALL=C JX_LOG_LEVEL=error git clean -fd .
DEBUG: ran clean --force -d . in 
DEBUG: LC_ALL=C JX_LOG_LEVEL=error git merge 4d19d3f759231bea7ab188613da4cbb63035727a
DEBUG: ran git merge 4d19d3f759231bea7ab188613da4cbb63035727a in 
DEBUG: LC_ALL=C JX_LOG_LEVEL=error git log --format=%H%x1f%an%x1f%ae%x1f%cn%x1f%ce%x1f%s%n%b%x1e 8e2c7aeaf193b3c566a2fb538e42ef6f57556864..HEAD
Merged SHA 4d19d3f759231bea7ab188613da4cbb63035727a with commit message 'adding image and css' into base branch master
Merged SHA 8c64fffd421d7b93417c3dabc3d5439801fd0c1c with commit message 'cat tag' into base branch master

Showing logs for build [32msalaboy-fmtok8s-api-gateway-pr-z6k26-8[0m stage [32mfrom-build-pack[0m and container [32mstep-build-set-version[0m
Picked up _JAVA_OPTIONS: -XX:+UnlockExperimentalVMOptions -Dsun.zip.disableMemoryMapping=true -XX:+UseParallelGC -XX:MinHeapFreeRatio=5 -XX:MaxHeapFreeRatio=10 -XX:GCTimeRatio=4 -XX:AdaptiveSizePolicyWeight=90 -Xms10m -Xmx192m
[INFO] Scanning for projects...
[INFO] 
[INFO] ------------< com.*******.conferences:fmtok8s-api-gateway >-------------
[INFO] Building FMTOK8S :: API Gateway 0.0.1-SNAPSHOT
[INFO] --------------------------------[ jar ]---------------------------------
[INFO] 
[INFO] --- versions-maven-plugin:2.7:set (default-cli) @ fmtok8s-api-gateway ---
[INFO] Searching for local aggregator root...
[INFO] Local aggregation root: /workspace/source
[INFO] Processing change of com.*******.conferences:fmtok8s-api-gateway:0.0.1-SNAPSHOT -> 0.0.0-SNAPSHOT-PR-5-8
[INFO] Processing com.*******.conferences:fmtok8s-api-gateway
[INFO]     Updating project com.*******.conferences:fmtok8s-api-gateway
[INFO]         from version 0.0.1-SNAPSHOT to 0.0.0-SNAPSHOT-PR-5-8
[INFO] 
[INFO] ------------------------------------------------------------------------
[INFO] BUILD SUCCESS
[INFO] ------------------------------------------------------------------------
[INFO] Total time:  13.888 s
[INFO] Finished at: 2020-07-23T09:06:37Z
[INFO] ------------------------------------------------------------------------

Showing logs for build [32msalaboy-fmtok8s-api-gateway-pr-z6k26-8[0m stage [32mfrom-build-pack[0m and container [32mstep-build-mvn-install[0m
Picked up _JAVA_OPTIONS: -XX:+UnlockExperimentalVMOptions -Dsun.zip.disableMemoryMapping=true -XX:+UseParallelGC -XX:MinHeapFreeRatio=5 -XX:MaxHeapFreeRatio=10 -XX:GCTimeRatio=4 -XX:AdaptiveSizePolicyWeight=90 -Xms10m -Xmx192m
[INFO] Scanning for projects...
[INFO] 
[INFO] ------------< com.*******.conferences:fmtok8s-api-gateway >-------------
[INFO] Building FMTOK8S :: API Gateway 0.0.0-SNAPSHOT-PR-5-8
[INFO] --------------------------------[ jar ]---------------------------------
[INFO] 
[INFO] --- maven-resources-plugin:3.1.0:resources (default-resources) @ fmtok8s-api-gateway ---
[INFO] Using 'UTF-8' encoding to copy filtered resources.
[INFO] Copying 1 resource
[INFO] Copying 16 resources
[INFO] 
[INFO] --- maven-compiler-plugin:3.8.1:compile (default-compile) @ fmtok8s-api-gateway ---
[INFO] Changes detected - recompiling the module!
[INFO] Compiling 4 source files to /workspace/source/target/classes
[INFO] 
[INFO] --- maven-resources-plugin:3.1.0:testResources (default-testResources) @ fmtok8s-api-gateway ---
[INFO] Using 'UTF-8' encoding to copy filtered resources.
[INFO] skip non existing resourceDirectory /workspace/source/src/test/resources
[INFO] 
[INFO] --- maven-compiler-plugin:3.8.1:testCompile (default-testCompile) @ fmtok8s-api-gateway ---
[INFO] Changes detected - recompiling the module!
[INFO] Compiling 2 source files to /workspace/source/target/test-classes
[INFO] 
[INFO] --- maven-surefire-plugin:3.0.0-M1:test (default-test) @ fmtok8s-api-gateway ---
[INFO] 
[INFO] -------------------------------------------------------
[INFO]  T E S T S
[INFO] -------------------------------------------------------
[INFO] Running com.*******.conferences.site.C4PApisTests
09:07:05.263 [main] DEBUG org.springframework.test.context.junit4.SpringJUnit4ClassRunner - SpringJUnit4ClassRunner constructor called with [class com.*******.conferences.site.C4PApisTests]
09:07:05.275 [main] DEBUG org.springframework.test.context.BootstrapUtils - Instantiating CacheAwareContextLoaderDelegate from class [org.springframework.test.context.cache.DefaultCacheAwareContextLoaderDelegate]
09:07:05.350 [main] DEBUG org.springframework.test.context.BootstrapUtils - Instantiating BootstrapContext using constructor [public org.springframework.test.context.support.DefaultBootstrapContext(java.lang.Class,org.springframework.test.context.CacheAwareContextLoaderDelegate)]
09:07:05.449 [main] DEBUG org.springframework.test.context.BootstrapUtils - Instantiating TestContextBootstrapper for test class [com.*******.conferences.site.C4PApisTests] from class [org.springframework.boot.test.context.SpringBootTestContextBootstrapper]
09:07:05.464 [main] INFO org.springframework.boot.test.context.SpringBootTestContextBootstrapper - Neither @ContextConfiguration nor @ContextHierarchy found for test class [com.*******.conferences.site.C4PApisTests], using SpringBootContextLoader
09:07:05.469 [main] DEBUG org.springframework.test.context.support.AbstractContextLoader - Did not detect default resource location for test class [com.*******.conferences.site.C4PApisTests]: class path resource [com/*******/conferences/site/C4PApisTests-context.xml] does not exist
09:07:05.470 [main] DEBUG org.springframework.test.context.support.AbstractContextLoader - Did not detect default resource location for test class [com.*******.conferences.site.C4PApisTests]: class path resource [com/*******/conferences/site/C4PApisTestsContext.groovy] does not exist
09:07:05.471 [main] INFO org.springframework.test.context.support.AbstractContextLoader - Could not detect default resource locations for test class [com.*******.conferences.site.C4PApisTests]: no resource found for suffixes {-context.xml, Context.groovy}.
09:07:05.539 [main] INFO org.springframework.test.context.support.AnnotationConfigContextLoaderUtils - Could not detect default configuration classes for test class [com.*******.conferences.site.C4PApisTests]: C4PApisTests does not declare any static, non-private, non-final, nested classes annotated with @Configuration.
09:07:05.765 [main] DEBUG org.springframework.test.context.support.ActiveProfilesUtils - Could not find an 'annotation declaring class' for annotation type [org.springframework.test.context.ActiveProfiles] and class [com.*******.conferences.site.C4PApisTests]
09:07:05.973 [main] DEBUG org.springframework.context.annotation.ClassPathScanningCandidateComponentProvider - Identified candidate component class: file [/workspace/source/target/classes/com/*******/conferences/site/ApiGatewayService.class]
09:07:06.050 [main] INFO org.springframework.boot.test.context.SpringBootTestContextBootstrapper - Found @SpringBootConfiguration com.*******.conferences.site.ApiGatewayService for test class com.*******.conferences.site.C4PApisTests
09:07:06.347 [main] DEBUG org.springframework.boot.test.context.SpringBootTestContextBootstrapper - @TestExecutionListeners is not present for class [com.*******.conferences.site.C4PApisTests]: using defaults.
09:07:06.348 [main] INFO org.springframework.boot.test.context.SpringBootTestContextBootstrapper - Loaded default TestExecutionListener class names from location [META-INF/spring.factories]: [org.springframework.boot.test.mock.mockito.MockitoTestExecutionListener, org.springframework.boot.test.mock.mockito.ResetMocksTestExecutionListener, org.springframework.boot.test.autoconfigure.restdocs.RestDocsTestExecutionListener, org.springframework.boot.test.autoconfigure.web.client.MockRestServiceServerResetTestExecutionListener, org.springframework.boot.test.autoconfigure.web.servlet.MockMvcPrintOnlyOnFailureTestExecutionListener, org.springframework.boot.test.autoconfigure.web.servlet.WebDriverTestExecutionListener, org.springframework.test.context.web.ServletTestExecutionListener, org.springframework.test.context.support.DirtiesContextBeforeModesTestExecutionListener, org.springframework.test.context.support.DependencyInjectionTestExecutionListener, org.springframework.test.context.support.DirtiesContextTestExecutionListener, org.springframework.test.context.transaction.TransactionalTestExecutionListener, org.springframework.test.context.jdbc.SqlScriptsTestExecutionListener, org.springframework.cloud.contract.wiremock.WireMockTestExecutionListener, org.springframework.cloud.contract.stubrunner.provider.wiremock.StubRunnerWireMockTestExecutionListener]
09:07:06.450 [main] DEBUG org.springframework.boot.test.context.SpringBootTestContextBootstrapper - Skipping candidate TestExecutionListener [org.springframework.test.context.transaction.TransactionalTestExecutionListener] due to a missing dependency. Specify custom listener classes or make the default listener classes and their required dependencies available. Offending class: [org/springframework/transaction/interceptor/TransactionAttributeSource]
09:07:06.452 [main] DEBUG org.springframework.boot.test.context.SpringBootTestContextBootstrapper - Skipping candidate TestExecutionListener [org.springframework.test.context.jdbc.SqlScriptsTestExecutionListener] due to a missing dependency. Specify custom listener classes or make the default listener classes and their required dependencies available. Offending class: [org/springframework/transaction/interceptor/TransactionAttribute]
09:07:06.453 [main] INFO org.springframework.boot.test.context.SpringBootTestContextBootstrapper - Using TestExecutionListeners: [org.springframework.test.context.web.ServletTestExecutionListener@65b104b9, org.springframework.test.context.support.DirtiesContextBeforeModesTestExecutionListener@6c4980d3, org.springframework.boot.test.mock.mockito.MockitoTestExecutionListener@327bcebd, org.springframework.boot.test.autoconfigure.SpringBootDependencyInjectionTestExecutionListener@19c65cdc, org.springframework.test.context.support.DirtiesContextTestExecutionListener@74bf1791, org.springframework.boot.test.mock.mockito.ResetMocksTestExecutionListener@54504ecd, org.springframework.boot.test.autoconfigure.restdocs.RestDocsTestExecutionListener@38b27cdc, org.springframework.boot.test.autoconfigure.web.client.MockRestServiceServerResetTestExecutionListener@1339e7aa, org.springframework.boot.test.autoconfigure.web.servlet.MockMvcPrintOnlyOnFailureTestExecutionListener@1fb669c3, org.springframework.boot.test.autoconfigure.web.servlet.WebDriverTestExecutionListener@49c66ade, org.springframework.cloud.contract.wiremock.WireMockTestExecutionListener@6239aba6, org.springframework.cloud.contract.stubrunner.provider.wiremock.StubRunnerWireMockTestExecutionListener@3e6104fc]
09:07:06.456 [main] DEBUG org.springframework.test.annotation.ProfileValueUtils - Retrieved @ProfileValueSourceConfiguration [null] for test class [com.*******.conferences.site.C4PApisTests]
09:07:06.456 [main] DEBUG org.springframework.test.annotation.ProfileValueUtils - Retrieved ProfileValueSource type [class org.springframework.test.annotation.SystemProfileValueSource] for class [com.*******.conferences.site.C4PApisTests]
09:07:06.458 [main] DEBUG org.springframework.test.annotation.ProfileValueUtils - Retrieved @ProfileValueSourceConfiguration [null] for test class [com.*******.conferences.site.C4PApisTests]
09:07:06.458 [main] DEBUG org.springframework.test.annotation.ProfileValueUtils - Retrieved ProfileValueSource type [class org.springframework.test.annotation.SystemProfileValueSource] for class [com.*******.conferences.site.C4PApisTests]
09:07:06.460 [main] DEBUG org.springframework.test.annotation.ProfileValueUtils - Retrieved @ProfileValueSourceConfiguration [null] for test class [com.*******.conferences.site.C4PApisTests]
09:07:06.460 [main] DEBUG org.springframework.test.annotation.ProfileValueUtils - Retrieved ProfileValueSource type [class org.springframework.test.annotation.SystemProfileValueSource] for class [com.*******.conferences.site.C4PApisTests]
09:07:06.464 [main] DEBUG org.springframework.test.context.support.AbstractDirtiesContextTestExecutionListener - Before test class: context [DefaultTestContext@492691d7 testClass = C4PApisTests, testInstance = [null], testMethod = [null], testException = [null], mergedContextConfiguration = [ReactiveWebMergedContextConfiguration@27216cd testClass = C4PApisTests, locations = '{}', classes = '{class com.*******.conferences.site.ApiGatewayService}', contextInitializerClasses = '[]', activeProfiles = '{}', propertySourceLocations = '{}', propertySourceProperties = '{org.springframework.boot.test.context.SpringBootTestContextBootstrapper=true}', contextCustomizers = set[[ImportsContextCustomizer@558bdf1f key = [org.springframework.boot.test.autoconfigure.web.servlet.MockMvcAutoConfiguration, org.springframework.boot.test.autoconfigure.web.servlet.MockMvcSecurityAutoConfiguration, org.springframework.boot.test.autoconfigure.web.servlet.MockMvcWebClientAutoConfiguration, org.springframework.boot.test.autoconfigure.web.servlet.MockMvcWebDriverAutoConfiguration, org.springframework.boot.test.autoconfigure.json.JsonTestersAutoConfiguration, org.springframework.boot.autoconfigure.gson.GsonAutoConfiguration, org.springframework.boot.autoconfigure.jackson.JacksonAutoConfiguration, org.springframework.boot.autoconfigure.jsonb.JsonbAutoConfiguration, org.springframework.cloud.contract.stubrunner.spring.StubRunnerConfiguration, org.springframework.cloud.contract.stubrunner.spring.cloud.StubRunnerSpringCloudAutoConfiguration, org.springframework.cloud.contract.stubrunner.spring.cloud.ribbon.StubRunnerRibbonAutoConfiguration, org.springframework.cloud.contract.stubrunner.messaging.integration.StubRunnerIntegrationConfiguration, org.springframework.cloud.contract.stubrunner.messaging.stream.StubRunnerStreamConfiguration, org.springframework.cloud.contract.stubrunner.spring.cloud.zookeeper.StubRunnerSpringCloudZookeeperAutoConfiguration, org.springframework.cloud.contract.stubrunner.spring.cloud.eureka.StubRunnerSpringCloudEurekaAutoConfiguration, org.springframework.cloud.contract.stubrunner.spring.cloud.consul.StubRunnerSpringCloudConsulAutoConfiguration, org.springframework.cloud.contract.stubrunner.messaging.StubRunnerStreamsIntegrationAutoConfiguration, org.springframework.cloud.contract.stubrunner.messaging.camel.StubRunnerCamelConfiguration, org.springframework.cloud.contract.verifier.messaging.stream.ContractVerifierStreamAutoConfiguration, org.springframework.cloud.contract.verifier.messaging.integration.ContractVerifierIntegrationConfiguration, org.springframework.cloud.contract.verifier.messaging.amqp.ContractVerifierAmqpAutoConfiguration, org.springframework.cloud.contract.verifier.messaging.amqp.RabbitMockConnectionFactoryAutoConfiguration, org.springframework.cloud.contract.verifier.messaging.camel.ContractVerifierCamelConfiguration, org.springframework.cloud.contract.verifier.messaging.noop.NoOpContractVerifierAutoConfiguration]], org.springframework.boot.test.context.filter.ExcludeFilterContextCustomizer@3b6ddd1d, org.springframework.boot.test.json.DuplicateJsonObjectContextCustomizerFactory$DuplicateJsonObjectContextCustomizer@1da2cb77, org.springframework.boot.test.mock.mockito.MockitoContextCustomizer@0, org.springframework.boot.test.web.client.TestRestTemplateContextCustomizer@52af26ee, org.springframework.boot.test.web.reactive.server.WebTestClientContextCustomizer@c88a337, org.springframework.boot.test.autoconfigure.properties.PropertyMappingContextCustomizer@f1b5ad83, org.springframework.boot.test.autoconfigure.web.servlet.WebDriverContextCustomizerFactory$Customizer@957e06], contextLoader = 'org.springframework.boot.test.context.SpringBootContextLoader', parent = [null]], attributes = map[[empty]]], class annotated with @DirtiesContext [true] with mode [AFTER_CLASS].
09:07:06.640 [main] DEBUG org.springframework.test.context.support.TestPropertySourceUtils - Adding inlined properties to environment: {spring.jmx.enabled=false, org.springframework.boot.test.context.SpringBootTestContextBootstrapper=true, server.port=-1}
2020-07-23 09:07:10.749  INFO 65 --- [           main] trationDelegate$BeanPostProcessorChecker : Bean 'org.springframework.cloud.autoconfigure.ConfigurationPropertiesRebinderAutoConfiguration' of type [org.springframework.cloud.autoconfigure.ConfigurationPropertiesRebinderAutoConfiguration$$EnhancerBySpringCGLIB$$fe64eb50] is not eligible for getting processed by all BeanPostProcessors (for example: not eligible for auto-proxying)

  .   ____          _            __ _ _
 /\\ / ___'_ __ _ _(_)_ __  __ _ \ \ \ \
( ( )\___ | '_ | '_| | '_ \/ _` | \ \ \ \
 \\/  ___)| |_)| | | | | || (_| |  ) ) ) )
  '  |____| .__|_| |_|_| |_\__, | / / / /
 =========|_|==============|___/=/_/_/_/
 :: Spring Boot ::        (v2.1.9.RELEASE)

2020-07-23 09:07:11.353  INFO 65 --- [           main] c.*******.conferences.site.C4PApisTests  : No active profile set, falling back to default profiles: default
2020-07-23 09:07:14.945  INFO 65 --- [           main] o.s.cloud.context.scope.GenericScope     : BeanFactory id=bfd28ad8-b1bc-36f7-83d7-bab871a3f763
2020-07-23 09:07:15.171  INFO 65 --- [           main] trationDelegate$BeanPostProcessorChecker : Bean 'org.springframework.cloud.autoconfigure.ConfigurationPropertiesRebinderAutoConfiguration' of type [org.springframework.cloud.autoconfigure.ConfigurationPropertiesRebinderAutoConfiguration$$EnhancerBySpringCGLIB$$fe64eb50] is not eligible for getting processed by all BeanPostProcessors (for example: not eligible for auto-proxying)
2020-07-23 09:07:15.268  INFO 65 --- [           main] trationDelegate$BeanPostProcessorChecker : Bean 'stubrunner-org.springframework.cloud.contract.stubrunner.spring.StubRunnerProperties' of type [org.springframework.cloud.contract.stubrunner.spring.StubRunnerProperties] is not eligible for getting processed by all BeanPostProcessors (for example: not eligible for auto-proxying)
2020-07-23 09:07:15.271  INFO 65 --- [           main] trationDelegate$BeanPostProcessorChecker : Bean 'org.springframework.cloud.contract.stubrunner.spring.StubRunnerConfiguration' of type [org.springframework.cloud.contract.stubrunner.spring.StubRunnerConfiguration$$EnhancerBySpringCGLIB$$5acebac3] is not eligible for getting processed by all BeanPostProcessors (for example: not eligible for auto-proxying)
2020-07-23 09:07:15.348  INFO 65 --- [           main] o.s.c.c.s.AetherStubDownloaderBuilder    : Will download stubs and contracts via Aether
2020-07-23 09:07:15.972  INFO 65 --- [           main] o.s.c.c.stubrunner.AetherStubDownloader  : Desired version is [+] - will try to resolve the latest version
2020-07-23 09:07:16.759  INFO 65 --- [           main] o.s.c.c.stubrunner.AetherStubDownloader  : Resolved version is [0.0.48]
2020-07-23 09:07:16.773  INFO 65 --- [           main] o.s.c.c.stubrunner.AetherStubDownloader  : Resolved artifact [com.*******.conferences:fmtok8s-c4p:jar:stubs:0.0.48] to /tmp/aether-local15251367454941284643/com/*******/conferences/fmtok8s-c4p/0.0.48/fmtok8s-c4p-0.0.48-stubs.jar
2020-07-23 09:07:16.774  INFO 65 --- [           main] o.s.c.c.stubrunner.AetherStubDownloader  : Unpacking stub from JAR [URI: file:/tmp/aether-local15251367454941284643/com/*******/conferences/fmtok8s-c4p/0.0.48/fmtok8s-c4p-0.0.48-stubs.jar]
2020-07-23 09:07:16.780  INFO 65 --- [           main] o.s.c.c.stubrunner.AetherStubDownloader  : Unpacked file to [/tmp/contracts16953750291037670182]
2020-07-23 09:07:19.750  INFO 65 --- [           main] wiremock.org.eclipse.jetty.util.log      : Logging initialized @16700ms
2020-07-23 09:07:19.773  WARN 65 --- [           main] w.o.e.j.s.NetworkTrafficServerConnector  : Acceptors should be <= availableProcessors: NetworkTrafficServerConnector@19e2db7c{HTTP/1.1}{0.0.0.0:0}
2020-07-23 09:07:19.871  INFO 65 --- [           main] w.org.eclipse.jetty.server.Server        : jetty-9.2.z-SNAPSHOT
2020-07-23 09:07:19.955  INFO 65 --- [           main] w.o.e.j.server.handler.ContextHandler    : Started w.o.e.j.s.ServletContextHandler@24258b54{/__*****,null,AVAILABLE}
2020-07-23 09:07:19.956  INFO 65 --- [           main] w.o.e.j.server.handler.ContextHandler    : Started w.o.e.j.s.ServletContextHandler@36ecf9f6{/,null,AVAILABLE}
2020-07-23 09:07:19.970  INFO 65 --- [           main] w.o.e.j.s.NetworkTrafficServerConnector  : Started NetworkTrafficServerConnector@19e2db7c{HTTP/1.1}{0.0.0.0:14785}
2020-07-23 09:07:19.970  INFO 65 --- [           main] w.org.eclipse.jetty.server.Server        : Started @16921ms
2020-07-23 09:07:19.972  INFO 65 --- [           main] o.s.c.contract.stubrunner.StubServer     : Started stub server for project [com.*******.conferences:fmtok8s-c4p:0.0.48:stubs] on port 14785
2020-07-23 09:07:20.746  INFO 65 --- [qtp778778524-28] /__*****                                 : RequestHandlerClass from context returned com.github.tomakehurst.wiremock.http.AdminRequestHandler. Normalized mapped under returned 'null'
2020-07-23 09:07:20.778  INFO 65 --- [qtp778778524-28] WireMock                                 : Admin request received:
127.0.0.1 - POST /mappings

Connection: [keep-alive]
User-Agent: [Apache-HttpClient/4.5.5 (Java/11.0.2)]
Host: [localhost:14785]
Content-Length: [225]
Content-Type: [text/plain; charset=UTF-8]
{
  "id" : "7cf6992f-e3ff-4292-be43-042fef386a8b",
  "request" : {
    "url" : "/ping",
    "method" : "GET"
  },
  "response" : {
    "status" : 200,
    "body" : "OK"
  },
  "uuid" : "7cf6992f-e3ff-4292-be43-042fef386a8b"
}

2020-07-23 09:07:21.055  INFO 65 --- [qtp778778524-29] WireMock                                 : Admin request received:
127.0.0.1 - POST /mappings

Connection: [keep-alive]
User-Agent: [Apache-HttpClient/4.5.5 (Java/11.0.2)]
Host: [localhost:14785]
Content-Length: [227]
Content-Type: [text/plain; charset=UTF-8]
{
  "id" : "e7dfa044-1a04-4705-b08c-110ea5ecc9fa",
  "request" : {
    "url" : "/health",
    "method" : "GET"
  },
  "response" : {
    "status" : 200,
    "body" : "OK"
  },
  "uuid" : "e7dfa044-1a04-4705-b08c-110ea5ecc9fa"
}

2020-07-23 09:07:21.260  INFO 65 --- [qtp778778524-30] WireMock                                 : Admin request received:
127.0.0.1 - POST /mappings

Connection: [keep-alive]
User-Agent: [Apache-HttpClient/4.5.5 (Java/11.0.2)]
Host: [localhost:14785]
Content-Length: [979]
Content-Type: [text/plain; charset=UTF-8]
{
  "id" : "e664e7c5-3455-4843-a241-2a5872200a9c",
  "request" : {
    "url" : "/",
    "method" : "POST",
    "headers" : {
      "Content-Type" : {
        "matches" : "application/json.*"
      }
    },
    "bodyPatterns" : [ {
      "matchesJsonPath" : "$[?(@.['title'] =~ /[\\S\\s]+/)]"
    }, {
      "matchesJsonPath" : "$[?(@.['description'] =~ /[\\S\\s]+/)]"
    }, {
      "matchesJsonPath" : "$[?(@.['author'] =~ /[\\S\\s]+/)]"
    }, {
      "matchesJsonPath" : "$[?(@.['email'] =~ /[a-zA-Z0-9._%+-]+@[a-zA-Z0-9.-]+\\.[a-zA-Z]{2,6}/)]"
    } ]
  },
  "response" : {
    "status" : 200,
    "body" : "{\"id\":\"13eea46f-bcba-4cad-a5a2-bb4faf2efc89\",\"title\":\"ZPZVSEMAPTRSNHJGXBLP\",\"description\":\"GPUFWRICEJFTMTPIOOXU\",\"author\":\"TGCPZTKKTSGTQKIBRDDI\",\"email\":\"foo@bar250384556.com\"}",
    "headers" : {
      "Content-Type" : "application/json"
    },
    "transformers" : [ "response-template" ]
  },
  "uuid" : "e664e7c5-3455-4843-a241-2a5872200a9c"
}

2020-07-23 09:07:21.751  INFO 65 --- [           main] o.s.c.c.stubrunner.StubRunnerExecutor    : All stubs are now running RunningStubs [namesAndPorts={com.*******.conferences:fmtok8s-c4p:0.0.48:stubs=14785}]
2020-07-23 09:07:21.755  INFO 65 --- [           main] trationDelegate$BeanPostProcessorChecker : Bean 'batchStubRunner' of type [org.springframework.cloud.contract.stubrunner.BatchStubRunner] is not eligible for getting processed by all BeanPostProcessors (for example: not eligible for auto-proxying)
2020-07-23 09:07:21.766  INFO 65 --- [           main] trationDelegate$BeanPostProcessorChecker : Bean 'org.springframework.cloud.contract.stubrunner.spring.cloud.StubRunnerSpringCloudAutoConfiguration' of type [org.springframework.cloud.contract.stubrunner.spring.cloud.StubRunnerSpringCloudAutoConfiguration$$EnhancerBySpringCGLIB$$23fe351b] is not eligible for getting processed by all BeanPostProcessors (for example: not eligible for auto-proxying)
2020-07-23 09:07:26.149  INFO 65 --- [           main] o.s.c.g.r.RouteDefinitionRouteLocator    : Loaded RoutePredicateFactory [After]
2020-07-23 09:07:26.149  INFO 65 --- [           main] o.s.c.g.r.RouteDefinitionRouteLocator    : Loaded RoutePredicateFactory [Before]
2020-07-23 09:07:26.150  INFO 65 --- [           main] o.s.c.g.r.RouteDefinitionRouteLocator    : Loaded RoutePredicateFactory [Between]
2020-07-23 09:07:26.150  INFO 65 --- [           main] o.s.c.g.r.RouteDefinitionRouteLocator    : Loaded RoutePredicateFactory [Cookie]
2020-07-23 09:07:26.150  INFO 65 --- [           main] o.s.c.g.r.RouteDefinitionRouteLocator    : Loaded RoutePredicateFactory [Header]
2020-07-23 09:07:26.150  INFO 65 --- [           main] o.s.c.g.r.RouteDefinitionRouteLocator    : Loaded RoutePredicateFactory [Host]
2020-07-23 09:07:26.150  INFO 65 --- [           main] o.s.c.g.r.RouteDefinitionRouteLocator    : Loaded RoutePredicateFactory [Method]
2020-07-23 09:07:26.150  INFO 65 --- [           main] o.s.c.g.r.RouteDefinitionRouteLocator    : Loaded RoutePredicateFactory [Path]
2020-07-23 09:07:26.151  INFO 65 --- [           main] o.s.c.g.r.RouteDefinitionRouteLocator    : Loaded RoutePredicateFactory [Query]
2020-07-23 09:07:26.151  INFO 65 --- [           main] o.s.c.g.r.RouteDefinitionRouteLocator    : Loaded RoutePredicateFactory [ReadBodyPredicateFactory]
2020-07-23 09:07:26.151  INFO 65 --- [           main] o.s.c.g.r.RouteDefinitionRouteLocator    : Loaded RoutePredicateFactory [RemoteAddr]
2020-07-23 09:07:26.151  INFO 65 --- [           main] o.s.c.g.r.RouteDefinitionRouteLocator    : Loaded RoutePredicateFactory [Weight]
2020-07-23 09:07:26.151  INFO 65 --- [           main] o.s.c.g.r.RouteDefinitionRouteLocator    : Loaded RoutePredicateFactory [CloudFoundryRouteService]
2020-07-23 09:07:27.757  INFO 65 --- [           main] o.s.b.a.e.web.EndpointLinksResolver      : Exposing 3 endpoint(s) beneath base path '/actuator'
2020-07-23 09:07:29.846  INFO 65 --- [           main] c.*******.conferences.site.C4PApisTests  : Started C4PApisTests in 23.194 seconds (JVM running for 26.798)
Port from stub:  14785
2020-07-23 09:07:30.756  INFO 65 --- [qtp778778524-28] /                                        : RequestHandlerClass from context returned com.github.tomakehurst.wiremock.http.StubRequestHandler. Normalized mapped under returned 'null'
2020-07-23 09:07:31.141  INFO 65 --- [qtp778778524-28] WireMock                                 : Request received:
127.0.0.1 - POST /

Accept-Charset: [big5, big5-hkscs, cesu-8, euc-jp, euc-kr, gb18030, gb2312, gbk, ibm-thai, ibm00858, ibm01140, ibm01141, ibm01142, ibm01143, ibm01144, ibm01145, ibm01146, ibm01147, ibm01148, ibm01149, ibm037, ibm1026, ibm1047, ibm273, ibm277, ibm278, ibm280, ibm284, ibm285, ibm290, ibm297, ibm420, ibm424, ibm437, ibm500, ibm775, ibm850, ibm852, ibm855, ibm857, ibm860, ibm861, ibm862, ibm863, ibm864, ibm865, ibm866, ibm868, ibm869, ibm870, ibm871, ibm918, iso-2022-cn, iso-2022-jp, iso-2022-jp-2, iso-2022-kr, iso-8859-1, iso-8859-13, iso-8859-15, iso-8859-16, iso-8859-2, iso-8859-3, iso-8859-4, iso-8859-5, iso-8859-6, iso-8859-7, iso-8859-8, iso-8859-9, jis_x0201, jis_x0212-1990, koi8-r, koi8-u, shift_jis, tis-620, us-ascii, utf-16, utf-16be, utf-16le, utf-32, utf-32be, utf-32le, utf-8, windows-1250, windows-1251, windows-1252, windows-1253, windows-1254, windows-1255, windows-1256, windows-1257, windows-1258, windows-31j, x-big5-hkscs-2001, x-big5-solaris, x-euc-jp-linux, x-euc-tw, x-eucjp-open, x-ibm1006, x-ibm1025, x-ibm1046, x-ibm1097, x-ibm1098, x-ibm1112, x-ibm1122, x-ibm1123, x-ibm1124, x-ibm1166, x-ibm1364, x-ibm1381, x-ibm1383, x-ibm300, x-ibm33722, x-ibm737, x-ibm833, x-ibm834, x-ibm856, x-ibm874, x-ibm875, x-ibm921, x-ibm922, x-ibm930, x-ibm933, x-ibm935, x-ibm937, x-ibm939, x-ibm942, x-ibm942c, x-ibm943, x-ibm943c, x-ibm948, x-ibm949, x-ibm949c, x-ibm950, x-ibm964, x-ibm970, x-iscii91, x-iso-2022-cn-cns, x-iso-2022-cn-gb, x-iso-8859-11, x-jis0208, x-jisautodetect, x-johab, x-macarabic, x-maccentraleurope, x-maccroatian, x-maccyrillic, x-macdingbat, x-macgreek, x-machebrew, x-maciceland, x-macroman, x-macromania, x-macsymbol, x-macthai, x-macturkish, x-macukraine, x-ms932_0213, x-ms950-hkscs, x-ms950-hkscs-xp, x-mswin-936, x-pck, x-sjis_0213, x-utf-16le-bom, x-utf-32be-bom, x-utf-32le-bom, x-windows-50220, x-windows-50221, x-windows-874, x-windows-949, x-windows-950, x-windows-iso2022jp]
Accept: [text/plain, application/json, application/*+json, */*]
User-Agent: [Java/11.0.2]
Connection: [keep-alive]
Host: [localhost:14785]
Content-Length: [112]
Content-Type: [application/json]
{ "title" : "test title", "description" : "test description", "author": "*******", "email": "*******@mail.com" }


Matched response definition:
{
  "status" : 200,
  "body" : "{\"id\":\"13eea46f-bcba-4cad-a5a2-bb4faf2efc89\",\"title\":\"ZPZVSEMAPTRSNHJGXBLP\",\"description\":\"GPUFWRICEJFTMTPIOOXU\",\"author\":\"TGCPZTKKTSGTQKIBRDDI\",\"email\":\"foo@bar250384556.com\"}",
  "headers" : {
    "Content-Type" : "application/json"
  },
  "transformers" : [ "response-template" ]
}

Response:
HTTP/1.1 200
Content-Type: [application/json]
Matched-Stub-Id: [e664e7c5-3455-4843-a241-2a5872200a9c]


2020-07-23 09:07:31.262  INFO 65 --- [           main] w.o.e.j.s.NetworkTrafficServerConnector  : Stopped NetworkTrafficServerConnector@19e2db7c{HTTP/1.1}{0.0.0.0:14785}
2020-07-23 09:07:31.264  INFO 65 --- [           main] w.o.e.j.server.handler.ContextHandler    : Stopped w.o.e.j.s.ServletContextHandler@36ecf9f6{/,null,UNAVAILABLE}
2020-07-23 09:07:31.265  INFO 65 --- [           main] w.o.e.j.server.handler.ContextHandler    : Stopped w.o.e.j.s.ServletContextHandler@24258b54{/__*****,null,UNAVAILABLE}
2020-07-23 09:07:31.274  WARN 65 --- [           main] w.o.e.j.util.thread.QueuedThreadPool     : qtp778778524{STOPPING,8<=8<=10,i=3,q=6} Couldn't stop Thread[qtp778778524-29,5,main]
2020-07-23 09:07:31.274  WARN 65 --- [           main] w.o.e.j.util.thread.QueuedThreadPool     : qtp778778524{STOPPING,8<=8<=10,i=1,q=5} Couldn't stop Thread[qtp778778524-25,5,]
[INFO] Tests run: 1, Failures: 0, Errors: 0, Skipped: 0, Time elapsed: 26.909 s - in com.*******.conferences.site.C4PApisTests
[INFO] Running com.*******.conferences.site.ApiGatewayServiceTests
2020-07-23 09:07:31.281  INFO 65 --- [           main] .b.t.c.SpringBootTestContextBootstrapper : Neither @ContextConfiguration nor @ContextHierarchy found for test class [com.*******.conferences.site.ApiGatewayServiceTests], using SpringBootContextLoader
2020-07-23 09:07:31.283  INFO 65 --- [           main] o.s.t.c.support.AbstractContextLoader    : Could not detect default resource locations for test class [com.*******.conferences.site.ApiGatewayServiceTests]: no resource found for suffixes {-context.xml, Context.groovy}.
2020-07-23 09:07:31.283  INFO 65 --- [           main] t.c.s.AnnotationConfigContextLoaderUtils : Could not detect default configuration classes for test class [com.*******.conferences.site.ApiGatewayServiceTests]: ApiGatewayServiceTests does not declare any static, non-private, non-final, nested classes annotated with @Configuration.
2020-07-23 09:07:31.285  INFO 65 --- [           main] .b.t.c.SpringBootTestContextBootstrapper : Found @SpringBootConfiguration com.*******.conferences.site.ApiGatewayService for test class com.*******.conferences.site.ApiGatewayServiceTests
2020-07-23 09:07:31.342  INFO 65 --- [           main] .b.t.c.SpringBootTestContextBootstrapper : Loaded default TestExecutionListener class names from location [META-INF/spring.factories]: [org.springframework.boot.test.mock.mockito.MockitoTestExecutionListener, org.springframework.boot.test.mock.mockito.ResetMocksTestExecutionListener, org.springframework.boot.test.autoconfigure.restdocs.RestDocsTestExecutionListener, org.springframework.boot.test.autoconfigure.web.client.MockRestServiceServerResetTestExecutionListener, org.springframework.boot.test.autoconfigure.web.servlet.MockMvcPrintOnlyOnFailureTestExecutionListener, org.springframework.boot.test.autoconfigure.web.servlet.WebDriverTestExecutionListener, org.springframework.test.context.web.ServletTestExecutionListener, org.springframework.test.context.support.DirtiesContextBeforeModesTestExecutionListener, org.springframework.test.context.support.DependencyInjectionTestExecutionListener, org.springframework.test.context.support.DirtiesContextTestExecutionListener, org.springframework.test.context.transaction.TransactionalTestExecutionListener, org.springframework.test.context.jdbc.SqlScriptsTestExecutionListener, org.springframework.cloud.contract.wiremock.WireMockTestExecutionListener, org.springframework.cloud.contract.stubrunner.provider.wiremock.StubRunnerWireMockTestExecutionListener]
2020-07-23 09:07:31.344  INFO 65 --- [           main] .b.t.c.SpringBootTestContextBootstrapper : Using TestExecutionListeners: [org.springframework.test.context.web.ServletTestExecutionListener@4ab959e8, org.springframework.test.context.support.DirtiesContextBeforeModesTestExecutionListener@39d4f046, org.springframework.boot.test.mock.mockito.MockitoTestExecutionListener@5f910283, org.springframework.boot.test.autoconfigure.SpringBootDependencyInjectionTestExecutionListener@6e2764c9, org.springframework.test.context.support.DirtiesContextTestExecutionListener@6e5106fc, org.springframework.boot.test.mock.mockito.ResetMocksTestExecutionListener@70199db0, org.springframework.boot.test.autoconfigure.restdocs.RestDocsTestExecutionListener@274b0c2a, org.springframework.boot.test.autoconfigure.web.client.MockRestServiceServerResetTestExecutionListener@721f3526, org.springframework.boot.test.autoconfigure.web.servlet.MockMvcPrintOnlyOnFailureTestExecutionListener@149fab7f, org.springframework.boot.test.autoconfigure.web.servlet.WebDriverTestExecutionListener@28d74041, org.springframework.cloud.contract.wiremock.WireMockTestExecutionListener@5702232d, org.springframework.cloud.contract.stubrunner.provider.wiremock.StubRunnerWireMockTestExecutionListener@5cbf9aee]
2020-07-23 09:07:31.647  INFO 65 --- [           main] trationDelegate$BeanPostProcessorChecker : Bean 'org.springframework.cloud.autoconfigure.ConfigurationPropertiesRebinderAutoConfiguration' of type [org.springframework.cloud.autoconfigure.ConfigurationPropertiesRebinderAutoConfiguration$$EnhancerBySpringCGLIB$$fe64eb50] is not eligible for getting processed by all BeanPostProcessors (for example: not eligible for auto-proxying)

  .   ____          _            __ _ _
 /\\ / ___'_ __ _ _(_)_ __  __ _ \ \ \ \
( ( )\___ | '_ | '_| | '_ \/ _` | \ \ \ \
 \\/  ___)| |_)| | | | | || (_| |  ) ) ) )
  '  |____| .__|_| |_|_| |_\__, | / / / /
 =========|_|==============|___/=/_/_/_/
 :: Spring Boot ::        (v2.1.9.RELEASE)

2020-07-23 09:07:31.776  INFO 65 --- [           main] c.s.c.site.ApiGatewayServiceTests        : No active profile set, falling back to default profiles: default
2020-07-23 09:07:32.772  INFO 65 --- [           main] o.s.cloud.context.scope.GenericScope     : BeanFactory id=e88ce526-83a9-3d97-9f47-bb30fa6b4699
2020-07-23 09:07:32.858  INFO 65 --- [           main] trationDelegate$BeanPostProcessorChecker : Bean 'org.springframework.cloud.autoconfigure.ConfigurationPropertiesRebinderAutoConfiguration' of type [org.springframework.cloud.autoconfigure.ConfigurationPropertiesRebinderAutoConfiguration$$EnhancerBySpringCGLIB$$fe64eb50] is not eligible for getting processed by all BeanPostProcessors (for example: not eligible for auto-proxying)
2020-07-23 09:07:34.281  INFO 65 --- [           main] o.s.c.g.r.RouteDefinitionRouteLocator    : Loaded RoutePredicateFactory [After]
2020-07-23 09:07:34.281  INFO 65 --- [           main] o.s.c.g.r.RouteDefinitionRouteLocator    : Loaded RoutePredicateFactory [Before]
2020-07-23 09:07:34.282  INFO 65 --- [           main] o.s.c.g.r.RouteDefinitionRouteLocator    : Loaded RoutePredicateFactory [Between]
2020-07-23 09:07:34.282  INFO 65 --- [           main] o.s.c.g.r.RouteDefinitionRouteLocator    : Loaded RoutePredicateFactory [Cookie]
2020-07-23 09:07:34.282  INFO 65 --- [           main] o.s.c.g.r.RouteDefinitionRouteLocator    : Loaded RoutePredicateFactory [Header]
2020-07-23 09:07:34.282  INFO 65 --- [           main] o.s.c.g.r.RouteDefinitionRouteLocator    : Loaded RoutePredicateFactory [Host]
2020-07-23 09:07:34.282  INFO 65 --- [           main] o.s.c.g.r.RouteDefinitionRouteLocator    : Loaded RoutePredicateFactory [Method]
2020-07-23 09:07:34.282  INFO 65 --- [           main] o.s.c.g.r.RouteDefinitionRouteLocator    : Loaded RoutePredicateFactory [Path]
2020-07-23 09:07:34.282  INFO 65 --- [           main] o.s.c.g.r.RouteDefinitionRouteLocator    : Loaded RoutePredicateFactory [Query]
2020-07-23 09:07:34.339  INFO 65 --- [           main] o.s.c.g.r.RouteDefinitionRouteLocator    : Loaded RoutePredicateFactory [ReadBodyPredicateFactory]
2020-07-23 09:07:34.339  INFO 65 --- [           main] o.s.c.g.r.RouteDefinitionRouteLocator    : Loaded RoutePredicateFactory [RemoteAddr]
2020-07-23 09:07:34.339  INFO 65 --- [           main] o.s.c.g.r.RouteDefinitionRouteLocator    : Loaded RoutePredicateFactory [Weight]
2020-07-23 09:07:34.340  INFO 65 --- [           main] o.s.c.g.r.RouteDefinitionRouteLocator    : Loaded RoutePredicateFactory [CloudFoundryRouteService]
2020-07-23 09:07:34.979  INFO 65 --- [           main] o.s.b.a.e.web.EndpointLinksResolver      : Exposing 3 endpoint(s) beneath base path '/actuator'
2020-07-23 09:07:36.062  INFO 65 --- [           main] c.s.c.site.ApiGatewayServiceTests        : Started ApiGatewayServiceTests in 4.714 seconds (JVM running for 33.013)
[INFO] Tests run: 1, Failures: 0, Errors: 0, Skipped: 0, Time elapsed: 4.707 s - in com.*******.conferences.site.ApiGatewayServiceTests
[INFO] 
[INFO] Results:
[INFO] 
[INFO] Tests run: 2, Failures: 0, Errors: 0, Skipped: 0
[INFO] 
[INFO] 
[INFO] --- maven-jar-plugin:3.1.2:jar (default-jar) @ fmtok8s-api-gateway ---
[INFO] Building jar: /workspace/source/target/fmtok8s-api-gateway-0.0.0-SNAPSHOT-PR-5-8.jar
[INFO] 
[INFO] --- spring-boot-maven-plugin:2.1.9.RELEASE:repackage (repackage) @ fmtok8s-api-gateway ---
[INFO] Replacing main artifact with repackaged archive
[INFO] 
[INFO] --- maven-install-plugin:2.5.2:install (default-install) @ fmtok8s-api-gateway ---
[INFO] Installing /workspace/source/target/fmtok8s-api-gateway-0.0.0-SNAPSHOT-PR-5-8.jar to /home/jenkins/.mvnrepository/com/*******/conferences/fmtok8s-api-gateway/0.0.0-SNAPSHOT-PR-5-8/fmtok8s-api-gateway-0.0.0-SNAPSHOT-PR-5-8.jar
[INFO] Installing /workspace/source/pom.xml to /home/jenkins/.mvnrepository/com/*******/conferences/fmtok8s-api-gateway/0.0.0-SNAPSHOT-PR-5-8/fmtok8s-api-gateway-0.0.0-SNAPSHOT-PR-5-8.pom
[INFO] ------------------------------------------------------------------------
[INFO] BUILD SUCCESS
[INFO] ------------------------------------------------------------------------
[INFO] Total time:  59.212 s
[INFO] Finished at: 2020-07-23T09:07:40Z
[INFO] ------------------------------------------------------------------------

Showing logs for build [32msalaboy-fmtok8s-api-gateway-pr-z6k26-8[0m stage [32mfrom-build-pack[0m and container [32mstep-build-skaffold-version[0m
v1.0.1

Showing logs for build [32msalaboy-fmtok8s-api-gateway-pr-z6k26-8[0m stage [32mfrom-build-pack[0m and container [32mstep-build-container-build[0m
E0723 09:07:41.883886      11 aws_credentials.go:77] while getting AWS credentials NoCredentialProviders: no valid providers in chain. Deprecated.
	For verbose messaging see aws.Config.CredentialsChainVerboseErrors
[36mINFO[0m[0001] Using dockerignore file: /workspace/source/.dockerignore 
[36mINFO[0m[0001] Retrieving image manifest openjdk:11-jre-slim 
E0723 09:07:42.327883      11 metadata.go:154] while reading 'google-dockercfg' metadata: http status code: 404 while fetching url http://metadata.google.internal./computeMetadata/v1/instance/attributes/google-dockercfg
E0723 09:07:42.330990      11 metadata.go:166] while reading 'google-dockercfg-url' metadata: http status code: 404 while fetching url http://metadata.google.internal./computeMetadata/v1/instance/attributes/google-dockercfg-url
[36mINFO[0m[0002] Retrieving image manifest openjdk:11-jre-slim 
[36mINFO[0m[0003] Built cross stage deps: map[]                
[36mINFO[0m[0003] Retrieving image manifest openjdk:11-jre-slim 
[36mINFO[0m[0004] Retrieving image manifest openjdk:11-jre-slim 
[36mINFO[0m[0005] Executing 0 build triggers                   
[36mINFO[0m[0005] cmd: EXPOSE                                  
[36mINFO[0m[0005] Adding exposed port: 8080/tcp                
[36mINFO[0m[0005] Resolving srcs [pom.xml target/lib*]...      
[36mINFO[0m[0005] Checking for cached layer gcr.io/camunda-researchanddevelopment/cache:434ede6b5c1024e1519ec8ae609a5f60f1f010ea24738124b2cc7df713722fb2... 
[36mINFO[0m[0006] No cached layer found for cmd COPY pom.xml target/lib* /opt/lib/ 
[36mINFO[0m[0006] Resolving srcs [target/*.jar]...             
[36mINFO[0m[0006] Unpacking rootfs as cmd COPY pom.xml target/lib* /opt/lib/ requires it. 
[36mINFO[0m[0011] ENV PORT 8080                                
[36mINFO[0m[0011] No files changed in this command, skipping snapshotting. 
[36mINFO[0m[0011] ENV CLASSPATH /opt/lib                       
[36mINFO[0m[0011] No files changed in this command, skipping snapshotting. 
[36mINFO[0m[0011] EXPOSE 8080                                  
[36mINFO[0m[0011] cmd: EXPOSE                                  
[36mINFO[0m[0011] Adding exposed port: 8080/tcp                
[36mINFO[0m[0011] No files changed in this command, skipping snapshotting. 
[36mINFO[0m[0011] Resolving srcs [pom.xml target/lib*]...      
[36mINFO[0m[0011] COPY pom.xml target/lib* /opt/lib/           
[36mINFO[0m[0011] Resolving srcs [pom.xml target/lib*]...      
[36mINFO[0m[0011] Resolving 1 paths                            
[36mINFO[0m[0011] Taking snapshot of files...                  
[36mINFO[0m[0011] Resolving srcs [target/*.jar]...             
[36mINFO[0m[0011] Pushing layer gcr.io/camunda-researchanddevelopment/cache:434ede6b5c1024e1519ec8ae609a5f60f1f010ea24738124b2cc7df713722fb2 to cache now 
[36mINFO[0m[0011] COPY target/*.jar /opt/app.jar               
[36mINFO[0m[0011] Resolving srcs [target/*.jar]...             
[36mINFO[0m[0011] Resolving 1 paths                            
[36mINFO[0m[0011] Taking snapshot of files...                  
[36mINFO[0m[0012] WORKDIR /opt                                 
[36mINFO[0m[0012] cmd: workdir                                 
[36mINFO[0m[0012] Changed working directory to /opt            
[36mINFO[0m[0012] No files changed in this command, skipping snapshotting. 
[36mINFO[0m[0012] ENTRYPOINT exec java $JAVA_OPTS -jar app.jar 
[36mINFO[0m[0012] No files changed in this command, skipping snapshotting. 
[36mINFO[0m[0012] Pushing layer gcr.io/camunda-researchanddevelopment/cache:123d2882501471fd44d2d1e7a532242c299b390dee89722466b26eb8ab41834e to cache now 

Showing logs for build [32msalaboy-fmtok8s-api-gateway-pr-z6k26-8[0m stage [32mfrom-build-pack[0m and container [32mstep-postbuild-post-build[0m
no CVE provider running in the current ** namespace so skip adding image to be analysed

Showing logs for build [32msalaboy-fmtok8s-api-gateway-pr-z6k26-8[0m stage [32mfrom-build-pack[0m and container [32mstep-promote-make-preview[0m
sed -i -e "s/version:.*/version: 0.0.0-SNAPSHOT-PR-5-8/" Chart.yaml
sed -i -e "s/version:.*/version: 0.0.0-SNAPSHOT-PR-5-8/" ../*/Chart.yaml
sed -i -e "s|repository:.*|repository: gcr.io\/camunda-researchanddevelopment\/fmtok8s-api-gateway|" values.yaml
sed -i -e "s/tag:.*/tag: 0.0.0-SNAPSHOT-PR-5-8/" values.yaml
echo "  version: 0.0.0-SNAPSHOT-PR-5-8" >> requirements.yaml
** step helm build
WARNING: No $CHART_REPOSITORY defined so using the default value of: http://jenkins-x-chartmuseum:8080
Adding missing Helm repo: storage.googleapis.com https://storage.googleapis.com/chartmuseum.jenkins-x.io
Successfully added Helm repository storage.googleapis.com.
Adding missing Helm repo: jenkins-x-chartmuseum http://jenkins-x-chartmuseum:8080
Successfully added Helm repository jenkins-x-chartmuseum.
WARNING: No $CHART_REPOSITORY defined so using the default value of: http://jenkins-x-chartmuseum:8080
Adding missing Helm repo: chartmuseum.jenkins-x.io http://chartmuseum.jenkins-x.io
Successfully added Helm repository chartmuseum.jenkins-x.io.

Showing logs for build [32msalaboy-fmtok8s-api-gateway-pr-z6k26-8[0m stage [32mfrom-build-pack[0m and container [32mstep-promote-jx-preview[0m
Creating a preview
Found commit author match for: ******* with email address: *******@gmail.com
expose:
  Annotations:
    helm.sh/hook: post-install,post-upgrade
    helm.sh/hook-delete-policy: hook-succeeded
  config:
    domain: 34.65.78.40.nip.io
    exposer: Ingress
    http: "true"
preview:
  image:
    repository: gcr.io/camunda-researchanddevelopment/fmtok8s-api-gateway
    tag: 0.0.0-SNAPSHOT-PR-5-8

Updating PipelineActivities *******-fmtok8s-api-gateway-pr-5-8 which has status Running
Preview application is now available at: http://fmtok8s-api-gateway.**-*******-fmtok8s-api-gateway-pr-5.34.65.78.40.nip.io
