
Showing logs for build [32msalaboy-fmtok8s-api-gateway-mas-fxjpt-13[0m stage [32mfrom-build-pack[0m and container [32mstep-credential-initializer-sb2vd[0m
{"level":"warn","ts":1582813778.1067376,"logger":"fallback-logger","caller":"logging/config.go:69","msg":"Fetch GitHub commit ID from kodata failed: \"ref: refs/heads/0.8.0-**-support-backwards-incompats\" is not a valid GitHub commit ID"}
{"level":"info","ts":1582813778.1073885,"logger":"fallback-logger","caller":"creds-init/main.go:40","msg":"Credentials initialized."}

Showing logs for build [32msalaboy-fmtok8s-api-gateway-mas-fxjpt-13[0m stage [32mfrom-build-pack[0m and container [32mstep-working-dir-initializer-dch4n[0m
{"level":"warn","ts":1582813779.1950283,"logger":"fallback-logger","caller":"logging/config.go:69","msg":"Fetch GitHub commit ID from kodata failed: open /var/run/ko/HEAD: no such file or directory"}
{"level":"info","ts":1582813779.2237506,"logger":"fallback-logger","caller":"bash/main.go:64","msg":"Successfully executed command \"sh -c mkdir -p /workspace/source\"; output "}

Showing logs for build [32msalaboy-fmtok8s-api-gateway-mas-fxjpt-13[0m stage [32mfrom-build-pack[0m and container [32mstep-place-tools[0m

Showing logs for build [32msalaboy-fmtok8s-api-gateway-mas-fxjpt-13[0m stage [32mfrom-build-pack[0m and container [32mstep-git-source-salaboy-fmtok8s-api-gateway-mas-fxjpt-zfmzh[0m
{"level":"warn","ts":1582813786.2614918,"logger":"fallback-logger","caller":"logging/config.go:69","msg":"Fetch GitHub commit ID from kodata failed: \"ref: refs/heads/0.8.0-**-support-backwards-incompats\" is not a valid GitHub commit ID"}
{"level":"info","ts":1582813787.730707,"logger":"fallback-logger","caller":"git/git.go:103","msg":"Successfully cloned https://github.com/*******/fmtok8s-api-gateway.git @ v0.0.13 in path /workspace/source"}

Showing logs for build [32msalaboy-fmtok8s-api-gateway-mas-fxjpt-13[0m stage [32mfrom-build-pack[0m and container [32mstep-git-merge[0m
Using SHAs from PULL_REFS=master:f4161e570fd1c0fd8987c9cc92020f8fbaaf8511
WARNING: no SHAs to merge, falling back to initial cloned commit

Showing logs for build [32msalaboy-fmtok8s-api-gateway-mas-fxjpt-13[0m stage [32mfrom-build-pack[0m and container [32mstep-setup-jx-git-credentials[0m
Generated Git credentials file /workspace/xdg_config/git/credentials

Showing logs for build [32msalaboy-fmtok8s-api-gateway-mas-fxjpt-13[0m stage [32mfrom-build-pack[0m and container [32mstep-build-mvn-deploy[0m
Picked up _JAVA_OPTIONS: -XX:+UnlockExperimentalVMOptions -Dsun.zip.disableMemoryMapping=true -XX:+UseParallelGC -XX:MinHeapFreeRatio=5 -XX:MaxHeapFreeRatio=10 -XX:GCTimeRatio=4 -XX:AdaptiveSizePolicyWeight=90 -Xms10m -Xmx192m
[INFO] Scanning for projects...
[INFO] 
[INFO] ----------------< com.*******.conferences:api-gateway >-----------------
[INFO] Building FMTOK8S :: API Gateway 0.0.13
[INFO] --------------------------------[ jar ]---------------------------------
[INFO] 
[INFO] --- maven-clean-plugin:3.1.0:clean (default-clean) @ api-gateway ---
[INFO] 
[INFO] --- maven-resources-plugin:3.1.0:resources (default-resources) @ api-gateway ---
[INFO] Using 'UTF-8' encoding to copy filtered resources.
[INFO] Copying 1 resource
[INFO] Copying 8 resources
[INFO] 
[INFO] --- maven-compiler-plugin:3.8.1:compile (default-compile) @ api-gateway ---
[INFO] Changes detected - recompiling the module!
[INFO] Compiling 3 source files to /workspace/source/target/classes
[INFO] 
[INFO] --- maven-resources-plugin:3.1.0:testResources (default-testResources) @ api-gateway ---
[INFO] Using 'UTF-8' encoding to copy filtered resources.
[INFO] skip non existing resourceDirectory /workspace/source/src/test/resources
[INFO] 
[INFO] --- maven-compiler-plugin:3.8.1:testCompile (default-testCompile) @ api-gateway ---
[INFO] Changes detected - recompiling the module!
[INFO] Compiling 2 source files to /workspace/source/target/test-classes
[INFO] 
[INFO] --- maven-surefire-plugin:3.0.0-M1:test (default-test) @ api-gateway ---
[INFO] 
[INFO] -------------------------------------------------------
[INFO]  T E S T S
[INFO] -------------------------------------------------------
[INFO] Running com.*******.conferences.site.DemoApplicationTests
14:30:32.290 [main] DEBUG org.springframework.test.context.junit4.SpringJUnit4ClassRunner - SpringJUnit4ClassRunner constructor called with [class com.*******.conferences.site.DemoApplicationTests]
14:30:32.350 [main] DEBUG org.springframework.test.context.BootstrapUtils - Instantiating CacheAwareContextLoaderDelegate from class [org.springframework.test.context.cache.DefaultCacheAwareContextLoaderDelegate]
14:30:32.391 [main] DEBUG org.springframework.test.context.BootstrapUtils - Instantiating BootstrapContext using constructor [public org.springframework.test.context.support.DefaultBootstrapContext(java.lang.Class,org.springframework.test.context.CacheAwareContextLoaderDelegate)]
14:30:32.554 [main] DEBUG org.springframework.test.context.BootstrapUtils - Instantiating TestContextBootstrapper for test class [com.*******.conferences.site.DemoApplicationTests] from class [org.springframework.boot.test.context.SpringBootTestContextBootstrapper]
14:30:32.580 [main] INFO org.springframework.boot.test.context.SpringBootTestContextBootstrapper - Neither @ContextConfiguration nor @ContextHierarchy found for test class [com.*******.conferences.site.DemoApplicationTests], using SpringBootContextLoader
14:30:32.593 [main] DEBUG org.springframework.test.context.support.AbstractContextLoader - Did not detect default resource location for test class [com.*******.conferences.site.DemoApplicationTests]: class path resource [com/*******/conferences/site/DemoApplicationTests-context.xml] does not exist
14:30:32.601 [main] DEBUG org.springframework.test.context.support.AbstractContextLoader - Did not detect default resource location for test class [com.*******.conferences.site.DemoApplicationTests]: class path resource [com/*******/conferences/site/DemoApplicationTestsContext.groovy] does not exist
14:30:32.602 [main] INFO org.springframework.test.context.support.AbstractContextLoader - Could not detect default resource locations for test class [com.*******.conferences.site.DemoApplicationTests]: no resource found for suffixes {-context.xml, Context.groovy}.
14:30:32.643 [main] INFO org.springframework.test.context.support.AnnotationConfigContextLoaderUtils - Could not detect default configuration classes for test class [com.*******.conferences.site.DemoApplicationTests]: DemoApplicationTests does not declare any static, non-private, non-final, nested classes annotated with @Configuration.
14:30:32.862 [main] DEBUG org.springframework.test.context.support.ActiveProfilesUtils - Could not find an 'annotation declaring class' for annotation type [org.springframework.test.context.ActiveProfiles] and class [com.*******.conferences.site.DemoApplicationTests]
14:30:33.260 [main] DEBUG org.springframework.context.annotation.ClassPathScanningCandidateComponentProvider - Identified candidate component class: file [/workspace/source/target/classes/com/*******/conferences/site/DemoApplication.class]
14:30:33.271 [main] INFO org.springframework.boot.test.context.SpringBootTestContextBootstrapper - Found @SpringBootConfiguration com.*******.conferences.site.DemoApplication for test class com.*******.conferences.site.DemoApplicationTests
14:30:33.653 [main] DEBUG org.springframework.boot.test.context.SpringBootTestContextBootstrapper - @TestExecutionListeners is not present for class [com.*******.conferences.site.DemoApplicationTests]: using defaults.
14:30:33.655 [main] INFO org.springframework.boot.test.context.SpringBootTestContextBootstrapper - Loaded default TestExecutionListener class names from location [META-INF/spring.factories]: [org.springframework.boot.test.mock.mockito.MockitoTestExecutionListener, org.springframework.boot.test.mock.mockito.ResetMocksTestExecutionListener, org.springframework.boot.test.autoconfigure.restdocs.RestDocsTestExecutionListener, org.springframework.boot.test.autoconfigure.web.client.MockRestServiceServerResetTestExecutionListener, org.springframework.boot.test.autoconfigure.web.servlet.MockMvcPrintOnlyOnFailureTestExecutionListener, org.springframework.boot.test.autoconfigure.web.servlet.WebDriverTestExecutionListener, org.springframework.test.context.web.ServletTestExecutionListener, org.springframework.test.context.support.DirtiesContextBeforeModesTestExecutionListener, org.springframework.test.context.support.DependencyInjectionTestExecutionListener, org.springframework.test.context.support.DirtiesContextTestExecutionListener, org.springframework.test.context.transaction.TransactionalTestExecutionListener, org.springframework.test.context.jdbc.SqlScriptsTestExecutionListener, org.springframework.cloud.contract.wiremock.WireMockTestExecutionListener, org.springframework.cloud.contract.stubrunner.provider.wiremock.StubRunnerWireMockTestExecutionListener]
14:30:33.686 [main] DEBUG org.springframework.boot.test.context.SpringBootTestContextBootstrapper - Skipping candidate TestExecutionListener [org.springframework.test.context.transaction.TransactionalTestExecutionListener] due to a missing dependency. Specify custom listener classes or make the default listener classes and their required dependencies available. Offending class: [org/springframework/transaction/TransactionDefinition]
14:30:33.689 [main] DEBUG org.springframework.boot.test.context.SpringBootTestContextBootstrapper - Skipping candidate TestExecutionListener [org.springframework.test.context.jdbc.SqlScriptsTestExecutionListener] due to a missing dependency. Specify custom listener classes or make the default listener classes and their required dependencies available. Offending class: [org/springframework/transaction/interceptor/TransactionAttribute]
14:30:33.693 [main] INFO org.springframework.boot.test.context.SpringBootTestContextBootstrapper - Using TestExecutionListeners: [org.springframework.test.context.web.ServletTestExecutionListener@301eda63, org.springframework.test.context.support.DirtiesContextBeforeModesTestExecutionListener@3d246ea3, org.springframework.boot.test.mock.mockito.MockitoTestExecutionListener@341814d3, org.springframework.boot.test.autoconfigure.SpringBootDependencyInjectionTestExecutionListener@4397ad89, org.springframework.test.context.support.DirtiesContextTestExecutionListener@59cba5a, org.springframework.boot.test.mock.mockito.ResetMocksTestExecutionListener@1bd39d3c, org.springframework.boot.test.autoconfigure.restdocs.RestDocsTestExecutionListener@6f19ac19, org.springframework.boot.test.autoconfigure.web.client.MockRestServiceServerResetTestExecutionListener@119cbf96, org.springframework.boot.test.autoconfigure.web.servlet.MockMvcPrintOnlyOnFailureTestExecutionListener@71329995, org.springframework.boot.test.autoconfigure.web.servlet.WebDriverTestExecutionListener@768fc0f2, org.springframework.cloud.contract.wiremock.WireMockTestExecutionListener@5454d35e, org.springframework.cloud.contract.stubrunner.provider.wiremock.StubRunnerWireMockTestExecutionListener@20c0a64d]
14:30:33.744 [main] DEBUG org.springframework.test.annotation.ProfileValueUtils - Retrieved @ProfileValueSourceConfiguration [null] for test class [com.*******.conferences.site.DemoApplicationTests]
14:30:33.746 [main] DEBUG org.springframework.test.annotation.ProfileValueUtils - Retrieved ProfileValueSource type [class org.springframework.test.annotation.SystemProfileValueSource] for class [com.*******.conferences.site.DemoApplicationTests]
14:30:33.750 [main] DEBUG org.springframework.test.annotation.ProfileValueUtils - Retrieved @ProfileValueSourceConfiguration [null] for test class [com.*******.conferences.site.DemoApplicationTests]
14:30:33.752 [main] DEBUG org.springframework.test.annotation.ProfileValueUtils - Retrieved ProfileValueSource type [class org.springframework.test.annotation.SystemProfileValueSource] for class [com.*******.conferences.site.DemoApplicationTests]
14:30:33.755 [main] DEBUG org.springframework.test.annotation.ProfileValueUtils - Retrieved @ProfileValueSourceConfiguration [null] for test class [com.*******.conferences.site.DemoApplicationTests]
14:30:33.757 [main] DEBUG org.springframework.test.annotation.ProfileValueUtils - Retrieved ProfileValueSource type [class org.springframework.test.annotation.SystemProfileValueSource] for class [com.*******.conferences.site.DemoApplicationTests]
14:30:33.763 [main] DEBUG org.springframework.test.context.support.AbstractDirtiesContextTestExecutionListener - Before test class: context [DefaultTestContext@1e8b7643 testClass = DemoApplicationTests, testInstance = [null], testMethod = [null], testException = [null], mergedContextConfiguration = [ReactiveWebMergedContextConfiguration@51549490 testClass = DemoApplicationTests, locations = '{}', classes = '{class com.*******.conferences.site.DemoApplication}', contextInitializerClasses = '[]', activeProfiles = '{}', propertySourceLocations = '{}', propertySourceProperties = '{org.springframework.boot.test.context.SpringBootTestContextBootstrapper=true}', contextCustomizers = set[org.springframework.boot.test.context.filter.ExcludeFilterContextCustomizer@cad498c, org.springframework.boot.test.json.DuplicateJsonObjectContextCustomizerFactory$DuplicateJsonObjectContextCustomizer@b62d79, org.springframework.boot.test.mock.mockito.MockitoContextCustomizer@0, org.springframework.boot.test.web.client.TestRestTemplateContextCustomizer@193f604a, org.springframework.boot.test.web.reactive.server.WebTestClientContextCustomizer@793be5ca, org.springframework.boot.test.autoconfigure.properties.PropertyMappingContextCustomizer@0, org.springframework.boot.test.autoconfigure.web.servlet.WebDriverContextCustomizerFactory$Customizer@429bffaa], contextLoader = 'org.springframework.boot.test.context.SpringBootContextLoader', parent = [null]], attributes = map[[empty]]], class annotated with @DirtiesContext [false] with mode [null].
14:30:34.057 [main] DEBUG org.springframework.test.context.support.TestPropertySourceUtils - Adding inlined properties to environment: {spring.jmx.enabled=false, org.springframework.boot.test.context.SpringBootTestContextBootstrapper=true, server.port=-1}
2020-02-27 14:30:38.956  INFO 71 --- [           main] trationDelegate$BeanPostProcessorChecker : Bean 'org.springframework.cloud.autoconfigure.ConfigurationPropertiesRebinderAutoConfiguration' of type [org.springframework.cloud.autoconfigure.ConfigurationPropertiesRebinderAutoConfiguration$$EnhancerBySpringCGLIB$$6dde0582] is not eligible for getting processed by all BeanPostProcessors (for example: not eligible for auto-proxying)

  .   ____          _            __ _ _
 /\\ / ___'_ __ _ _(_)_ __  __ _ \ \ \ \
( ( )\___ | '_ | '_| | '_ \/ _` | \ \ \ \
 \\/  ___)| |_)| | | | | || (_| |  ) ) ) )
  '  |____| .__|_| |_|_| |_\__, | / / / /
 =========|_|==============|___/=/_/_/_/
 :: Spring Boot ::        (v2.1.9.RELEASE)

2020-02-27 14:30:39.965  INFO 71 --- [           main] c.s.c.site.DemoApplicationTests          : No active profile set, falling back to default profiles: default
2020-02-27 14:30:44.555  INFO 71 --- [           main] o.s.cloud.context.scope.GenericScope     : BeanFactory id=a3e601c7-abf8-3ee1-b040-18865d8bdd07
2020-02-27 14:30:44.950  INFO 71 --- [           main] trationDelegate$BeanPostProcessorChecker : Bean 'org.springframework.cloud.autoconfigure.ConfigurationPropertiesRebinderAutoConfiguration' of type [org.springframework.cloud.autoconfigure.ConfigurationPropertiesRebinderAutoConfiguration$$EnhancerBySpringCGLIB$$6dde0582] is not eligible for getting processed by all BeanPostProcessors (for example: not eligible for auto-proxying)
2020-02-27 14:30:51.040  INFO 71 --- [           main] o.s.c.g.r.RouteDefinitionRouteLocator    : Loaded RoutePredicateFactory [After]
2020-02-27 14:30:51.041  INFO 71 --- [           main] o.s.c.g.r.RouteDefinitionRouteLocator    : Loaded RoutePredicateFactory [Before]
2020-02-27 14:30:51.042  INFO 71 --- [           main] o.s.c.g.r.RouteDefinitionRouteLocator    : Loaded RoutePredicateFactory [Between]
2020-02-27 14:30:51.042  INFO 71 --- [           main] o.s.c.g.r.RouteDefinitionRouteLocator    : Loaded RoutePredicateFactory [Cookie]
2020-02-27 14:30:51.043  INFO 71 --- [           main] o.s.c.g.r.RouteDefinitionRouteLocator    : Loaded RoutePredicateFactory [Header]
2020-02-27 14:30:51.043  INFO 71 --- [           main] o.s.c.g.r.RouteDefinitionRouteLocator    : Loaded RoutePredicateFactory [Host]
2020-02-27 14:30:51.043  INFO 71 --- [           main] o.s.c.g.r.RouteDefinitionRouteLocator    : Loaded RoutePredicateFactory [Method]
2020-02-27 14:30:51.043  INFO 71 --- [           main] o.s.c.g.r.RouteDefinitionRouteLocator    : Loaded RoutePredicateFactory [Path]
2020-02-27 14:30:51.044  INFO 71 --- [           main] o.s.c.g.r.RouteDefinitionRouteLocator    : Loaded RoutePredicateFactory [Query]
2020-02-27 14:30:51.045  INFO 71 --- [           main] o.s.c.g.r.RouteDefinitionRouteLocator    : Loaded RoutePredicateFactory [ReadBodyPredicateFactory]
2020-02-27 14:30:51.045  INFO 71 --- [           main] o.s.c.g.r.RouteDefinitionRouteLocator    : Loaded RoutePredicateFactory [RemoteAddr]
2020-02-27 14:30:51.045  INFO 71 --- [           main] o.s.c.g.r.RouteDefinitionRouteLocator    : Loaded RoutePredicateFactory [Weight]
2020-02-27 14:30:51.045  INFO 71 --- [           main] o.s.c.g.r.RouteDefinitionRouteLocator    : Loaded RoutePredicateFactory [CloudFoundryRouteService]
2020-02-27 14:30:53.562  INFO 71 --- [           main] o.s.b.a.e.web.EndpointLinksResolver      : Exposing 2 endpoint(s) beneath base path '/actuator'
2020-02-27 14:30:56.348  INFO 71 --- [           main] c.s.c.site.DemoApplicationTests          : Started DemoApplicationTests in 22.272 seconds (JVM running for 26.703)
[INFO] Tests run: 1, Failures: 0, Errors: 0, Skipped: 0, Time elapsed: 26.138 s - in com.*******.conferences.site.DemoApplicationTests
[INFO] Running com.*******.conferences.site.C4PApisTests
2020-02-27 14:30:57.480  INFO 71 --- [           main] .b.t.c.SpringBootTestContextBootstrapper : Neither @ContextConfiguration nor @ContextHierarchy found for test class [com.*******.conferences.site.C4PApisTests], using SpringBootContextLoader
2020-02-27 14:30:57.482  INFO 71 --- [           main] o.s.t.c.support.AbstractContextLoader    : Could not detect default resource locations for test class [com.*******.conferences.site.C4PApisTests]: no resource found for suffixes {-context.xml, Context.groovy}.
2020-02-27 14:30:57.487  INFO 71 --- [           main] t.c.s.AnnotationConfigContextLoaderUtils : Could not detect default configuration classes for test class [com.*******.conferences.site.C4PApisTests]: C4PApisTests does not declare any static, non-private, non-final, nested classes annotated with @Configuration.
2020-02-27 14:30:57.680  INFO 71 --- [           main] .b.t.c.SpringBootTestContextBootstrapper : Found @SpringBootConfiguration com.*******.conferences.site.DemoApplication for test class com.*******.conferences.site.C4PApisTests
2020-02-27 14:30:57.688  INFO 71 --- [           main] .b.t.c.SpringBootTestContextBootstrapper : Loaded default TestExecutionListener class names from location [META-INF/spring.factories]: [org.springframework.boot.test.mock.mockito.MockitoTestExecutionListener, org.springframework.boot.test.mock.mockito.ResetMocksTestExecutionListener, org.springframework.boot.test.autoconfigure.restdocs.RestDocsTestExecutionListener, org.springframework.boot.test.autoconfigure.web.client.MockRestServiceServerResetTestExecutionListener, org.springframework.boot.test.autoconfigure.web.servlet.MockMvcPrintOnlyOnFailureTestExecutionListener, org.springframework.boot.test.autoconfigure.web.servlet.WebDriverTestExecutionListener, org.springframework.test.context.web.ServletTestExecutionListener, org.springframework.test.context.support.DirtiesContextBeforeModesTestExecutionListener, org.springframework.test.context.support.DependencyInjectionTestExecutionListener, org.springframework.test.context.support.DirtiesContextTestExecutionListener, org.springframework.test.context.transaction.TransactionalTestExecutionListener, org.springframework.test.context.jdbc.SqlScriptsTestExecutionListener, org.springframework.cloud.contract.wiremock.WireMockTestExecutionListener, org.springframework.cloud.contract.stubrunner.provider.wiremock.StubRunnerWireMockTestExecutionListener]
2020-02-27 14:30:57.691  INFO 71 --- [           main] .b.t.c.SpringBootTestContextBootstrapper : Using TestExecutionListeners: [org.springframework.test.context.web.ServletTestExecutionListener@7614378d, org.springframework.test.context.support.DirtiesContextBeforeModesTestExecutionListener@7028b5cc, org.springframework.boot.test.mock.mockito.MockitoTestExecutionListener@7c0ff7a0, org.springframework.boot.test.autoconfigure.SpringBootDependencyInjectionTestExecutionListener@24c84e65, org.springframework.test.context.support.DirtiesContextTestExecutionListener@7337bd2e, org.springframework.boot.test.mock.mockito.ResetMocksTestExecutionListener@4604e051, org.springframework.boot.test.autoconfigure.restdocs.RestDocsTestExecutionListener@4535bdc6, org.springframework.boot.test.autoconfigure.web.client.MockRestServiceServerResetTestExecutionListener@23e86863, org.springframework.boot.test.autoconfigure.web.servlet.MockMvcPrintOnlyOnFailureTestExecutionListener@6df87ffd, org.springframework.boot.test.autoconfigure.web.servlet.WebDriverTestExecutionListener@c1f0c7b, org.springframework.cloud.contract.wiremock.WireMockTestExecutionListener@642c5bb3, org.springframework.cloud.contract.stubrunner.provider.wiremock.StubRunnerWireMockTestExecutionListener@4e79c25]
2020-02-27 14:30:57.892  INFO 71 --- [           main] trationDelegate$BeanPostProcessorChecker : Bean 'org.springframework.cloud.autoconfigure.ConfigurationPropertiesRebinderAutoConfiguration' of type [org.springframework.cloud.autoconfigure.ConfigurationPropertiesRebinderAutoConfiguration$$EnhancerBySpringCGLIB$$6dde0582] is not eligible for getting processed by all BeanPostProcessors (for example: not eligible for auto-proxying)

  .   ____          _            __ _ _
 /\\ / ___'_ __ _ _(_)_ __  __ _ \ \ \ \
( ( )\___ | '_ | '_| | '_ \/ _` | \ \ \ \
 \\/  ___)| |_)| | | | | || (_| |  ) ) ) )
  '  |____| .__|_| |_|_| |_\__, | / / / /
 =========|_|==============|___/=/_/_/_/
 :: Spring Boot ::        (v2.1.9.RELEASE)

2020-02-27 14:30:58.158  INFO 71 --- [           main] c.*******.conferences.site.C4PApisTests  : No active profile set, falling back to default profiles: default
2020-02-27 14:31:00.041  INFO 71 --- [           main] o.s.cloud.context.scope.GenericScope     : BeanFactory id=79161fd1-323f-37f7-8eee-1bf31a8e40e2
2020-02-27 14:31:00.186  INFO 71 --- [           main] trationDelegate$BeanPostProcessorChecker : Bean 'org.springframework.cloud.autoconfigure.ConfigurationPropertiesRebinderAutoConfiguration' of type [org.springframework.cloud.autoconfigure.ConfigurationPropertiesRebinderAutoConfiguration$$EnhancerBySpringCGLIB$$6dde0582] is not eligible for getting processed by all BeanPostProcessors (for example: not eligible for auto-proxying)
2020-02-27 14:31:00.353  INFO 71 --- [           main] trationDelegate$BeanPostProcessorChecker : Bean 'stubrunner-org.springframework.cloud.contract.stubrunner.spring.StubRunnerProperties' of type [org.springframework.cloud.contract.stubrunner.spring.StubRunnerProperties] is not eligible for getting processed by all BeanPostProcessors (for example: not eligible for auto-proxying)
2020-02-27 14:31:00.366  INFO 71 --- [           main] trationDelegate$BeanPostProcessorChecker : Bean 'org.springframework.cloud.contract.stubrunner.spring.StubRunnerConfiguration' of type [org.springframework.cloud.contract.stubrunner.spring.StubRunnerConfiguration$$EnhancerBySpringCGLIB$$ca47d4f5] is not eligible for getting processed by all BeanPostProcessors (for example: not eligible for auto-proxying)
2020-02-27 14:31:00.403  INFO 71 --- [           main] o.s.c.c.s.AetherStubDownloaderBuilder    : Will download stubs and contracts via Aether
2020-02-27 14:31:00.961  INFO 71 --- [           main] o.s.c.c.stubrunner.AetherStubDownloader  : Desired version is [+] - will try to resolve the latest version
2020-02-27 14:31:02.572  INFO 71 --- [           main] o.s.c.c.stubrunner.AetherStubDownloader  : Resolved version is [0.0.12]
2020-02-27 14:31:02.645  INFO 71 --- [           main] o.s.c.c.stubrunner.AetherStubDownloader  : Resolved artifact [com.*******.conferences:fmtok8s-c4p:jar:stubs:0.0.12] to /tmp/aether-local15007180807391700111/com/*******/conferences/fmtok8s-c4p/0.0.12/fmtok8s-c4p-0.0.12-stubs.jar
2020-02-27 14:31:02.647  INFO 71 --- [           main] o.s.c.c.stubrunner.AetherStubDownloader  : Unpacking stub from JAR [URI: file:/tmp/aether-local15007180807391700111/com/*******/conferences/fmtok8s-c4p/0.0.12/fmtok8s-c4p-0.0.12-stubs.jar]
2020-02-27 14:31:02.656  INFO 71 --- [           main] o.s.c.c.stubrunner.AetherStubDownloader  : Unpacked file to [/tmp/contracts3445829517185868647]
2020-02-27 14:31:08.087  INFO 71 --- [           main] wiremock.org.eclipse.jetty.util.log      : Logging initialized @38439ms
2020-02-27 14:31:08.172  WARN 71 --- [           main] w.o.e.j.s.NetworkTrafficServerConnector  : Acceptors should be <= availableProcessors: NetworkTrafficServerConnector@26c494d7{HTTP/1.1}{0.0.0.0:0}
2020-02-27 14:31:08.375  INFO 71 --- [           main] w.org.eclipse.jetty.server.Server        : jetty-9.2.z-SNAPSHOT
2020-02-27 14:31:08.408  INFO 71 --- [           main] w.o.e.j.server.handler.ContextHandler    : Started w.o.e.j.s.ServletContextHandler@77d0a492{/__*****,null,AVAILABLE}
2020-02-27 14:31:08.410  INFO 71 --- [           main] w.o.e.j.server.handler.ContextHandler    : Started w.o.e.j.s.ServletContextHandler@77f66138{/,null,AVAILABLE}
2020-02-27 14:31:08.505  INFO 71 --- [           main] w.o.e.j.s.NetworkTrafficServerConnector  : Started NetworkTrafficServerConnector@26c494d7{HTTP/1.1}{0.0.0.0:11466}
2020-02-27 14:31:08.508  INFO 71 --- [           main] w.org.eclipse.jetty.server.Server        : Started @38863ms
2020-02-27 14:31:08.509  INFO 71 --- [           main] o.s.c.contract.stubrunner.StubServer     : Started stub server for project [com.*******.conferences:fmtok8s-c4p:0.0.12:stubs] on port 11466
2020-02-27 14:31:09.447  INFO 71 --- [qtp891612704-31] /__*****                                 : RequestHandlerClass from context returned com.github.tomakehurst.wiremock.http.AdminRequestHandler. Normalized mapped under returned 'null'
2020-02-27 14:31:09.556  INFO 71 --- [qtp891612704-31] WireMock                                 : Admin request received:
127.0.0.1 - POST /mappings

Connection: [keep-alive]
User-Agent: [Apache-HttpClient/4.5.5 (Java/11.0.2)]
Host: [localhost:11466]
Content-Length: [225]
Content-Type: [text/plain; charset=UTF-8]
{
  "id" : "6288d2fa-959d-4e8b-b60c-6cee50104e98",
  "request" : {
    "url" : "/ping",
    "method" : "GET"
  },
  "response" : {
    "status" : 200,
    "body" : "OK"
  },
  "uuid" : "6288d2fa-959d-4e8b-b60c-6cee50104e98"
}

2020-02-27 14:31:09.977  INFO 71 --- [qtp891612704-34] WireMock                                 : Admin request received:
127.0.0.1 - POST /mappings

Connection: [keep-alive]
User-Agent: [Apache-HttpClient/4.5.5 (Java/11.0.2)]
Host: [localhost:11466]
Content-Length: [227]
Content-Type: [text/plain; charset=UTF-8]
{
  "id" : "5c2744e8-7508-4dd9-b7db-88ec9da9d6df",
  "request" : {
    "url" : "/health",
    "method" : "GET"
  },
  "response" : {
    "status" : 200,
    "body" : "OK"
  },
  "uuid" : "5c2744e8-7508-4dd9-b7db-88ec9da9d6df"
}

2020-02-27 14:31:10.299  INFO 71 --- [qtp891612704-35] WireMock                                 : Admin request received:
127.0.0.1 - POST /mappings

Connection: [keep-alive]
User-Agent: [Apache-HttpClient/4.5.5 (Java/11.0.2)]
Host: [localhost:11466]
Content-Length: [981]
Content-Type: [text/plain; charset=UTF-8]
{
  "id" : "ddf30145-9231-4c5b-bc36-bcfe20c4f5a9",
  "request" : {
    "url" : "/",
    "method" : "POST",
    "headers" : {
      "Content-Type" : {
        "matches" : "application/json.*"
      }
    },
    "bodyPatterns" : [ {
      "matchesJsonPath" : "$[?(@.['title'] =~ /[\\S\\s]+/)]"
    }, {
      "matchesJsonPath" : "$[?(@.['description'] =~ /[\\S\\s]+/)]"
    }, {
      "matchesJsonPath" : "$[?(@.['author'] =~ /[\\S\\s]+/)]"
    }, {
      "matchesJsonPath" : "$[?(@.['email'] =~ /[a-zA-Z0-9._%+-]+@[a-zA-Z0-9.-]+\\.[a-zA-Z]{2,6}/)]"
    } ]
  },
  "response" : {
    "status" : 200,
    "body" : "{\"id\":\"0928030d-ebb6-4179-850a-94bb6d9e1752\",\"title\":\"OSELRWPAYWLQCVIITOCS\",\"description\":\"QYGJUDNMWXJFKUUUJIWR\",\"author\":\"LFLAJXWWMNYLANQXHXTU\",\"email\":\"foo@bar-1781468576.com\"}",
    "headers" : {
      "Content-Type" : "application/json"
    },
    "transformers" : [ "response-template" ]
  },
  "uuid" : "ddf30145-9231-4c5b-bc36-bcfe20c4f5a9"
}

2020-02-27 14:31:10.500  INFO 71 --- [qtp891612704-33] WireMock                                 : Admin request received:
127.0.0.1 - POST /mappings

Connection: [keep-alive]
User-Agent: [Apache-HttpClient/4.5.5 (Java/11.0.2)]
Host: [localhost:11466]
Content-Length: [379]
Content-Type: [text/plain; charset=UTF-8]
{
  "id" : "699f2a3c-18ab-43e4-8014-e4c06a1f71cb",
  "request" : {
    "url" : "/info",
    "method" : "GET",
    "headers" : {
      "Content-Type" : {
        "matches" : "application/json.*"
      }
    }
  },
  "response" : {
    "status" : 200,
    "body" : "C4P v0.0.12",
    "transformers" : [ "response-template" ]
  },
  "uuid" : "699f2a3c-18ab-43e4-8014-e4c06a1f71cb"
}

2020-02-27 14:31:11.079  INFO 71 --- [           main] o.s.c.c.stubrunner.StubRunnerExecutor    : All stubs are now running RunningStubs [namesAndPorts={com.*******.conferences:fmtok8s-c4p:0.0.12:stubs=11466}]
2020-02-27 14:31:11.092  INFO 71 --- [           main] trationDelegate$BeanPostProcessorChecker : Bean 'batchStubRunner' of type [org.springframework.cloud.contract.stubrunner.BatchStubRunner] is not eligible for getting processed by all BeanPostProcessors (for example: not eligible for auto-proxying)
2020-02-27 14:31:11.149  INFO 71 --- [           main] trationDelegate$BeanPostProcessorChecker : Bean 'org.springframework.cloud.contract.stubrunner.spring.cloud.StubRunnerSpringCloudAutoConfiguration' of type [org.springframework.cloud.contract.stubrunner.spring.cloud.StubRunnerSpringCloudAutoConfiguration$$EnhancerBySpringCGLIB$$93774f4d] is not eligible for getting processed by all BeanPostProcessors (for example: not eligible for auto-proxying)
2020-02-27 14:31:13.376  INFO 71 --- [           main] o.s.c.g.r.RouteDefinitionRouteLocator    : Loaded RoutePredicateFactory [After]
2020-02-27 14:31:13.377  INFO 71 --- [           main] o.s.c.g.r.RouteDefinitionRouteLocator    : Loaded RoutePredicateFactory [Before]
2020-02-27 14:31:13.382  INFO 71 --- [           main] o.s.c.g.r.RouteDefinitionRouteLocator    : Loaded RoutePredicateFactory [Between]
2020-02-27 14:31:13.383  INFO 71 --- [           main] o.s.c.g.r.RouteDefinitionRouteLocator    : Loaded RoutePredicateFactory [Cookie]
2020-02-27 14:31:13.384  INFO 71 --- [           main] o.s.c.g.r.RouteDefinitionRouteLocator    : Loaded RoutePredicateFactory [Header]
2020-02-27 14:31:13.384  INFO 71 --- [           main] o.s.c.g.r.RouteDefinitionRouteLocator    : Loaded RoutePredicateFactory [Host]
2020-02-27 14:31:13.384  INFO 71 --- [           main] o.s.c.g.r.RouteDefinitionRouteLocator    : Loaded RoutePredicateFactory [Method]
2020-02-27 14:31:13.384  INFO 71 --- [           main] o.s.c.g.r.RouteDefinitionRouteLocator    : Loaded RoutePredicateFactory [Path]
2020-02-27 14:31:13.385  INFO 71 --- [           main] o.s.c.g.r.RouteDefinitionRouteLocator    : Loaded RoutePredicateFactory [Query]
2020-02-27 14:31:13.385  INFO 71 --- [           main] o.s.c.g.r.RouteDefinitionRouteLocator    : Loaded RoutePredicateFactory [ReadBodyPredicateFactory]
2020-02-27 14:31:13.387  INFO 71 --- [           main] o.s.c.g.r.RouteDefinitionRouteLocator    : Loaded RoutePredicateFactory [RemoteAddr]
2020-02-27 14:31:13.387  INFO 71 --- [           main] o.s.c.g.r.RouteDefinitionRouteLocator    : Loaded RoutePredicateFactory [Weight]
2020-02-27 14:31:13.388  INFO 71 --- [           main] o.s.c.g.r.RouteDefinitionRouteLocator    : Loaded RoutePredicateFactory [CloudFoundryRouteService]
2020-02-27 14:31:14.653  INFO 71 --- [           main] o.s.b.a.e.web.EndpointLinksResolver      : Exposing 2 endpoint(s) beneath base path '/actuator'
2020-02-27 14:31:16.358  INFO 71 --- [           main] c.*******.conferences.site.C4PApisTests  : Started C4PApisTests in 18.662 seconds (JVM running for 46.713)
Port from stub:  11466
2020-02-27 14:31:17.210  INFO 71 --- [qtp891612704-31] /                                        : RequestHandlerClass from context returned com.github.tomakehurst.wiremock.http.StubRequestHandler. Normalized mapped under returned 'null'
2020-02-27 14:31:17.759  INFO 71 --- [qtp891612704-31] WireMock                                 : Request received:
127.0.0.1 - POST /

Accept-Charset: [big5, big5-hkscs, cesu-8, euc-jp, euc-kr, gb18030, gb2312, gbk, ibm-thai, ibm00858, ibm01140, ibm01141, ibm01142, ibm01143, ibm01144, ibm01145, ibm01146, ibm01147, ibm01148, ibm01149, ibm037, ibm1026, ibm1047, ibm273, ibm277, ibm278, ibm280, ibm284, ibm285, ibm290, ibm297, ibm420, ibm424, ibm437, ibm500, ibm775, ibm850, ibm852, ibm855, ibm857, ibm860, ibm861, ibm862, ibm863, ibm864, ibm865, ibm866, ibm868, ibm869, ibm870, ibm871, ibm918, iso-2022-cn, iso-2022-jp, iso-2022-jp-2, iso-2022-kr, iso-8859-1, iso-8859-13, iso-8859-15, iso-8859-16, iso-8859-2, iso-8859-3, iso-8859-4, iso-8859-5, iso-8859-6, iso-8859-7, iso-8859-8, iso-8859-9, jis_x0201, jis_x0212-1990, koi8-r, koi8-u, shift_jis, tis-620, us-ascii, utf-16, utf-16be, utf-16le, utf-32, utf-32be, utf-32le, utf-8, windows-1250, windows-1251, windows-1252, windows-1253, windows-1254, windows-1255, windows-1256, windows-1257, windows-1258, windows-31j, x-big5-hkscs-2001, x-big5-solaris, x-euc-jp-linux, x-euc-tw, x-eucjp-open, x-ibm1006, x-ibm1025, x-ibm1046, x-ibm1097, x-ibm1098, x-ibm1112, x-ibm1122, x-ibm1123, x-ibm1124, x-ibm1166, x-ibm1364, x-ibm1381, x-ibm1383, x-ibm300, x-ibm33722, x-ibm737, x-ibm833, x-ibm834, x-ibm856, x-ibm874, x-ibm875, x-ibm921, x-ibm922, x-ibm930, x-ibm933, x-ibm935, x-ibm937, x-ibm939, x-ibm942, x-ibm942c, x-ibm943, x-ibm943c, x-ibm948, x-ibm949, x-ibm949c, x-ibm950, x-ibm964, x-ibm970, x-iscii91, x-iso-2022-cn-cns, x-iso-2022-cn-gb, x-iso-8859-11, x-jis0208, x-jisautodetect, x-johab, x-macarabic, x-maccentraleurope, x-maccroatian, x-maccyrillic, x-macdingbat, x-macgreek, x-machebrew, x-maciceland, x-macroman, x-macromania, x-macsymbol, x-macthai, x-macturkish, x-macukraine, x-ms932_0213, x-ms950-hkscs, x-ms950-hkscs-xp, x-mswin-936, x-pck, x-sjis_0213, x-utf-16le-bom, x-utf-32be-bom, x-utf-32le-bom, x-windows-50220, x-windows-50221, x-windows-874, x-windows-949, x-windows-950, x-windows-iso2022jp]
Accept: [text/plain, application/json, application/*+json, */*]
User-Agent: [Java/11.0.2]
Connection: [keep-alive]
Host: [localhost:11466]
Content-Length: [112]
Content-Type: [application/json]
{ "title" : "test title", "description" : "test description", "author": "*******", "email": "*******@mail.com" }


Matched response definition:
{
  "status" : 200,
  "body" : "{\"id\":\"0928030d-ebb6-4179-850a-94bb6d9e1752\",\"title\":\"OSELRWPAYWLQCVIITOCS\",\"description\":\"QYGJUDNMWXJFKUUUJIWR\",\"author\":\"LFLAJXWWMNYLANQXHXTU\",\"email\":\"foo@bar-1781468576.com\"}",
  "headers" : {
    "Content-Type" : "application/json"
  },
  "transformers" : [ "response-template" ]
}

Response:
HTTP/1.1 200
Content-Type: [application/json]
Matched-Stub-Id: [ddf30145-9231-4c5b-bc36-bcfe20c4f5a9]


Port from stub:  11466
2020-02-27 14:31:17.942  INFO 71 --- [qtp891612704-34] WireMock                                 : Request received:
127.0.0.1 - GET /info

User-Agent: [Java/11.0.2]
Connection: [keep-alive]
Host: [localhost:11466]
Accept: [text/plain, application/json, application/*+json, */*]
Content-Type: [application/json]



Matched response definition:
{
  "status" : 200,
  "body" : "C4P v0.0.12",
  "transformers" : [ "response-template" ]
}

Response:
HTTP/1.1 200
Matched-Stub-Id: [699f2a3c-18ab-43e4-8014-e4c06a1f71cb]


2020-02-27 14:31:18.174  INFO 71 --- [           main] w.o.e.j.s.NetworkTrafficServerConnector  : Stopped NetworkTrafficServerConnector@26c494d7{HTTP/1.1}{0.0.0.0:11466}
2020-02-27 14:31:18.184  INFO 71 --- [           main] w.o.e.j.server.handler.ContextHandler    : Stopped w.o.e.j.s.ServletContextHandler@77f66138{/,null,UNAVAILABLE}
2020-02-27 14:31:18.189  INFO 71 --- [           main] w.o.e.j.server.handler.ContextHandler    : Stopped w.o.e.j.s.ServletContextHandler@77d0a492{/__*****,null,UNAVAILABLE}
[INFO] Tests run: 2, Failures: 0, Errors: 0, Skipped: 0, Time elapsed: 20.551 s - in com.*******.conferences.site.C4PApisTests
[INFO] 
[INFO] Results:
[INFO] 
[INFO] Tests run: 3, Failures: 0, Errors: 0, Skipped: 0
[INFO] 
[INFO] 
[INFO] --- maven-jar-plugin:3.1.2:jar (default-jar) @ api-gateway ---
[INFO] Building jar: /workspace/source/target/api-gateway-0.0.13.jar
[INFO] 
[INFO] --- spring-boot-maven-plugin:2.1.9.RELEASE:repackage (repackage) @ api-gateway ---
[INFO] Replacing main artifact with repackaged archive
[INFO] 
[INFO] --- maven-install-plugin:2.5.2:install (default-install) @ api-gateway ---
[INFO] Installing /workspace/source/target/api-gateway-0.0.13.jar to /home/jenkins/.mvnrepository/com/*******/conferences/api-gateway/0.0.13/api-gateway-0.0.13.jar
[INFO] Installing /workspace/source/pom.xml to /home/jenkins/.mvnrepository/com/*******/conferences/api-gateway/0.0.13/api-gateway-0.0.13.pom
[INFO] 
[INFO] --- maven-deploy-plugin:2.8.2:deploy (default-deploy) @ api-gateway ---
[INFO] Using alternate deployment repository local-nexus::default::http://nexus/repository/maven-releases/
[INFO] ------------------------------------------------------------------------
[INFO] BUILD SUCCESS
[INFO] ------------------------------------------------------------------------
[INFO] Total time:  01:31 min
[INFO] Finished at: 2020-02-27T14:31:26Z
[INFO] ------------------------------------------------------------------------

Showing logs for build [32msalaboy-fmtok8s-api-gateway-mas-fxjpt-13[0m stage [32mfrom-build-pack[0m and container [32mstep-build-skaffold-version[0m
v1.0.1

Showing logs for build [32msalaboy-fmtok8s-api-gateway-mas-fxjpt-13[0m stage [32mfrom-build-pack[0m and container [32mstep-build-container-build[0m
[36mINFO[0m[0000] Downloading base image openjdk:11-jre-slim   
ERROR: logging before flag.Parse: E0227 14:31:28.686474      10 metadata.go:159] while reading 'google-dockercfg-url' metadata: http status code: 404 while fetching url http://metadata.google.internal./computeMetadata/v1/instance/attributes/google-dockercfg-url
ERROR: logging before flag.Parse: E0227 14:31:28.694748      10 metadata.go:142] while reading 'google-dockercfg' metadata: http status code: 404 while fetching url http://metadata.google.internal./computeMetadata/v1/instance/attributes/google-dockercfg
2020/02/27 14:31:28 No matching credentials were found, falling back on anonymous
[36mINFO[0m[0001] Error while retrieving image from cache: getting file info: stat /workspace/sha256:88d4192a5dab8de64fbeec699bcea3739f097f78f3184cd4e2aea6d7ac238da7: no such file or directory 
[36mINFO[0m[0001] Downloading base image openjdk:11-jre-slim   
2020/02/27 14:31:29 No matching credentials were found, falling back on anonymous
[36mINFO[0m[0002] cmd: EXPOSE                                  
[36mINFO[0m[0002] Adding exposed port: 8080/tcp                
[36mINFO[0m[0002] Using files from context: [/workspace/source/pom.xml] 
[36mINFO[0m[0002] Using files from context: [/workspace/source/target/api-gateway-0.0.13.jar] 
[36mINFO[0m[0002] Skipping unpacking as no commands require it. 
[36mINFO[0m[0002] Taking snapshot of full filesystem...        
[36mINFO[0m[0002] ENV PORT 8080                                
[36mINFO[0m[0002] No files changed in this command, skipping snapshotting. 
[36mINFO[0m[0002] ENV CLASSPATH /opt/lib                       
[36mINFO[0m[0002] No files changed in this command, skipping snapshotting. 
[36mINFO[0m[0002] EXPOSE 8080                                  
[36mINFO[0m[0002] cmd: EXPOSE                                  
[36mINFO[0m[0002] Adding exposed port: 8080/tcp                
[36mINFO[0m[0002] No files changed in this command, skipping snapshotting. 
[36mINFO[0m[0002] Using files from context: [/workspace/source/pom.xml] 
[36mINFO[0m[0002] COPY pom.xml target/lib* /opt/lib/           
[36mINFO[0m[0002] Taking snapshot of files...                  
[36mINFO[0m[0002] Using files from context: [/workspace/source/target/api-gateway-0.0.13.jar] 
[36mINFO[0m[0002] COPY target/*.jar /opt/app.jar               
[36mINFO[0m[0002] Taking snapshot of files...                  
[36mINFO[0m[0003] WORKDIR /opt                                 
[36mINFO[0m[0003] cmd: workdir                                 
[36mINFO[0m[0003] Changed working directory to /opt            
[36mINFO[0m[0003] No files changed in this command, skipping snapshotting. 
[36mINFO[0m[0003] CMD ["java", "-jar", "app.jar"]              
[36mINFO[0m[0003] No files changed in this command, skipping snapshotting. 
2020/02/27 14:31:32 existing blob: sha256:d5c28bc4eb5532356cd06f142ed9cd6cee0811be74e992fdd2190fee8cbcf710
2020/02/27 14:31:32 existing blob: sha256:68ced04f60ab5c7a5f1d0b0b4e7572c5a4c8cce44866513d30d9df1a15277d6b
2020/02/27 14:31:32 existing blob: sha256:8afa8e973e226cdc57cde0ef199d85ee1aa93b5f6a04abf68dc4952cdab931d5
2020/02/27 14:31:32 existing blob: sha256:4874c5772968dcab87c114bee2baf2c7e9a06dda36e63bdfeab71bd4d6f02890
2020/02/27 14:31:35 pushed blob: sha256:b6092b5ee9906909f4f584bc868c1832d19dbf5bd3c09649c0bb38ecc48de4f9
2020/02/27 14:31:35 pushed blob: sha256:39085e379e17d506b7eed90a3f88b474d55f8c22e8b7b72d7baaa5fe44052334
2020/02/27 14:31:37 pushed blob: sha256:5fd324aaa134bd7668fa1b3bca2d63c050d3a2c1f1f5de4bddb9795686c3c1ee
2020/02/27 14:31:38 gcr.io/camunda-consulting-de/fmtok8s-api-gateway:0.0.13: digest: sha256:030d616e7521905d9c1fb6b73ab231a2381e6b045964f9fe78b49ad0fe331ac0 size: 1243

Showing logs for build [32msalaboy-fmtok8s-api-gateway-mas-fxjpt-13[0m stage [32mfrom-build-pack[0m and container [32mstep-build-post-build[0m
no CVE provider running in the current ** namespace so skip adding image to be analysed

Showing logs for build [32msalaboy-fmtok8s-api-gateway-mas-fxjpt-13[0m stage [32mfrom-build-pack[0m and container [32mstep-promote-changelog[0m
Converted /workspace/source/charts/fmtok8s-api-gateway to an unshallow repository
Generating change log from git ref 3fa9ed37decfebdae337d072f091ac3d21b833e9 => c95b592fd26e005e1000f637fb23293a4db93009
Associating user x-0 in users.jenkins.io with email *******@gmail.com to git GitProvider user with login -0 as emails match
Adding label jenkins.io/git-github-userid=-0 to user x-0 in users.jenkins.io
WARNING: Failed to enrich commit f4161e570fd1c0fd8987c9cc92020f8fbaaf8511 with issues: User.jenkins.io "x-0" is invalid: metadata.labels: Invalid value: "-0": a valid label must be an empty string or consist of alphanumeric characters, '-', '_' or '.', and must start and end with an alphanumeric character (e.g. 'MyValue',  or 'my_value',  or '12345', regex used for validation is '(([A-Za-z0-9][-A-Za-z0-9_.]*)?[A-Za-z0-9])?')
Associating user x-0 in users.jenkins.io with email *******@gmail.com to git GitProvider user with login -0 as emails match
Adding label jenkins.io/git-github-userid=-0 to user x-0 in users.jenkins.io
WARNING: Failed to enrich commit f4161e570fd1c0fd8987c9cc92020f8fbaaf8511 with issues: User.jenkins.io "x-0" is invalid: metadata.labels: Invalid value: "-0": a valid label must be an empty string or consist of alphanumeric characters, '-', '_' or '.', and must start and end with an alphanumeric character (e.g. 'MyValue',  or 'my_value',  or '12345', regex used for validation is '(([A-Za-z0-9][-A-Za-z0-9_.]*)?[A-Za-z0-9])?')
Finding issues in commit messages using git format
WARNING: No release found for *******/fmtok8s-api-gateway and tag v0.0.13 so creating a new release
Updated the release information at https://github.com/*******/fmtok8s-api-gateway/releases/tag/v0.0.13
generated: /workspace/source/charts/fmtok8s-api-gateway/templates/release.yaml
Created Release fmtok8s-api-gateway-0-0-13 resource in namespace **
Updating PipelineActivity *******-fmtok8s-api-gateway-master-13 with version 0.0.13
Updated PipelineActivities *******-fmtok8s-api-gateway-master-13 with release notes URL: https://github.com/*******/fmtok8s-api-gateway/releases/tag/v0.0.13

Showing logs for build [32msalaboy-fmtok8s-api-gateway-mas-fxjpt-13[0m stage [32mfrom-build-pack[0m and container [32mstep-promote-helm-release[0m
WARNING: No $CHART_REPOSITORY defined so using the default value of: http://jenkins-x-chartmuseum:8080
Adding missing Helm repo: storage.googleapis.com https://storage.googleapis.com/chartmuseum.jenkins-x.io
Successfully added Helm repository storage.googleapis.com.
Adding missing Helm repo: jenkins-x-chartmuseum http://jenkins-x-chartmuseum:8080
Successfully added Helm repository jenkins-x-chartmuseum.
WARNING: No $CHART_REPOSITORY defined so using the default value of: http://jenkins-x-chartmuseum:8080
Uploading chart file fmtok8s-api-gateway-0.0.13.tgz to http://jenkins-x-chartmuseum:8080/api/charts
Received 201 response: {"saved":true}

Showing logs for build [32msalaboy-fmtok8s-api-gateway-mas-fxjpt-13[0m stage [32mfrom-build-pack[0m and container [32mstep-promote-jx-promote[0m
WARNING: prow based install so skip waiting for the merge of Pull Requests to go green as currently there is an issue with gettingstatuses from the PR, see https://github.com/jenkins-x/**/issues/2410
WARNING: No $CHART_REPOSITORY defined so using the default value of: http://jenkins-x-chartmuseum:8080
Promoting app fmtok8s-api-gateway version 0.0.13 to namespace **-staging
WARNING: 
Created Pull Request: https://github.com/*******/environment-kubecon-prep-staging/pull/29
Added label updatebot to Pull Request https://github.com/*******/environment-kubecon-prep-staging/pull/29
WARNING: Failed to query the Pull Request last commit status for https://github.com/*******/environment-kubecon-prep-staging/pull/29 ref 7d2d962c19faff74be760ab70ed8af8eb8538a90 Could not find a status for repository *******/environment-kubecon-prep-staging with ref 7d2d962c19faff74be760ab70ed8af8eb8538a90
WARNING: Failed to query the Pull Request last commit status for https://github.com/*******/environment-kubecon-prep-staging/pull/29 ref 7d2d962c19faff74be760ab70ed8af8eb8538a90 Could not find a status for repository *******/environment-kubecon-prep-staging with ref 7d2d962c19faff74be760ab70ed8af8eb8538a90
WARNING: Failed to query the Pull Request last commit status for https://github.com/*******/environment-kubecon-prep-staging/pull/29 ref 7d2d962c19faff74be760ab70ed8af8eb8538a90 Could not find a status for repository *******/environment-kubecon-prep-staging with ref 7d2d962c19faff74be760ab70ed8af8eb8538a90
WARNING: Failed to query the Pull Request last commit status for https://github.com/*******/environment-kubecon-prep-staging/pull/29 ref 7d2d962c19faff74be760ab70ed8af8eb8538a90 Could not find a status for repository *******/environment-kubecon-prep-staging with ref 7d2d962c19faff74be760ab70ed8af8eb8538a90
WARNING: Failed to query the Pull Request last commit status for https://github.com/*******/environment-kubecon-prep-staging/pull/29 ref 7d2d962c19faff74be760ab70ed8af8eb8538a90 Could not find a status for repository *******/environment-kubecon-prep-staging with ref 7d2d962c19faff74be760ab70ed8af8eb8538a90
WARNING: Failed to query the Pull Request last commit status for https://github.com/*******/environment-kubecon-prep-staging/pull/29 ref 7d2d962c19faff74be760ab70ed8af8eb8538a90 Could not find a status for repository *******/environment-kubecon-prep-staging with ref 7d2d962c19faff74be760ab70ed8af8eb8538a90
WARNING: Failed to query the Pull Request last commit status for https://github.com/*******/environment-kubecon-prep-staging/pull/29 ref 7d2d962c19faff74be760ab70ed8af8eb8538a90 Could not find a status for repository *******/environment-kubecon-prep-staging with ref 7d2d962c19faff74be760ab70ed8af8eb8538a90
WARNING: Failed to query the Pull Request last commit status for https://github.com/*******/environment-kubecon-prep-staging/pull/29 ref 7d2d962c19faff74be760ab70ed8af8eb8538a90 Could not find a status for repository *******/environment-kubecon-prep-staging with ref 7d2d962c19faff74be760ab70ed8af8eb8538a90
WARNING: Failed to query the Pull Request last commit status for https://github.com/*******/environment-kubecon-prep-staging/pull/29 ref 7d2d962c19faff74be760ab70ed8af8eb8538a90 Could not find a status for repository *******/environment-kubecon-prep-staging with ref 7d2d962c19faff74be760ab70ed8af8eb8538a90
WARNING: Failed to query the Pull Request last commit status for https://github.com/*******/environment-kubecon-prep-staging/pull/29 ref 7d2d962c19faff74be760ab70ed8af8eb8538a90 Could not find a status for repository *******/environment-kubecon-prep-staging with ref 7d2d962c19faff74be760ab70ed8af8eb8538a90
WARNING: Failed to query the Pull Request last commit status for https://github.com/*******/environment-kubecon-prep-staging/pull/29 ref 7d2d962c19faff74be760ab70ed8af8eb8538a90 GET https://api.github.com/repos/*******/environment-kubecon-prep-staging/commits/7d2d962c19faff74be760ab70ed8af8eb8538a90/statuses: 500  []
WARNING: Failed to query the Pull Request last commit status for https://github.com/*******/environment-kubecon-prep-staging/pull/29 ref 7d2d962c19faff74be760ab70ed8af8eb8538a90 GET https://api.github.com/repos/*******/environment-kubecon-prep-staging/commits/7d2d962c19faff74be760ab70ed8af8eb8538a90/statuses: 500  []
WARNING: Failed to query the Pull Request last commit status for https://github.com/*******/environment-kubecon-prep-staging/pull/29 ref 7d2d962c19faff74be760ab70ed8af8eb8538a90 GET https://api.github.com/repos/*******/environment-kubecon-prep-staging/commits/7d2d962c19faff74be760ab70ed8af8eb8538a90/statuses: 500  []
WARNING: Failed to query the Pull Request last commit status for https://github.com/*******/environment-kubecon-prep-staging/pull/29 ref 7d2d962c19faff74be760ab70ed8af8eb8538a90 GET https://api.github.com/repos/*******/environment-kubecon-prep-staging/commits/7d2d962c19faff74be760ab70ed8af8eb8538a90/statuses: 500  []
WARNING: Failed to query the Pull Request last commit status for https://github.com/*******/environment-kubecon-prep-staging/pull/29 ref 7d2d962c19faff74be760ab70ed8af8eb8538a90 GET https://api.github.com/repos/*******/environment-kubecon-prep-staging/commits/7d2d962c19faff74be760ab70ed8af8eb8538a90/statuses: 500  []
WARNING: Failed to query the Pull Request last commit status for https://github.com/*******/environment-kubecon-prep-staging/pull/29 ref 7d2d962c19faff74be760ab70ed8af8eb8538a90 GET https://api.github.com/repos/*******/environment-kubecon-prep-staging/commits/7d2d962c19faff74be760ab70ed8af8eb8538a90/statuses: 500  []
WARNING: Failed to query the Pull Request last commit status for https://github.com/*******/environment-kubecon-prep-staging/pull/29 ref 7d2d962c19faff74be760ab70ed8af8eb8538a90 GET https://api.github.com/repos/*******/environment-kubecon-prep-staging/commits/7d2d962c19faff74be760ab70ed8af8eb8538a90/statuses: 500  []
WARNING: Failed to query the Pull Request last commit status for https://github.com/*******/environment-kubecon-prep-staging/pull/29 ref 7d2d962c19faff74be760ab70ed8af8eb8538a90 GET https://api.github.com/repos/*******/environment-kubecon-prep-staging/commits/7d2d962c19faff74be760ab70ed8af8eb8538a90/statuses: 500  []
WARNING: Failed to query the Pull Request last commit status for https://github.com/*******/environment-kubecon-prep-staging/pull/29 ref 7d2d962c19faff74be760ab70ed8af8eb8538a90 GET https://api.github.com/repos/*******/environment-kubecon-prep-staging/commits/7d2d962c19faff74be760ab70ed8af8eb8538a90/statuses: 500  []
WARNING: Failed to query the Pull Request last commit status for https://github.com/*******/environment-kubecon-prep-staging/pull/29 ref 7d2d962c19faff74be760ab70ed8af8eb8538a90 GET https://api.github.com/repos/*******/environment-kubecon-prep-staging/commits/7d2d962c19faff74be760ab70ed8af8eb8538a90/statuses: 500  []
WARNING: Failed to query the Pull Request last commit status for https://github.com/*******/environment-kubecon-prep-staging/pull/29 ref 7d2d962c19faff74be760ab70ed8af8eb8538a90 GET https://api.github.com/repos/*******/environment-kubecon-prep-staging/commits/7d2d962c19faff74be760ab70ed8af8eb8538a90/statuses: 500  []
WARNING: Failed to query the Pull Request last commit status for https://github.com/*******/environment-kubecon-prep-staging/pull/29 ref 7d2d962c19faff74be760ab70ed8af8eb8538a90 GET https://api.github.com/repos/*******/environment-kubecon-prep-staging/commits/7d2d962c19faff74be760ab70ed8af8eb8538a90/statuses: 500  []
WARNING: Failed to query the Pull Request last commit status for https://github.com/*******/environment-kubecon-prep-staging/pull/29 ref 7d2d962c19faff74be760ab70ed8af8eb8538a90 GET https://api.github.com/repos/*******/environment-kubecon-prep-staging/commits/7d2d962c19faff74be760ab70ed8af8eb8538a90/statuses: 500  []
WARNING: Failed to query the Pull Request last commit status for https://github.com/*******/environment-kubecon-prep-staging/pull/29 ref 7d2d962c19faff74be760ab70ed8af8eb8538a90 GET https://api.github.com/repos/*******/environment-kubecon-prep-staging/commits/7d2d962c19faff74be760ab70ed8af8eb8538a90/statuses: 500  []
WARNING: Failed to query the Pull Request last commit status for https://github.com/*******/environment-kubecon-prep-staging/pull/29 ref 7d2d962c19faff74be760ab70ed8af8eb8538a90 GET https://api.github.com/repos/*******/environment-kubecon-prep-staging/commits/7d2d962c19faff74be760ab70ed8af8eb8538a90/statuses: 500  []
WARNING: Failed to query the Pull Request last commit status for https://github.com/*******/environment-kubecon-prep-staging/pull/29 ref 7d2d962c19faff74be760ab70ed8af8eb8538a90 GET https://api.github.com/repos/*******/environment-kubecon-prep-staging/commits/7d2d962c19faff74be760ab70ed8af8eb8538a90/statuses: 500  []
WARNING: Failed to query the Pull Request last commit status for https://github.com/*******/environment-kubecon-prep-staging/pull/29 ref 7d2d962c19faff74be760ab70ed8af8eb8538a90 GET https://api.github.com/repos/*******/environment-kubecon-prep-staging/commits/7d2d962c19faff74be760ab70ed8af8eb8538a90/statuses: 500  []
WARNING: Failed to query the Pull Request last commit status for https://github.com/*******/environment-kubecon-prep-staging/pull/29 ref 7d2d962c19faff74be760ab70ed8af8eb8538a90 GET https://api.github.com/repos/*******/environment-kubecon-prep-staging/commits/7d2d962c19faff74be760ab70ed8af8eb8538a90/statuses: 500  []
WARNING: Failed to query the Pull Request last commit status for https://github.com/*******/environment-kubecon-prep-staging/pull/29 ref 7d2d962c19faff74be760ab70ed8af8eb8538a90 GET https://api.github.com/repos/*******/environment-kubecon-prep-staging/commits/7d2d962c19faff74be760ab70ed8af8eb8538a90/statuses: 500  []
WARNING: Failed to query the Pull Request last commit status for https://github.com/*******/environment-kubecon-prep-staging/pull/29 ref 7d2d962c19faff74be760ab70ed8af8eb8538a90 GET https://api.github.com/repos/*******/environment-kubecon-prep-staging/commits/7d2d962c19faff74be760ab70ed8af8eb8538a90/statuses: 500  []
WARNING: Failed to query the Pull Request last commit status for https://github.com/*******/environment-kubecon-prep-staging/pull/29 ref 7d2d962c19faff74be760ab70ed8af8eb8538a90 GET https://api.github.com/repos/*******/environment-kubecon-prep-staging/commits/7d2d962c19faff74be760ab70ed8af8eb8538a90/statuses: 500  []
WARNING: Failed to query the Pull Request last commit status for https://github.com/*******/environment-kubecon-prep-staging/pull/29 ref 7d2d962c19faff74be760ab70ed8af8eb8538a90 GET https://api.github.com/repos/*******/environment-kubecon-prep-staging/commits/7d2d962c19faff74be760ab70ed8af8eb8538a90/statuses: 500  []
WARNING: Failed to query the Pull Request last commit status for https://github.com/*******/environment-kubecon-prep-staging/pull/29 ref 7d2d962c19faff74be760ab70ed8af8eb8538a90 GET https://api.github.com/repos/*******/environment-kubecon-prep-staging/commits/7d2d962c19faff74be760ab70ed8af8eb8538a90/statuses: 500  []
WARNING: Failed to query the Pull Request last commit status for https://github.com/*******/environment-kubecon-prep-staging/pull/29 ref 7d2d962c19faff74be760ab70ed8af8eb8538a90 GET https://api.github.com/repos/*******/environment-kubecon-prep-staging/commits/7d2d962c19faff74be760ab70ed8af8eb8538a90/statuses: 500  []
WARNING: Failed to query the Pull Request last commit status for https://github.com/*******/environment-kubecon-prep-staging/pull/29 ref 7d2d962c19faff74be760ab70ed8af8eb8538a90 GET https://api.github.com/repos/*******/environment-kubecon-prep-staging/commits/7d2d962c19faff74be760ab70ed8af8eb8538a90/statuses: 500  []
WARNING: Failed to query the Pull Request last commit status for https://github.com/*******/environment-kubecon-prep-staging/pull/29 ref 7d2d962c19faff74be760ab70ed8af8eb8538a90 GET https://api.github.com/repos/*******/environment-kubecon-prep-staging/commits/7d2d962c19faff74be760ab70ed8af8eb8538a90/statuses: 500  []
WARNING: Failed to query the Pull Request last commit status for https://github.com/*******/environment-kubecon-prep-staging/pull/29 ref 7d2d962c19faff74be760ab70ed8af8eb8538a90 GET https://api.github.com/repos/*******/environment-kubecon-prep-staging/commits/7d2d962c19faff74be760ab70ed8af8eb8538a90/statuses: 500  []
WARNING: Failed to query the Pull Request last commit status for https://github.com/*******/environment-kubecon-prep-staging/pull/29 ref 7d2d962c19faff74be760ab70ed8af8eb8538a90 GET https://api.github.com/repos/*******/environment-kubecon-prep-staging/commits/7d2d962c19faff74be760ab70ed8af8eb8538a90/statuses: 500  []
WARNING: Failed to query the Pull Request last commit status for https://github.com/*******/environment-kubecon-prep-staging/pull/29 ref 7d2d962c19faff74be760ab70ed8af8eb8538a90 GET https://api.github.com/repos/*******/environment-kubecon-prep-staging/commits/7d2d962c19faff74be760ab70ed8af8eb8538a90/statuses: 500  []
WARNING: Failed to query the Pull Request last commit status for https://github.com/*******/environment-kubecon-prep-staging/pull/29 ref 7d2d962c19faff74be760ab70ed8af8eb8538a90 GET https://api.github.com/repos/*******/environment-kubecon-prep-staging/commits/7d2d962c19faff74be760ab70ed8af8eb8538a90/statuses: 500  []
WARNING: Failed to query the Pull Request last commit status for https://github.com/*******/environment-kubecon-prep-staging/pull/29 ref 7d2d962c19faff74be760ab70ed8af8eb8538a90 GET https://api.github.com/repos/*******/environment-kubecon-prep-staging/commits/7d2d962c19faff74be760ab70ed8af8eb8538a90/statuses: 500  []
WARNING: Failed to query the Pull Request last commit status for https://github.com/*******/environment-kubecon-prep-staging/pull/29 ref 7d2d962c19faff74be760ab70ed8af8eb8538a90 GET https://api.github.com/repos/*******/environment-kubecon-prep-staging/commits/7d2d962c19faff74be760ab70ed8af8eb8538a90/statuses: 500  []
WARNING: Failed to query the Pull Request last commit status for https://github.com/*******/environment-kubecon-prep-staging/pull/29 ref 7d2d962c19faff74be760ab70ed8af8eb8538a90 Could not find a status for repository *******/environment-kubecon-prep-staging with ref 7d2d962c19faff74be760ab70ed8af8eb8538a90
WARNING: Failed to query the Pull Request last commit status for https://github.com/*******/environment-kubecon-prep-staging/pull/29 ref 7d2d962c19faff74be760ab70ed8af8eb8538a90 GET https://api.github.com/repos/*******/environment-kubecon-prep-staging/commits/7d2d962c19faff74be760ab70ed8af8eb8538a90/statuses: 500  []
WARNING: Failed to query the Pull Request last commit status for https://github.com/*******/environment-kubecon-prep-staging/pull/29 ref 7d2d962c19faff74be760ab70ed8af8eb8538a90 Could not find a status for repository *******/environment-kubecon-prep-staging with ref 7d2d962c19faff74be760ab70ed8af8eb8538a90
WARNING: Failed to query the Pull Request last commit status for https://github.com/*******/environment-kubecon-prep-staging/pull/29 ref 7d2d962c19faff74be760ab70ed8af8eb8538a90 GET https://api.github.com/repos/*******/environment-kubecon-prep-staging/commits/7d2d962c19faff74be760ab70ed8af8eb8538a90/statuses: 500  []
WARNING: Failed to query the Pull Request last commit status for https://github.com/*******/environment-kubecon-prep-staging/pull/29 ref 7d2d962c19faff74be760ab70ed8af8eb8538a90 GET https://api.github.com/repos/*******/environment-kubecon-prep-staging/commits/7d2d962c19faff74be760ab70ed8af8eb8538a90/statuses: 500  []
WARNING: Failed to query the Pull Request last commit status for https://github.com/*******/environment-kubecon-prep-staging/pull/29 ref 7d2d962c19faff74be760ab70ed8af8eb8538a90 GET https://api.github.com/repos/*******/environment-kubecon-prep-staging/commits/7d2d962c19faff74be760ab70ed8af8eb8538a90/statuses: 500  []
WARNING: Failed to query the Pull Request last commit status for https://github.com/*******/environment-kubecon-prep-staging/pull/29 ref 7d2d962c19faff74be760ab70ed8af8eb8538a90 GET https://api.github.com/repos/*******/environment-kubecon-prep-staging/commits/7d2d962c19faff74be760ab70ed8af8eb8538a90/statuses: 500  []
WARNING: Failed to query the Pull Request last commit status for https://github.com/*******/environment-kubecon-prep-staging/pull/29 ref 7d2d962c19faff74be760ab70ed8af8eb8538a90 GET https://api.github.com/repos/*******/environment-kubecon-prep-staging/commits/7d2d962c19faff74be760ab70ed8af8eb8538a90/statuses: 500  []
WARNING: Failed to query the Pull Request last commit status for https://github.com/*******/environment-kubecon-prep-staging/pull/29 ref 7d2d962c19faff74be760ab70ed8af8eb8538a90 GET https://api.github.com/repos/*******/environment-kubecon-prep-staging/commits/7d2d962c19faff74be760ab70ed8af8eb8538a90/statuses: 500  []
WARNING: Failed to query the Pull Request last commit status for https://github.com/*******/environment-kubecon-prep-staging/pull/29 ref 7d2d962c19faff74be760ab70ed8af8eb8538a90 GET https://api.github.com/repos/*******/environment-kubecon-prep-staging/commits/7d2d962c19faff74be760ab70ed8af8eb8538a90/statuses: 500  []
WARNING: Failed to query the Pull Request last commit status for https://github.com/*******/environment-kubecon-prep-staging/pull/29 ref 7d2d962c19faff74be760ab70ed8af8eb8538a90 GET https://api.github.com/repos/*******/environment-kubecon-prep-staging/commits/7d2d962c19faff74be760ab70ed8af8eb8538a90/statuses: 500  []
WARNING: Failed to query the Pull Request last commit status for https://github.com/*******/environment-kubecon-prep-staging/pull/29 ref 7d2d962c19faff74be760ab70ed8af8eb8538a90 GET https://api.github.com/repos/*******/environment-kubecon-prep-staging/commits/7d2d962c19faff74be760ab70ed8af8eb8538a90/statuses: 500  []
WARNING: Failed to query the Pull Request last commit status for https://github.com/*******/environment-kubecon-prep-staging/pull/29 ref 7d2d962c19faff74be760ab70ed8af8eb8538a90 GET https://api.github.com/repos/*******/environment-kubecon-prep-staging/commits/7d2d962c19faff74be760ab70ed8af8eb8538a90/statuses: 500  []
WARNING: Failed to query the Pull Request last commit status for https://github.com/*******/environment-kubecon-prep-staging/pull/29 ref 7d2d962c19faff74be760ab70ed8af8eb8538a90 GET https://api.github.com/repos/*******/environment-kubecon-prep-staging/commits/7d2d962c19faff74be760ab70ed8af8eb8538a90/statuses: 500  []
WARNING: Failed to query the Pull Request last commit status for https://github.com/*******/environment-kubecon-prep-staging/pull/29 ref 7d2d962c19faff74be760ab70ed8af8eb8538a90 GET https://api.github.com/repos/*******/environment-kubecon-prep-staging/commits/7d2d962c19faff74be760ab70ed8af8eb8538a90/statuses: 500  []
WARNING: Failed to query the Pull Request last commit status for https://github.com/*******/environment-kubecon-prep-staging/pull/29 ref 7d2d962c19faff74be760ab70ed8af8eb8538a90 GET https://api.github.com/repos/*******/environment-kubecon-prep-staging/commits/7d2d962c19faff74be760ab70ed8af8eb8538a90/statuses: 500  []
WARNING: Failed to query the Pull Request last commit status for https://github.com/*******/environment-kubecon-prep-staging/pull/29 ref 7d2d962c19faff74be760ab70ed8af8eb8538a90 GET https://api.github.com/repos/*******/environment-kubecon-prep-staging/commits/7d2d962c19faff74be760ab70ed8af8eb8538a90/statuses: 500  []
WARNING: Failed to query the Pull Request last commit status for https://github.com/*******/environment-kubecon-prep-staging/pull/29 ref 7d2d962c19faff74be760ab70ed8af8eb8538a90 GET https://api.github.com/repos/*******/environment-kubecon-prep-staging/commits/7d2d962c19faff74be760ab70ed8af8eb8538a90/statuses: 500  []
WARNING: Failed to query the Pull Request last commit status for https://github.com/*******/environment-kubecon-prep-staging/pull/29 ref 7d2d962c19faff74be760ab70ed8af8eb8538a90 GET https://api.github.com/repos/*******/environment-kubecon-prep-staging/commits/7d2d962c19faff74be760ab70ed8af8eb8538a90/statuses: 500  []
WARNING: Failed to query the Pull Request last commit status for https://github.com/*******/environment-kubecon-prep-staging/pull/29 ref 7d2d962c19faff74be760ab70ed8af8eb8538a90 Could not find a status for repository *******/environment-kubecon-prep-staging with ref 7d2d962c19faff74be760ab70ed8af8eb8538a90
WARNING: Failed to query the Pull Request last commit status for https://github.com/*******/environment-kubecon-prep-staging/pull/29 ref 7d2d962c19faff74be760ab70ed8af8eb8538a90 Could not find a status for repository *******/environment-kubecon-prep-staging with ref 7d2d962c19faff74be760ab70ed8af8eb8538a90
Pull Request https://github.com/*******/environment-kubecon-prep-staging/pull/29 is merged at sha f8f66ebbf932004491214416d83590637f9fab64
Pull Request merged but we are not waiting for the update pipeline to complete!
