
Showing logs for build [32mmeta-salaboy-fmtok8s-api-gatewa-bxb7s-2[0m stage [32mmeta-pipeline[0m and container [32mstep-credential-initializer-c8j57[0m
{"level":"info","ts":1590066542.3741667,"logger":"fallback-logger","caller":"logging/config.go:69","msg":"Fetch GitHub commit ID from kodata failed: open /var/run/ko/refs/heads/0.8.0-ns-support: no such file or directory"}
{"level":"info","ts":1590066542.3747742,"logger":"fallback-logger","caller":"creds-init/main.go:40","msg":"Credentials initialized."}

Showing logs for build [32mmeta-salaboy-fmtok8s-api-gatewa-bxb7s-2[0m stage [32mmeta-pipeline[0m and container [32mstep-working-dir-initializer-qwx5x[0m
{"level":"info","ts":1590066543.3690479,"logger":"fallback-logger","caller":"logging/config.go:69","msg":"Fetch GitHub commit ID from kodata failed: open /var/run/ko/HEAD: no such file or directory"}
{"level":"info","ts":1590066543.3780606,"logger":"fallback-logger","caller":"bash/main.go:64","msg":"Successfully executed command \"sh -c mkdir -p /workspace/source\"; output "}

Showing logs for build [32mmeta-salaboy-fmtok8s-api-gatewa-bxb7s-2[0m stage [32mmeta-pipeline[0m and container [32mstep-place-tools[0m

Showing logs for build [32mmeta-salaboy-fmtok8s-api-gatewa-bxb7s-2[0m stage [32mmeta-pipeline[0m and container [32mstep-git-source-meta-salaboy-fmtok8s-api-gatewa-bxb7s-j4shn[0m
{"level":"info","ts":1590066547.4482014,"logger":"fallback-logger","caller":"logging/config.go:69","msg":"Fetch GitHub commit ID from kodata failed: open /var/run/ko/refs/heads/0.8.0-ns-support: no such file or directory"}
{"level":"info","ts":1590066548.9244525,"logger":"fallback-logger","caller":"git/git.go:103","msg":"Successfully cloned https://github.com/*******/fmtok8s-api-gateway.git @ 26a24c2d2e43bc0ef4f9ac7b9c8c6dd745636e29 in path /workspace/source"}

Showing logs for build [32mmeta-salaboy-fmtok8s-api-gatewa-bxb7s-2[0m stage [32mmeta-pipeline[0m and container [32mstep-git-merge[0m
Using SHAs from PULL_REFS=master:26a24c2d2e43bc0ef4f9ac7b9c8c6dd745636e29
WARNING: no SHAs to merge, falling back to initial cloned commit

Showing logs for build [32mmeta-salaboy-fmtok8s-api-gatewa-bxb7s-2[0m stage [32mmeta-pipeline[0m and container [32mstep-merge-pull-refs[0m
SKIP merge-pull-refs: Nothing to merge

Showing logs for build [32mmeta-salaboy-fmtok8s-api-gatewa-bxb7s-2[0m stage [32mmeta-pipeline[0m and container [32mstep-create-effective-pipeline[0m
error: failed to create the ** client: namespaces "**" is forbidden: User "system:serviceaccount:**:default" cannot get resource "namespaces" in API group "" in the namespace "**"
[31m
Pipeline failed on stage 'meta-pipeline' : container 'step-create-effective-pipeline'. The execution of the pipeline has stopped.[0m

Showing logs for build [32mmeta-salaboy-fmtok8s-api-gatewa-bxb7s-2[0m stage [32mmeta-pipeline[0m and container [32mstep-credential-initializer-c8j57[0m
{"level":"info","ts":1590066542.3741667,"logger":"fallback-logger","caller":"logging/config.go:69","msg":"Fetch GitHub commit ID from kodata failed: open /var/run/ko/refs/heads/0.8.0-ns-support: no such file or directory"}
{"level":"info","ts":1590066542.3747742,"logger":"fallback-logger","caller":"creds-init/main.go:40","msg":"Credentials initialized."}

Showing logs for build [32mmeta-salaboy-fmtok8s-api-gatewa-bxb7s-2[0m stage [32mmeta-pipeline[0m and container [32mstep-working-dir-initializer-qwx5x[0m
{"level":"info","ts":1590066543.3690479,"logger":"fallback-logger","caller":"logging/config.go:69","msg":"Fetch GitHub commit ID from kodata failed: open /var/run/ko/HEAD: no such file or directory"}
{"level":"info","ts":1590066543.3780606,"logger":"fallback-logger","caller":"bash/main.go:64","msg":"Successfully executed command \"sh -c mkdir -p /workspace/source\"; output "}

Showing logs for build [32mmeta-salaboy-fmtok8s-api-gatewa-bxb7s-2[0m stage [32mmeta-pipeline[0m and container [32mstep-place-tools[0m

Showing logs for build [32mmeta-salaboy-fmtok8s-api-gatewa-bxb7s-2[0m stage [32mmeta-pipeline[0m and container [32mstep-git-source-meta-salaboy-fmtok8s-api-gatewa-bxb7s-j4shn[0m
{"level":"info","ts":1590066547.4482014,"logger":"fallback-logger","caller":"logging/config.go:69","msg":"Fetch GitHub commit ID from kodata failed: open /var/run/ko/refs/heads/0.8.0-ns-support: no such file or directory"}
{"level":"info","ts":1590066548.9244525,"logger":"fallback-logger","caller":"git/git.go:103","msg":"Successfully cloned https://github.com/*******/fmtok8s-api-gateway.git @ 26a24c2d2e43bc0ef4f9ac7b9c8c6dd745636e29 in path /workspace/source"}

Showing logs for build [32mmeta-salaboy-fmtok8s-api-gatewa-bxb7s-2[0m stage [32mmeta-pipeline[0m and container [32mstep-git-merge[0m
Using SHAs from PULL_REFS=master:26a24c2d2e43bc0ef4f9ac7b9c8c6dd745636e29
WARNING: no SHAs to merge, falling back to initial cloned commit

Showing logs for build [32mmeta-salaboy-fmtok8s-api-gatewa-bxb7s-2[0m stage [32mmeta-pipeline[0m and container [32mstep-merge-pull-refs[0m
SKIP merge-pull-refs: Nothing to merge

Showing logs for build [32mmeta-salaboy-fmtok8s-api-gatewa-bxb7s-2[0m stage [32mmeta-pipeline[0m and container [32mstep-create-effective-pipeline[0m
error: failed to create the ** client: namespaces "**" is forbidden: User "system:serviceaccount:**:default" cannot get resource "namespaces" in API group "" in the namespace "**"
[31m
Pipeline failed on stage 'meta-pipeline' : container 'step-create-effective-pipeline'. The execution of the pipeline has stopped.[0m
