
Showing logs for build [32msalaboy-fmtok8s-api-gateway-mas-qltpq-22[0m stage [32mfrom-build-pack[0m and container [32mcredential-initializer[0m
{"level":"info","ts":1598865205.9458022,"caller":"creds-init/main.go:44","msg":"Credentials initialized."}

Showing logs for build [32msalaboy-fmtok8s-api-gateway-mas-qltpq-22[0m stage [32mfrom-build-pack[0m and container [32mworking-dir-initializer[0m

Showing logs for build [32msalaboy-fmtok8s-api-gateway-mas-qltpq-22[0m stage [32mfrom-build-pack[0m and container [32mplace-tools[0m

Showing logs for build [32msalaboy-fmtok8s-api-gateway-mas-qltpq-22[0m stage [32mfrom-build-pack[0m and container [32mstep-git-source-salaboy-fmtok8s-api-gateway-mas-qltpq-b5sq5[0m
{"level":"info","ts":1598865215.5862632,"caller":"git/git.go:105","msg":"Successfully cloned https://github.com/*******/fmtok8s-api-gateway.git @ v0.0.95 in path /workspace/source"}
{"level":"warn","ts":1598865215.5863686,"caller":"git/git.go:152","msg":"Unexpected error: creating symlink: symlink /tekton/home/.ssh /root/.ssh: file exists"}
{"level":"info","ts":1598865215.6645064,"caller":"git/git.go:133","msg":"Successfully initialized and updated submodules in path /workspace/source"}

Showing logs for build [32msalaboy-fmtok8s-api-gateway-mas-qltpq-22[0m stage [32mfrom-build-pack[0m and container [32mstep-setup-builder-home[0m

Showing logs for build [32msalaboy-fmtok8s-api-gateway-mas-qltpq-22[0m stage [32mfrom-build-pack[0m and container [32mstep-git-merge[0m
Using SHAs from PULL_REFS=master:5975c2b329c7af3618d8bab23fe146f6469edc87
WARNING: no SHAs to merge, falling back to initial cloned commit

Showing logs for build [32msalaboy-fmtok8s-api-gateway-mas-qltpq-22[0m stage [32mfrom-build-pack[0m and container [32mstep-setup-jx-git-credentials[0m
Generated Git credentials file /workspace/xdg_config/git/credentials

Showing logs for build [32msalaboy-fmtok8s-api-gateway-mas-qltpq-22[0m stage [32mfrom-build-pack[0m and container [32mstep-build-mvn-deploy[0m
Picked up _JAVA_OPTIONS: -XX:+UnlockExperimentalVMOptions -Dsun.zip.disableMemoryMapping=true -XX:+UseParallelGC -XX:MinHeapFreeRatio=5 -XX:MaxHeapFreeRatio=10 -XX:GCTimeRatio=4 -XX:AdaptiveSizePolicyWeight=90 -Xms10m -Xmx192m
[INFO] Scanning for projects...
[INFO] 
[INFO] ------------< com.*******.conferences:fmtok8s-api-gateway >-------------
[INFO] Building FMTOK8S :: API Gateway 0.0.95
[INFO] --------------------------------[ jar ]---------------------------------
[INFO] 
[INFO] --- maven-clean-plugin:3.1.0:clean (default-clean) @ fmtok8s-api-gateway ---
[INFO] 
[INFO] --- maven-resources-plugin:3.1.0:resources (default-resources) @ fmtok8s-api-gateway ---
[INFO] Using 'UTF-8' encoding to copy filtered resources.
[INFO] Copying 1 resource
[INFO] Copying 14 resources
[INFO] 
[INFO] --- maven-compiler-plugin:3.8.1:compile (default-compile) @ fmtok8s-api-gateway ---
[INFO] Changes detected - recompiling the module!
[INFO] Compiling 5 source files to /workspace/source/target/classes
[INFO] 
[INFO] --- maven-resources-plugin:3.1.0:testResources (default-testResources) @ fmtok8s-api-gateway ---
[INFO] Using 'UTF-8' encoding to copy filtered resources.
[INFO] skip non existing resourceDirectory /workspace/source/src/test/resources
[INFO] 
[INFO] --- maven-compiler-plugin:3.8.1:testCompile (default-testCompile) @ fmtok8s-api-gateway ---
[INFO] Changes detected - recompiling the module!
[INFO] Compiling 2 source files to /workspace/source/target/test-classes
[INFO] 
[INFO] --- maven-surefire-plugin:3.0.0-M1:test (default-test) @ fmtok8s-api-gateway ---
[INFO] 
[INFO] -------------------------------------------------------
[INFO]  T E S T S
[INFO] -------------------------------------------------------
[INFO] Running com.*******.conferences.site.C4PApisTests
09:14:14.132 [main] DEBUG org.springframework.test.context.junit4.SpringJUnit4ClassRunner - SpringJUnit4ClassRunner constructor called with [class com.*******.conferences.site.C4PApisTests]
09:14:14.145 [main] DEBUG org.springframework.test.context.BootstrapUtils - Instantiating CacheAwareContextLoaderDelegate from class [org.springframework.test.context.cache.DefaultCacheAwareContextLoaderDelegate]
09:14:14.215 [main] DEBUG org.springframework.test.context.BootstrapUtils - Instantiating BootstrapContext using constructor [public org.springframework.test.context.support.DefaultBootstrapContext(java.lang.Class,org.springframework.test.context.CacheAwareContextLoaderDelegate)]
09:14:14.352 [main] DEBUG org.springframework.test.context.BootstrapUtils - Instantiating TestContextBootstrapper for test class [com.*******.conferences.site.C4PApisTests] from class [org.springframework.boot.test.context.SpringBootTestContextBootstrapper]
09:14:14.413 [main] INFO org.springframework.boot.test.context.SpringBootTestContextBootstrapper - Neither @ContextConfiguration nor @ContextHierarchy found for test class [com.*******.conferences.site.C4PApisTests], using SpringBootContextLoader
09:14:14.420 [main] DEBUG org.springframework.test.context.support.AbstractContextLoader - Did not detect default resource location for test class [com.*******.conferences.site.C4PApisTests]: class path resource [com/*******/conferences/site/C4PApisTests-context.xml] does not exist
09:14:14.422 [main] DEBUG org.springframework.test.context.support.AbstractContextLoader - Did not detect default resource location for test class [com.*******.conferences.site.C4PApisTests]: class path resource [com/*******/conferences/site/C4PApisTestsContext.groovy] does not exist
09:14:14.422 [main] INFO org.springframework.test.context.support.AbstractContextLoader - Could not detect default resource locations for test class [com.*******.conferences.site.C4PApisTests]: no resource found for suffixes {-context.xml, Context.groovy}.
09:14:14.423 [main] INFO org.springframework.test.context.support.AnnotationConfigContextLoaderUtils - Could not detect default configuration classes for test class [com.*******.conferences.site.C4PApisTests]: C4PApisTests does not declare any static, non-private, non-final, nested classes annotated with @Configuration.
09:14:14.729 [main] DEBUG org.springframework.test.context.support.ActiveProfilesUtils - Could not find an 'annotation declaring class' for annotation type [org.springframework.test.context.ActiveProfiles] and class [com.*******.conferences.site.C4PApisTests]
09:14:15.016 [main] DEBUG org.springframework.context.annotation.ClassPathScanningCandidateComponentProvider - Identified candidate component class: file [/workspace/source/target/classes/com/*******/conferences/site/ApiGatewayService.class]
09:14:15.129 [main] INFO org.springframework.boot.test.context.SpringBootTestContextBootstrapper - Found @SpringBootConfiguration com.*******.conferences.site.ApiGatewayService for test class com.*******.conferences.site.C4PApisTests
09:14:15.411 [main] DEBUG org.springframework.boot.test.context.SpringBootTestContextBootstrapper - @TestExecutionListeners is not present for class [com.*******.conferences.site.C4PApisTests]: using defaults.
09:14:15.412 [main] INFO org.springframework.boot.test.context.SpringBootTestContextBootstrapper - Loaded default TestExecutionListener class names from location [META-INF/spring.factories]: [org.springframework.boot.test.mock.mockito.MockitoTestExecutionListener, org.springframework.boot.test.mock.mockito.ResetMocksTestExecutionListener, org.springframework.boot.test.autoconfigure.restdocs.RestDocsTestExecutionListener, org.springframework.boot.test.autoconfigure.web.client.MockRestServiceServerResetTestExecutionListener, org.springframework.boot.test.autoconfigure.web.servlet.MockMvcPrintOnlyOnFailureTestExecutionListener, org.springframework.boot.test.autoconfigure.web.servlet.WebDriverTestExecutionListener, org.springframework.test.context.web.ServletTestExecutionListener, org.springframework.test.context.support.DirtiesContextBeforeModesTestExecutionListener, org.springframework.test.context.support.DependencyInjectionTestExecutionListener, org.springframework.test.context.support.DirtiesContextTestExecutionListener, org.springframework.test.context.transaction.TransactionalTestExecutionListener, org.springframework.test.context.jdbc.SqlScriptsTestExecutionListener, org.springframework.cloud.contract.wiremock.WireMockTestExecutionListener, org.springframework.cloud.contract.stubrunner.provider.wiremock.StubRunnerWireMockTestExecutionListener]
09:14:15.432 [main] DEBUG org.springframework.boot.test.context.SpringBootTestContextBootstrapper - Skipping candidate TestExecutionListener [org.springframework.test.context.transaction.TransactionalTestExecutionListener] due to a missing dependency. Specify custom listener classes or make the default listener classes and their required dependencies available. Offending class: [org/springframework/transaction/TransactionDefinition]
09:14:15.432 [main] DEBUG org.springframework.boot.test.context.SpringBootTestContextBootstrapper - Skipping candidate TestExecutionListener [org.springframework.test.context.jdbc.SqlScriptsTestExecutionListener] due to a missing dependency. Specify custom listener classes or make the default listener classes and their required dependencies available. Offending class: [org/springframework/transaction/interceptor/TransactionAttribute]
09:14:15.433 [main] INFO org.springframework.boot.test.context.SpringBootTestContextBootstrapper - Using TestExecutionListeners: [org.springframework.test.context.web.ServletTestExecutionListener@12359a82, org.springframework.test.context.support.DirtiesContextBeforeModesTestExecutionListener@68df9280, org.springframework.boot.test.mock.mockito.MockitoTestExecutionListener@479460a6, org.springframework.boot.test.autoconfigure.SpringBootDependencyInjectionTestExecutionListener@7164ca4c, org.springframework.test.context.support.DirtiesContextTestExecutionListener@4f3bbf68, org.springframework.boot.test.mock.mockito.ResetMocksTestExecutionListener@5be46f9d, org.springframework.boot.test.autoconfigure.restdocs.RestDocsTestExecutionListener@3f91b517, org.springframework.boot.test.autoconfigure.web.client.MockRestServiceServerResetTestExecutionListener@68702e03, org.springframework.boot.test.autoconfigure.web.servlet.MockMvcPrintOnlyOnFailureTestExecutionListener@7a220c9a, org.springframework.boot.test.autoconfigure.web.servlet.WebDriverTestExecutionListener@2421cc4, org.springframework.cloud.contract.wiremock.WireMockTestExecutionListener@30c93896, org.springframework.cloud.contract.stubrunner.provider.wiremock.StubRunnerWireMockTestExecutionListener@59a008ba]
09:14:15.436 [main] DEBUG org.springframework.test.annotation.ProfileValueUtils - Retrieved @ProfileValueSourceConfiguration [null] for test class [com.*******.conferences.site.C4PApisTests]
09:14:15.436 [main] DEBUG org.springframework.test.annotation.ProfileValueUtils - Retrieved ProfileValueSource type [class org.springframework.test.annotation.SystemProfileValueSource] for class [com.*******.conferences.site.C4PApisTests]
09:14:15.438 [main] DEBUG org.springframework.test.annotation.ProfileValueUtils - Retrieved @ProfileValueSourceConfiguration [null] for test class [com.*******.conferences.site.C4PApisTests]
09:14:15.505 [main] DEBUG org.springframework.test.annotation.ProfileValueUtils - Retrieved ProfileValueSource type [class org.springframework.test.annotation.SystemProfileValueSource] for class [com.*******.conferences.site.C4PApisTests]
09:14:15.506 [main] DEBUG org.springframework.test.annotation.ProfileValueUtils - Retrieved @ProfileValueSourceConfiguration [null] for test class [com.*******.conferences.site.C4PApisTests]
09:14:15.506 [main] DEBUG org.springframework.test.annotation.ProfileValueUtils - Retrieved ProfileValueSource type [class org.springframework.test.annotation.SystemProfileValueSource] for class [com.*******.conferences.site.C4PApisTests]
09:14:15.511 [main] DEBUG org.springframework.test.context.support.AbstractDirtiesContextTestExecutionListener - Before test class: context [DefaultTestContext@4716be8b testClass = C4PApisTests, testInstance = [null], testMethod = [null], testException = [null], mergedContextConfiguration = [ReactiveWebMergedContextConfiguration@1fc32e4f testClass = C4PApisTests, locations = '{}', classes = '{class com.*******.conferences.site.ApiGatewayService}', contextInitializerClasses = '[]', activeProfiles = '{}', propertySourceLocations = '{}', propertySourceProperties = '{org.springframework.boot.test.context.SpringBootTestContextBootstrapper=true}', contextCustomizers = set[[ImportsContextCustomizer@2f67b837 key = [org.springframework.boot.test.autoconfigure.web.servlet.MockMvcAutoConfiguration, org.springframework.boot.test.autoconfigure.web.servlet.MockMvcSecurityAutoConfiguration, org.springframework.boot.test.autoconfigure.web.servlet.MockMvcWebClientAutoConfiguration, org.springframework.boot.test.autoconfigure.web.servlet.MockMvcWebDriverAutoConfiguration, org.springframework.boot.test.autoconfigure.json.JsonTestersAutoConfiguration, org.springframework.boot.autoconfigure.gson.GsonAutoConfiguration, org.springframework.boot.autoconfigure.jackson.JacksonAutoConfiguration, org.springframework.boot.autoconfigure.jsonb.JsonbAutoConfiguration, org.springframework.cloud.contract.stubrunner.spring.StubRunnerConfiguration, org.springframework.cloud.contract.stubrunner.spring.cloud.StubRunnerSpringCloudAutoConfiguration, org.springframework.cloud.contract.stubrunner.spring.cloud.ribbon.StubRunnerRibbonAutoConfiguration, org.springframework.cloud.contract.stubrunner.messaging.integration.StubRunnerIntegrationConfiguration, org.springframework.cloud.contract.stubrunner.messaging.stream.StubRunnerStreamConfiguration, org.springframework.cloud.contract.stubrunner.spring.cloud.zookeeper.StubRunnerSpringCloudZookeeperAutoConfiguration, org.springframework.cloud.contract.stubrunner.spring.cloud.eureka.StubRunnerSpringCloudEurekaAutoConfiguration, org.springframework.cloud.contract.stubrunner.spring.cloud.consul.StubRunnerSpringCloudConsulAutoConfiguration, org.springframework.cloud.contract.stubrunner.messaging.StubRunnerStreamsIntegrationAutoConfiguration, org.springframework.cloud.contract.stubrunner.messaging.camel.StubRunnerCamelConfiguration, org.springframework.cloud.contract.verifier.messaging.stream.ContractVerifierStreamAutoConfiguration, org.springframework.cloud.contract.verifier.messaging.integration.ContractVerifierIntegrationConfiguration, org.springframework.cloud.contract.verifier.messaging.amqp.ContractVerifierAmqpAutoConfiguration, org.springframework.cloud.contract.verifier.messaging.amqp.RabbitMockConnectionFactoryAutoConfiguration, org.springframework.cloud.contract.verifier.messaging.camel.ContractVerifierCamelConfiguration, org.springframework.cloud.contract.verifier.messaging.noop.NoOpContractVerifierAutoConfiguration]], org.springframework.boot.test.context.filter.ExcludeFilterContextCustomizer@4738a206, org.springframework.boot.test.json.DuplicateJsonObjectContextCustomizerFactory$DuplicateJsonObjectContextCustomizer@1af2d44a, org.springframework.boot.test.mock.mockito.MockitoContextCustomizer@0, org.springframework.boot.test.web.client.TestRestTemplateContextCustomizer@c88a337, org.springframework.boot.test.web.reactive.server.WebTestClientContextCustomizer@6e0f5f7f, org.springframework.boot.test.autoconfigure.properties.PropertyMappingContextCustomizer@bb0c37d1, org.springframework.boot.test.autoconfigure.web.servlet.WebDriverContextCustomizerFactory$Customizer@3cebbb30], contextLoader = 'org.springframework.boot.test.context.SpringBootContextLoader', parent = [null]], attributes = map[[empty]]], class annotated with @DirtiesContext [true] with mode [AFTER_CLASS].
09:14:15.705 [main] DEBUG org.springframework.test.context.support.TestPropertySourceUtils - Adding inlined properties to environment: {spring.jmx.enabled=false, org.springframework.boot.test.context.SpringBootTestContextBootstrapper=true, server.port=-1}
2020-08-31 09:14:20.446  INFO 73 --- [           main] trationDelegate$BeanPostProcessorChecker : Bean 'org.springframework.cloud.autoconfigure.ConfigurationPropertiesRebinderAutoConfiguration' of type [org.springframework.cloud.autoconfigure.ConfigurationPropertiesRebinderAutoConfiguration$$EnhancerBySpringCGLIB$$a24b874e] is not eligible for getting processed by all BeanPostProcessors (for example: not eligible for auto-proxying)

  .   ____          _            __ _ _
 /\\ / ___'_ __ _ _(_)_ __  __ _ \ \ \ \
( ( )\___ | '_ | '_| | '_ \/ _` | \ \ \ \
 \\/  ___)| |_)| | | | | || (_| |  ) ) ) )
  '  |____| .__|_| |_|_| |_\__, | / / / /
 =========|_|==============|___/=/_/_/_/
 :: Spring Boot ::        (v2.1.9.RELEASE)

2020-08-31 09:14:21.435  INFO 73 --- [           main] c.*******.conferences.site.C4PApisTests  : No active profile set, falling back to default profiles: default
2020-08-31 09:14:23.717 TRACE 73 --- [           main] Configuration$OnVerboseDisabledCondition : Condition GatewayAutoConfiguration.OnVerboseDisabledCondition on org.springframework.cloud.gateway.config.GatewayAutoConfiguration$GatewayActuatorConfiguration#gatewayLegacyControllerEndpoint matched due to NoneNestedConditions 0 matched 1 did not; NestedCondition on GatewayAutoConfiguration.OnVerboseDisabledCondition.VerboseDisabled @ConditionalOnProperty (spring.cloud.gateway.actuator.verbose.enabled) did not find property 'spring.cloud.gateway.actuator.verbose.enabled'
2020-08-31 09:14:25.613  INFO 73 --- [           main] o.s.cloud.context.scope.GenericScope     : BeanFactory id=b35bbd38-f87d-35b8-bb58-3327c9fc9618
2020-08-31 09:14:26.013  INFO 73 --- [           main] trationDelegate$BeanPostProcessorChecker : Bean 'org.springframework.cloud.autoconfigure.ConfigurationPropertiesRebinderAutoConfiguration' of type [org.springframework.cloud.autoconfigure.ConfigurationPropertiesRebinderAutoConfiguration$$EnhancerBySpringCGLIB$$a24b874e] is not eligible for getting processed by all BeanPostProcessors (for example: not eligible for auto-proxying)
2020-08-31 09:14:26.115  INFO 73 --- [           main] trationDelegate$BeanPostProcessorChecker : Bean 'stubrunner-org.springframework.cloud.contract.stubrunner.spring.StubRunnerProperties' of type [org.springframework.cloud.contract.stubrunner.spring.StubRunnerProperties] is not eligible for getting processed by all BeanPostProcessors (for example: not eligible for auto-proxying)
2020-08-31 09:14:26.120  INFO 73 --- [           main] trationDelegate$BeanPostProcessorChecker : Bean 'org.springframework.cloud.contract.stubrunner.spring.StubRunnerConfiguration' of type [org.springframework.cloud.contract.stubrunner.spring.StubRunnerConfiguration$$EnhancerBySpringCGLIB$$feb556c1] is not eligible for getting processed by all BeanPostProcessors (for example: not eligible for auto-proxying)
2020-08-31 09:14:26.142  INFO 73 --- [           main] o.s.c.c.s.AetherStubDownloaderBuilder    : Will download stubs and contracts via Aether
2020-08-31 09:14:26.529  INFO 73 --- [           main] o.s.c.c.stubrunner.AetherStubDownloader  : Desired version is [+] - will try to resolve the latest version
2020-08-31 09:14:27.849  INFO 73 --- [           main] o.s.c.c.stubrunner.AetherStubDownloader  : Resolved version is [0.0.50]
2020-08-31 09:14:27.917  INFO 73 --- [           main] o.s.c.c.stubrunner.AetherStubDownloader  : Resolved artifact [com.*******.conferences:fmtok8s-c4p:jar:stubs:0.0.50] to /tmp/aether-local9882561944923796308/com/*******/conferences/fmtok8s-c4p/0.0.50/fmtok8s-c4p-0.0.50-stubs.jar
2020-08-31 09:14:27.918  INFO 73 --- [           main] o.s.c.c.stubrunner.AetherStubDownloader  : Unpacking stub from JAR [URI: file:/tmp/aether-local9882561944923796308/com/*******/conferences/fmtok8s-c4p/0.0.50/fmtok8s-c4p-0.0.50-stubs.jar]
2020-08-31 09:14:27.924  INFO 73 --- [           main] o.s.c.c.stubrunner.AetherStubDownloader  : Unpacked file to [/tmp/contracts15508571139481895650]
2020-08-31 09:14:30.828  INFO 73 --- [           main] wiremock.org.eclipse.jetty.util.log      : Logging initialized @19792ms
2020-08-31 09:14:30.907  WARN 73 --- [           main] w.o.e.j.s.NetworkTrafficServerConnector  : Acceptors should be <= availableProcessors: NetworkTrafficServerConnector@2211e731{HTTP/1.1}{0.0.0.0:0}
2020-08-31 09:14:31.036  INFO 73 --- [           main] w.org.eclipse.jetty.server.Server        : jetty-9.2.z-SNAPSHOT
2020-08-31 09:14:31.115  INFO 73 --- [           main] w.o.e.j.server.handler.ContextHandler    : Started w.o.e.j.s.ServletContextHandler@57eed461{/__*****,null,AVAILABLE}
2020-08-31 09:14:31.116  INFO 73 --- [           main] w.o.e.j.server.handler.ContextHandler    : Started w.o.e.j.s.ServletContextHandler@54ae1240{/,null,AVAILABLE}
2020-08-31 09:14:31.132  INFO 73 --- [           main] w.o.e.j.s.NetworkTrafficServerConnector  : Started NetworkTrafficServerConnector@2211e731{HTTP/1.1}{0.0.0.0:12915}
2020-08-31 09:14:31.132  INFO 73 --- [           main] w.org.eclipse.jetty.server.Server        : Started @20098ms
2020-08-31 09:14:31.133  INFO 73 --- [           main] o.s.c.contract.stubrunner.StubServer     : Started stub server for project [com.*******.conferences:fmtok8s-c4p:0.0.50:stubs] on port 12915
2020-08-31 09:14:32.611  INFO 73 --- [qtp888942941-28] /__*****                                 : RequestHandlerClass from context returned com.github.tomakehurst.wiremock.http.AdminRequestHandler. Normalized mapped under returned 'null'
2020-08-31 09:14:32.646  INFO 73 --- [qtp888942941-28] WireMock                                 : Admin request received:
127.0.0.1 - POST /mappings

Connection: [keep-alive]
User-Agent: [Apache-HttpClient/4.5.5 (Java/11.0.2)]
Host: [localhost:12915]
Content-Length: [225]
Content-Type: [text/plain; charset=UTF-8]
{
  "id" : "e597016f-7e9d-4b79-a5dc-38dd7db88ed2",
  "request" : {
    "url" : "/ping",
    "method" : "GET"
  },
  "response" : {
    "status" : 200,
    "body" : "OK"
  },
  "uuid" : "e597016f-7e9d-4b79-a5dc-38dd7db88ed2"
}

2020-08-31 09:14:32.943  INFO 73 --- [qtp888942941-29] WireMock                                 : Admin request received:
127.0.0.1 - POST /mappings

Connection: [keep-alive]
User-Agent: [Apache-HttpClient/4.5.5 (Java/11.0.2)]
Host: [localhost:12915]
Content-Length: [227]
Content-Type: [text/plain; charset=UTF-8]
{
  "id" : "aab69b5e-b523-4f5e-b9b5-4987c2cf7347",
  "request" : {
    "url" : "/health",
    "method" : "GET"
  },
  "response" : {
    "status" : 200,
    "body" : "OK"
  },
  "uuid" : "aab69b5e-b523-4f5e-b9b5-4987c2cf7347"
}

2020-08-31 09:14:33.135  INFO 73 --- [qtp888942941-30] WireMock                                 : Admin request received:
127.0.0.1 - POST /mappings

Connection: [keep-alive]
User-Agent: [Apache-HttpClient/4.5.5 (Java/11.0.2)]
Host: [localhost:12915]
Content-Length: [979]
Content-Type: [text/plain; charset=UTF-8]
{
  "id" : "c10d9416-3914-45aa-8c3e-99736bab3558",
  "request" : {
    "url" : "/",
    "method" : "POST",
    "headers" : {
      "Content-Type" : {
        "matches" : "application/json.*"
      }
    },
    "bodyPatterns" : [ {
      "matchesJsonPath" : "$[?(@.['title'] =~ /[\\S\\s]+/)]"
    }, {
      "matchesJsonPath" : "$[?(@.['description'] =~ /[\\S\\s]+/)]"
    }, {
      "matchesJsonPath" : "$[?(@.['author'] =~ /[\\S\\s]+/)]"
    }, {
      "matchesJsonPath" : "$[?(@.['email'] =~ /[a-zA-Z0-9._%+-]+@[a-zA-Z0-9.-]+\\.[a-zA-Z]{2,6}/)]"
    } ]
  },
  "response" : {
    "status" : 200,
    "body" : "{\"id\":\"4920d949-c038-4142-8ec5-52dc58997f51\",\"title\":\"BMHNPKIPBTYQOFKKLCHP\",\"description\":\"TCIUDTYUIQCBUSTSMYMO\",\"author\":\"KYMWHARZOBSRPRIFLDVE\",\"email\":\"foo@bar878747886.com\"}",
    "headers" : {
      "Content-Type" : "application/json"
    },
    "transformers" : [ "response-template" ]
  },
  "uuid" : "c10d9416-3914-45aa-8c3e-99736bab3558"
}

2020-08-31 09:14:33.331  INFO 73 --- [           main] o.s.c.c.stubrunner.StubRunnerExecutor    : All stubs are now running RunningStubs [namesAndPorts={com.*******.conferences:fmtok8s-c4p:0.0.50:stubs=12915}]
2020-08-31 09:14:33.408  INFO 73 --- [           main] trationDelegate$BeanPostProcessorChecker : Bean 'batchStubRunner' of type [org.springframework.cloud.contract.stubrunner.BatchStubRunner] is not eligible for getting processed by all BeanPostProcessors (for example: not eligible for auto-proxying)
2020-08-31 09:14:33.421  INFO 73 --- [           main] trationDelegate$BeanPostProcessorChecker : Bean 'org.springframework.cloud.contract.stubrunner.spring.cloud.StubRunnerSpringCloudAutoConfiguration' of type [org.springframework.cloud.contract.stubrunner.spring.cloud.StubRunnerSpringCloudAutoConfiguration$$EnhancerBySpringCGLIB$$c7e4d119] is not eligible for getting processed by all BeanPostProcessors (for example: not eligible for auto-proxying)
2020-08-31 09:14:35.608 DEBUG 73 --- [           main] o.s.c.gateway.config.GatewayProperties   : Routes supplied from Gateway Properties: [RouteDefinition{id='agenda', predicates=[PredicateDefinition{name='Path', args={_genkey_0=/agenda/**}}], filters=[FilterDefinition{name='RewritePath', args={_genkey_0=/agenda/(?<id>.*), _genkey_1=/$\{id}}}], uri=http://fmtok8s-agenda, order=0}, RouteDefinition{id='c4p', predicates=[PredicateDefinition{name='Path', args={_genkey_0=/c4p/**}}], filters=[FilterDefinition{name='RewritePath', args={_genkey_0=/c4p/(?<id>.*), _genkey_1=/$\{id}}}], uri=http://fmtok8s-c4p, order=0}, RouteDefinition{id='email', predicates=[PredicateDefinition{name='Path', args={_genkey_0=/email/**}}], filters=[FilterDefinition{name='RewritePath', args={_genkey_0=/email/(?<id>.*), _genkey_1=/$\{id}}}], uri=http://fmtok8s-email, order=0}]
2020-08-31 09:14:37.737  INFO 73 --- [           main] o.s.c.g.r.RouteDefinitionRouteLocator    : Loaded RoutePredicateFactory [After]
2020-08-31 09:14:37.738  INFO 73 --- [           main] o.s.c.g.r.RouteDefinitionRouteLocator    : Loaded RoutePredicateFactory [Before]
2020-08-31 09:14:37.744  INFO 73 --- [           main] o.s.c.g.r.RouteDefinitionRouteLocator    : Loaded RoutePredicateFactory [Between]
2020-08-31 09:14:37.744  INFO 73 --- [           main] o.s.c.g.r.RouteDefinitionRouteLocator    : Loaded RoutePredicateFactory [Cookie]
2020-08-31 09:14:37.744  INFO 73 --- [           main] o.s.c.g.r.RouteDefinitionRouteLocator    : Loaded RoutePredicateFactory [Header]
2020-08-31 09:14:37.744  INFO 73 --- [           main] o.s.c.g.r.RouteDefinitionRouteLocator    : Loaded RoutePredicateFactory [Host]
2020-08-31 09:14:37.745  INFO 73 --- [           main] o.s.c.g.r.RouteDefinitionRouteLocator    : Loaded RoutePredicateFactory [Method]
2020-08-31 09:14:37.805  INFO 73 --- [           main] o.s.c.g.r.RouteDefinitionRouteLocator    : Loaded RoutePredicateFactory [Path]
2020-08-31 09:14:37.805  INFO 73 --- [           main] o.s.c.g.r.RouteDefinitionRouteLocator    : Loaded RoutePredicateFactory [Query]
2020-08-31 09:14:37.805  INFO 73 --- [           main] o.s.c.g.r.RouteDefinitionRouteLocator    : Loaded RoutePredicateFactory [ReadBodyPredicateFactory]
2020-08-31 09:14:37.805  INFO 73 --- [           main] o.s.c.g.r.RouteDefinitionRouteLocator    : Loaded RoutePredicateFactory [RemoteAddr]
2020-08-31 09:14:37.806  INFO 73 --- [           main] o.s.c.g.r.RouteDefinitionRouteLocator    : Loaded RoutePredicateFactory [Weight]
2020-08-31 09:14:37.806  INFO 73 --- [           main] o.s.c.g.r.RouteDefinitionRouteLocator    : Loaded RoutePredicateFactory [CloudFoundryRouteService]
2020-08-31 09:14:39.940  INFO 73 --- [           main] o.s.b.a.e.web.EndpointLinksResolver      : Exposing 3 endpoint(s) beneath base path '/actuator'
2020-08-31 09:14:42.319 DEBUG 73 --- [           main] o.s.c.g.r.RouteDefinitionRouteLocator    : RouteDefinition agenda applying {_genkey_0=/agenda/**} to Path
2020-08-31 09:14:42.331 DEBUG 73 --- [           main] o.s.c.g.r.RouteDefinitionRouteLocator    : RouteDefinition agenda applying filter {_genkey_0=/agenda/(?<id>.*), _genkey_1=/$\{id}} to RewritePath
2020-08-31 09:14:42.344 DEBUG 73 --- [           main] o.s.c.g.r.RouteDefinitionRouteLocator    : RouteDefinition matched: agenda
2020-08-31 09:14:42.344 DEBUG 73 --- [           main] o.s.c.g.r.RouteDefinitionRouteLocator    : RouteDefinition c4p applying {_genkey_0=/c4p/**} to Path
2020-08-31 09:14:42.346 DEBUG 73 --- [           main] o.s.c.g.r.RouteDefinitionRouteLocator    : RouteDefinition c4p applying filter {_genkey_0=/c4p/(?<id>.*), _genkey_1=/$\{id}} to RewritePath
2020-08-31 09:14:42.347 DEBUG 73 --- [           main] o.s.c.g.r.RouteDefinitionRouteLocator    : RouteDefinition matched: c4p
2020-08-31 09:14:42.348 DEBUG 73 --- [           main] o.s.c.g.r.RouteDefinitionRouteLocator    : RouteDefinition email applying {_genkey_0=/email/**} to Path
2020-08-31 09:14:42.349 DEBUG 73 --- [           main] o.s.c.g.r.RouteDefinitionRouteLocator    : RouteDefinition email applying filter {_genkey_0=/email/(?<id>.*), _genkey_1=/$\{id}} to RewritePath
2020-08-31 09:14:42.404 DEBUG 73 --- [           main] o.s.c.g.r.RouteDefinitionRouteLocator    : RouteDefinition matched: email
2020-08-31 09:14:42.412  INFO 73 --- [           main] c.*******.conferences.site.C4PApisTests  : Started C4PApisTests in 26.692 seconds (JVM running for 31.377)
2020-08-31 09:14:42.418 ERROR 73 --- [           main] o.s.b.c.p.m.PropertiesMigrationListener  : 
The use of configuration keys that are no longer supported was found in the environment:

Property source 'applicationConfig: [classpath:/application.yaml]':
	Key: management.security.enabled
		Line: 49
		Reason: A global security auto-configuration is now provided.


Please refer to the migration guide or reference guide for potential alternatives.

Port from stub:  12915
2020-08-31 09:14:43.136  INFO 73 --- [qtp888942941-28] /                                        : RequestHandlerClass from context returned com.github.tomakehurst.wiremock.http.StubRequestHandler. Normalized mapped under returned 'null'
2020-08-31 09:14:43.411  INFO 73 --- [qtp888942941-28] WireMock                                 : Request received:
127.0.0.1 - POST /

User-Agent: [Java/11.0.2]
Connection: [keep-alive]
Host: [localhost:12915]
Accept: [application/json, application/*+json]
Content-Length: [111]
Content-Type: [application/json]
{"id":null,"title":"test title","description":"test description","author":"*******","email":"*******@mail.com"}


Matched response definition:
{
  "status" : 200,
  "body" : "{\"id\":\"4920d949-c038-4142-8ec5-52dc58997f51\",\"title\":\"BMHNPKIPBTYQOFKKLCHP\",\"description\":\"TCIUDTYUIQCBUSTSMYMO\",\"author\":\"KYMWHARZOBSRPRIFLDVE\",\"email\":\"foo@bar878747886.com\"}",
  "headers" : {
    "Content-Type" : "application/json"
  },
  "transformers" : [ "response-template" ]
}

Response:
HTTP/1.1 200
Content-Type: [application/json]
Matched-Stub-Id: [c10d9416-3914-45aa-8c3e-99736bab3558]


2020-08-31 09:14:43.512  INFO 73 --- [           main] w.o.e.j.s.NetworkTrafficServerConnector  : Stopped NetworkTrafficServerConnector@2211e731{HTTP/1.1}{0.0.0.0:12915}
2020-08-31 09:14:43.514  INFO 73 --- [           main] w.o.e.j.server.handler.ContextHandler    : Stopped w.o.e.j.s.ServletContextHandler@54ae1240{/,null,UNAVAILABLE}
2020-08-31 09:14:43.515  INFO 73 --- [           main] w.o.e.j.server.handler.ContextHandler    : Stopped w.o.e.j.s.ServletContextHandler@57eed461{/__*****,null,UNAVAILABLE}
2020-08-31 09:14:43.516  WARN 73 --- [           main] w.o.e.j.util.thread.QueuedThreadPool     : qtp888942941{STOPPING,8<=8<=10,i=6,q=6} Couldn't stop Thread[qtp888942941-24,5,main]
2020-08-31 09:14:43.517  WARN 73 --- [           main] w.o.e.j.util.thread.QueuedThreadPool     : qtp888942941{STOPPING,8<=8<=10,i=5,q=5} Couldn't stop Thread[qtp888942941-25,5,main]
2020-08-31 09:14:43.517  WARN 73 --- [           main] w.o.e.j.util.thread.QueuedThreadPool     : qtp888942941{STOPPING,8<=8<=10,i=3,q=4} Couldn't stop Thread[qtp888942941-29,5,main]
2020-08-31 09:14:43.517  WARN 73 --- [           main] w.o.e.j.util.thread.QueuedThreadPool     : qtp888942941{STOPPING,8<=8<=10,i=2,q=4} Couldn't stop Thread[qtp888942941-30,5,main]
[INFO] Tests run: 1, Failures: 0, Errors: 0, Skipped: 0, Time elapsed: 30.297 s - in com.*******.conferences.site.C4PApisTests
[INFO] Running com.*******.conferences.site.ApiGatewayServiceTests
2020-08-31 09:14:43.520  INFO 73 --- [           main] .b.t.c.SpringBootTestContextBootstrapper : Neither @ContextConfiguration nor @ContextHierarchy found for test class [com.*******.conferences.site.ApiGatewayServiceTests], using SpringBootContextLoader
2020-08-31 09:14:43.521  INFO 73 --- [           main] o.s.t.c.support.AbstractContextLoader    : Could not detect default resource locations for test class [com.*******.conferences.site.ApiGatewayServiceTests]: no resource found for suffixes {-context.xml, Context.groovy}.
2020-08-31 09:14:43.522  INFO 73 --- [           main] t.c.s.AnnotationConfigContextLoaderUtils : Could not detect default configuration classes for test class [com.*******.conferences.site.ApiGatewayServiceTests]: ApiGatewayServiceTests does not declare any static, non-private, non-final, nested classes annotated with @Configuration.
2020-08-31 09:14:43.523  INFO 73 --- [           main] .b.t.c.SpringBootTestContextBootstrapper : Found @SpringBootConfiguration com.*******.conferences.site.ApiGatewayService for test class com.*******.conferences.site.ApiGatewayServiceTests
2020-08-31 09:14:43.525  INFO 73 --- [           main] .b.t.c.SpringBootTestContextBootstrapper : Loaded default TestExecutionListener class names from location [META-INF/spring.factories]: [org.springframework.boot.test.mock.mockito.MockitoTestExecutionListener, org.springframework.boot.test.mock.mockito.ResetMocksTestExecutionListener, org.springframework.boot.test.autoconfigure.restdocs.RestDocsTestExecutionListener, org.springframework.boot.test.autoconfigure.web.client.MockRestServiceServerResetTestExecutionListener, org.springframework.boot.test.autoconfigure.web.servlet.MockMvcPrintOnlyOnFailureTestExecutionListener, org.springframework.boot.test.autoconfigure.web.servlet.WebDriverTestExecutionListener, org.springframework.test.context.web.ServletTestExecutionListener, org.springframework.test.context.support.DirtiesContextBeforeModesTestExecutionListener, org.springframework.test.context.support.DependencyInjectionTestExecutionListener, org.springframework.test.context.support.DirtiesContextTestExecutionListener, org.springframework.test.context.transaction.TransactionalTestExecutionListener, org.springframework.test.context.jdbc.SqlScriptsTestExecutionListener, org.springframework.cloud.contract.wiremock.WireMockTestExecutionListener, org.springframework.cloud.contract.stubrunner.provider.wiremock.StubRunnerWireMockTestExecutionListener]
2020-08-31 09:14:43.526  INFO 73 --- [           main] .b.t.c.SpringBootTestContextBootstrapper : Using TestExecutionListeners: [org.springframework.test.context.web.ServletTestExecutionListener@2df0a4c3, org.springframework.test.context.support.DirtiesContextBeforeModesTestExecutionListener@267d9cc0, org.springframework.boot.test.mock.mockito.MockitoTestExecutionListener@44a7a331, org.springframework.boot.test.autoconfigure.SpringBootDependencyInjectionTestExecutionListener@72f71ea2, org.springframework.test.context.support.DirtiesContextTestExecutionListener@5a097a83, org.springframework.boot.test.mock.mockito.ResetMocksTestExecutionListener@10d8769e, org.springframework.boot.test.autoconfigure.restdocs.RestDocsTestExecutionListener@699fe19f, org.springframework.boot.test.autoconfigure.web.client.MockRestServiceServerResetTestExecutionListener@2357f000, org.springframework.boot.test.autoconfigure.web.servlet.MockMvcPrintOnlyOnFailureTestExecutionListener@329b4b8b, org.springframework.boot.test.autoconfigure.web.servlet.WebDriverTestExecutionListener@6124a7c0, org.springframework.cloud.contract.wiremock.WireMockTestExecutionListener@77a13162, org.springframework.cloud.contract.stubrunner.provider.wiremock.StubRunnerWireMockTestExecutionListener@6bea0866]
2020-08-31 09:14:44.015  INFO 73 --- [           main] trationDelegate$BeanPostProcessorChecker : Bean 'org.springframework.cloud.autoconfigure.ConfigurationPropertiesRebinderAutoConfiguration' of type [org.springframework.cloud.autoconfigure.ConfigurationPropertiesRebinderAutoConfiguration$$EnhancerBySpringCGLIB$$a24b874e] is not eligible for getting processed by all BeanPostProcessors (for example: not eligible for auto-proxying)

  .   ____          _            __ _ _
 /\\ / ___'_ __ _ _(_)_ __  __ _ \ \ \ \
( ( )\___ | '_ | '_| | '_ \/ _` | \ \ \ \
 \\/  ___)| |_)| | | | | || (_| |  ) ) ) )
  '  |____| .__|_| |_|_| |_\__, | / / / /
 =========|_|==============|___/=/_/_/_/
 :: Spring Boot ::        (v2.1.9.RELEASE)

2020-08-31 09:14:44.323  INFO 73 --- [           main] c.s.c.site.ApiGatewayServiceTests        : No active profile set, falling back to default profiles: default
2020-08-31 09:14:45.123 TRACE 73 --- [           main] Configuration$OnVerboseDisabledCondition : Condition GatewayAutoConfiguration.OnVerboseDisabledCondition on org.springframework.cloud.gateway.config.GatewayAutoConfiguration$GatewayActuatorConfiguration#gatewayLegacyControllerEndpoint matched due to NoneNestedConditions 0 matched 1 did not; NestedCondition on GatewayAutoConfiguration.OnVerboseDisabledCondition.VerboseDisabled @ConditionalOnProperty (spring.cloud.gateway.actuator.verbose.enabled) did not find property 'spring.cloud.gateway.actuator.verbose.enabled'
2020-08-31 09:14:45.415  INFO 73 --- [           main] o.s.cloud.context.scope.GenericScope     : BeanFactory id=65b0052b-e13a-3764-be53-d31c17ccd0e6
2020-08-31 09:14:45.513  INFO 73 --- [           main] trationDelegate$BeanPostProcessorChecker : Bean 'org.springframework.cloud.autoconfigure.ConfigurationPropertiesRebinderAutoConfiguration' of type [org.springframework.cloud.autoconfigure.ConfigurationPropertiesRebinderAutoConfiguration$$EnhancerBySpringCGLIB$$a24b874e] is not eligible for getting processed by all BeanPostProcessors (for example: not eligible for auto-proxying)
2020-08-31 09:14:46.519 DEBUG 73 --- [           main] o.s.c.gateway.config.GatewayProperties   : Routes supplied from Gateway Properties: [RouteDefinition{id='agenda', predicates=[PredicateDefinition{name='Path', args={_genkey_0=/agenda/**}}], filters=[FilterDefinition{name='RewritePath', args={_genkey_0=/agenda/(?<id>.*), _genkey_1=/$\{id}}}], uri=http://fmtok8s-agenda, order=0}, RouteDefinition{id='c4p', predicates=[PredicateDefinition{name='Path', args={_genkey_0=/c4p/**}}], filters=[FilterDefinition{name='RewritePath', args={_genkey_0=/c4p/(?<id>.*), _genkey_1=/$\{id}}}], uri=http://fmtok8s-c4p, order=0}, RouteDefinition{id='email', predicates=[PredicateDefinition{name='Path', args={_genkey_0=/email/**}}], filters=[FilterDefinition{name='RewritePath', args={_genkey_0=/email/(?<id>.*), _genkey_1=/$\{id}}}], uri=http://fmtok8s-email, order=0}]
2020-08-31 09:14:47.227  INFO 73 --- [           main] o.s.c.g.r.RouteDefinitionRouteLocator    : Loaded RoutePredicateFactory [After]
2020-08-31 09:14:47.228  INFO 73 --- [           main] o.s.c.g.r.RouteDefinitionRouteLocator    : Loaded RoutePredicateFactory [Before]
2020-08-31 09:14:47.228  INFO 73 --- [           main] o.s.c.g.r.RouteDefinitionRouteLocator    : Loaded RoutePredicateFactory [Between]
2020-08-31 09:14:47.228  INFO 73 --- [           main] o.s.c.g.r.RouteDefinitionRouteLocator    : Loaded RoutePredicateFactory [Cookie]
2020-08-31 09:14:47.228  INFO 73 --- [           main] o.s.c.g.r.RouteDefinitionRouteLocator    : Loaded RoutePredicateFactory [Header]
2020-08-31 09:14:47.228  INFO 73 --- [           main] o.s.c.g.r.RouteDefinitionRouteLocator    : Loaded RoutePredicateFactory [Host]
2020-08-31 09:14:47.228  INFO 73 --- [           main] o.s.c.g.r.RouteDefinitionRouteLocator    : Loaded RoutePredicateFactory [Method]
2020-08-31 09:14:47.228  INFO 73 --- [           main] o.s.c.g.r.RouteDefinitionRouteLocator    : Loaded RoutePredicateFactory [Path]
2020-08-31 09:14:47.228  INFO 73 --- [           main] o.s.c.g.r.RouteDefinitionRouteLocator    : Loaded RoutePredicateFactory [Query]
2020-08-31 09:14:47.228  INFO 73 --- [           main] o.s.c.g.r.RouteDefinitionRouteLocator    : Loaded RoutePredicateFactory [ReadBodyPredicateFactory]
2020-08-31 09:14:47.229  INFO 73 --- [           main] o.s.c.g.r.RouteDefinitionRouteLocator    : Loaded RoutePredicateFactory [RemoteAddr]
2020-08-31 09:14:47.229  INFO 73 --- [           main] o.s.c.g.r.RouteDefinitionRouteLocator    : Loaded RoutePredicateFactory [Weight]
2020-08-31 09:14:47.229  INFO 73 --- [           main] o.s.c.g.r.RouteDefinitionRouteLocator    : Loaded RoutePredicateFactory [CloudFoundryRouteService]
2020-08-31 09:14:47.940  INFO 73 --- [           main] o.s.b.a.e.web.EndpointLinksResolver      : Exposing 3 endpoint(s) beneath base path '/actuator'
2020-08-31 09:14:48.913 DEBUG 73 --- [           main] o.s.c.g.r.RouteDefinitionRouteLocator    : RouteDefinition agenda applying {_genkey_0=/agenda/**} to Path
2020-08-31 09:14:48.919 DEBUG 73 --- [           main] o.s.c.g.r.RouteDefinitionRouteLocator    : RouteDefinition agenda applying filter {_genkey_0=/agenda/(?<id>.*), _genkey_1=/$\{id}} to RewritePath
2020-08-31 09:14:48.922 DEBUG 73 --- [           main] o.s.c.g.r.RouteDefinitionRouteLocator    : RouteDefinition matched: agenda
2020-08-31 09:14:48.922 DEBUG 73 --- [           main] o.s.c.g.r.RouteDefinitionRouteLocator    : RouteDefinition c4p applying {_genkey_0=/c4p/**} to Path
2020-08-31 09:14:48.924 DEBUG 73 --- [           main] o.s.c.g.r.RouteDefinitionRouteLocator    : RouteDefinition c4p applying filter {_genkey_0=/c4p/(?<id>.*), _genkey_1=/$\{id}} to RewritePath
2020-08-31 09:14:48.925 DEBUG 73 --- [           main] o.s.c.g.r.RouteDefinitionRouteLocator    : RouteDefinition matched: c4p
2020-08-31 09:14:48.926 DEBUG 73 --- [           main] o.s.c.g.r.RouteDefinitionRouteLocator    : RouteDefinition email applying {_genkey_0=/email/**} to Path
2020-08-31 09:14:48.928 DEBUG 73 --- [           main] o.s.c.g.r.RouteDefinitionRouteLocator    : RouteDefinition email applying filter {_genkey_0=/email/(?<id>.*), _genkey_1=/$\{id}} to RewritePath
2020-08-31 09:14:48.929 DEBUG 73 --- [           main] o.s.c.g.r.RouteDefinitionRouteLocator    : RouteDefinition matched: email
2020-08-31 09:14:48.932  INFO 73 --- [           main] c.s.c.site.ApiGatewayServiceTests        : Started ApiGatewayServiceTests in 5.403 seconds (JVM running for 37.898)
2020-08-31 09:14:48.935 ERROR 73 --- [           main] o.s.b.c.p.m.PropertiesMigrationListener  : 
The use of configuration keys that are no longer supported was found in the environment:

Property source 'applicationConfig: [classpath:/application.yaml]':
	Key: management.security.enabled
		Line: 49
		Reason: A global security auto-configuration is now provided.


Please refer to the migration guide or reference guide for potential alternatives.

[INFO] Tests run: 1, Failures: 0, Errors: 0, Skipped: 0, Time elapsed: 4.218 s - in com.*******.conferences.site.ApiGatewayServiceTests
[INFO] 
[INFO] Results:
[INFO] 
[INFO] Tests run: 2, Failures: 0, Errors: 0, Skipped: 0
[INFO] 
[INFO] 
[INFO] --- maven-jar-plugin:3.1.2:jar (default-jar) @ fmtok8s-api-gateway ---
[INFO] Building jar: /workspace/source/target/fmtok8s-api-gateway-0.0.95.jar
[INFO] 
[INFO] --- spring-boot-maven-plugin:2.1.9.RELEASE:repackage (repackage) @ fmtok8s-api-gateway ---
[INFO] Replacing main artifact with repackaged archive
[INFO] 
[INFO] --- maven-install-plugin:2.5.2:install (default-install) @ fmtok8s-api-gateway ---
[INFO] Installing /workspace/source/target/fmtok8s-api-gateway-0.0.95.jar to /home/jenkins/.mvnrepository/com/*******/conferences/fmtok8s-api-gateway/0.0.95/fmtok8s-api-gateway-0.0.95.jar
[INFO] Installing /workspace/source/pom.xml to /home/jenkins/.mvnrepository/com/*******/conferences/fmtok8s-api-gateway/0.0.95/fmtok8s-api-gateway-0.0.95.pom
[INFO] 
[INFO] --- maven-deploy-plugin:2.8.2:deploy (default-deploy) @ fmtok8s-api-gateway ---
[INFO] Using alternate deployment repository local-nexus::default::http://nexus/repository/maven-releases/
[INFO] ------------------------------------------------------------------------
[INFO] BUILD SUCCESS
[INFO] ------------------------------------------------------------------------
[INFO] Total time:  01:13 min
[INFO] Finished at: 2020-08-31T09:14:56Z
[INFO] ------------------------------------------------------------------------

Showing logs for build [32msalaboy-fmtok8s-api-gateway-mas-qltpq-22[0m stage [32mfrom-build-pack[0m and container [32mstep-build-skaffold-version[0m
v1.0.1

Showing logs for build [32msalaboy-fmtok8s-api-gateway-mas-qltpq-22[0m stage [32mfrom-build-pack[0m and container [32mstep-build-container-build[0m
E0831 09:14:57.085349      11 aws_credentials.go:77] while getting AWS credentials NoCredentialProviders: no valid providers in chain. Deprecated.
	For verbose messaging see aws.Config.CredentialsChainVerboseErrors
[36mINFO[0m[0001] Using dockerignore file: /workspace/source/.dockerignore 
[36mINFO[0m[0001] Retrieving image manifest openjdk:11-jre-slim 
E0831 09:14:57.511318      11 metadata.go:154] while reading 'google-dockercfg' metadata: http status code: 404 while fetching url http://metadata.google.internal./computeMetadata/v1/instance/attributes/google-dockercfg
E0831 09:14:57.514561      11 metadata.go:166] while reading 'google-dockercfg-url' metadata: http status code: 404 while fetching url http://metadata.google.internal./computeMetadata/v1/instance/attributes/google-dockercfg-url
[36mINFO[0m[0002] Retrieving image manifest openjdk:11-jre-slim 
[36mINFO[0m[0003] Built cross stage deps: map[]                
[36mINFO[0m[0003] Retrieving image manifest openjdk:11-jre-slim 
[36mINFO[0m[0004] Retrieving image manifest openjdk:11-jre-slim 
[36mINFO[0m[0005] Executing 0 build triggers                   
[36mINFO[0m[0005] cmd: EXPOSE                                  
[36mINFO[0m[0005] Adding exposed port: 8080/tcp                
[36mINFO[0m[0005] Resolving srcs [pom.xml target/lib*]...      
[36mINFO[0m[0005] Checking for cached layer gcr.io/camunda-researchanddevelopment/cache:cf96b24ad1bc4d09c6eab2e89e5363fc85a5e14984600023a622777ca602b267... 
[36mINFO[0m[0006] No cached layer found for cmd COPY pom.xml target/lib* /opt/lib/ 
[36mINFO[0m[0006] Resolving srcs [target/*.jar]...             
[36mINFO[0m[0006] Unpacking rootfs as cmd COPY pom.xml target/lib* /opt/lib/ requires it. 
[36mINFO[0m[0011] ENV PORT 8080                                
[36mINFO[0m[0011] No files changed in this command, skipping snapshotting. 
[36mINFO[0m[0011] ENV CLASSPATH /opt/lib                       
[36mINFO[0m[0011] No files changed in this command, skipping snapshotting. 
[36mINFO[0m[0011] EXPOSE 8080                                  
[36mINFO[0m[0011] cmd: EXPOSE                                  
[36mINFO[0m[0011] Adding exposed port: 8080/tcp                
[36mINFO[0m[0011] No files changed in this command, skipping snapshotting. 
[36mINFO[0m[0011] Resolving srcs [pom.xml target/lib*]...      
[36mINFO[0m[0011] COPY pom.xml target/lib* /opt/lib/           
[36mINFO[0m[0011] Resolving srcs [pom.xml target/lib*]...      
[36mINFO[0m[0011] Resolving 1 paths                            
[36mINFO[0m[0011] Taking snapshot of files...                  
[36mINFO[0m[0011] Resolving srcs [target/*.jar]...             
[36mINFO[0m[0011] Pushing layer gcr.io/camunda-researchanddevelopment/cache:cf96b24ad1bc4d09c6eab2e89e5363fc85a5e14984600023a622777ca602b267 to cache now 
[36mINFO[0m[0011] COPY target/*.jar /opt/app.jar               
[36mINFO[0m[0011] Resolving srcs [target/*.jar]...             
[36mINFO[0m[0011] Resolving 1 paths                            
[36mINFO[0m[0011] Taking snapshot of files...                  
[36mINFO[0m[0013] Pushing layer gcr.io/camunda-researchanddevelopment/cache:049bf954d6de1b4bf98b265e65e1a3ab3dde53c8a15b26b9eacea0404aca797b to cache now 
[36mINFO[0m[0013] WORKDIR /opt                                 
[36mINFO[0m[0013] cmd: workdir                                 
[36mINFO[0m[0013] Changed working directory to /opt            
[36mINFO[0m[0013] No files changed in this command, skipping snapshotting. 
[36mINFO[0m[0013] ENTRYPOINT exec java $JAVA_OPTS -jar app.jar 
[36mINFO[0m[0013] No files changed in this command, skipping snapshotting. 

Showing logs for build [32msalaboy-fmtok8s-api-gateway-mas-qltpq-22[0m stage [32mfrom-build-pack[0m and container [32mstep-build-post-build[0m
no CVE provider running in the current ** namespace so skip adding image to be analysed

Showing logs for build [32msalaboy-fmtok8s-api-gateway-mas-qltpq-22[0m stage [32mfrom-build-pack[0m and container [32mstep-promote-changelog[0m
Converted /workspace/source/charts/fmtok8s-api-gateway to an unshallow repository
Generating change log from git ref 0116cd504a1ba1e31d1b062195206f24f10fcb9b => 2b1c5cfbae9de5fab62d6a97d9511a2e83bac202
Associating user ******* in users.jenkins.io with email *******@gmail.com to git GitProvider user with login *******-1 as emails match
Adding label jenkins.io/git-github-userid=*******-1 to user ******* in users.jenkins.io
Associating user ******* in users.jenkins.io with email *******@gmail.com to git GitProvider user with login *******-1 as emails match
Adding label jenkins.io/git-github-userid=*******-1 to user ******* in users.jenkins.io
Finding issues in commit messages using git format
WARNING: No release found for *******/fmtok8s-api-gateway and tag v0.0.95 so creating a new release
Updated the release information at https://github.com/*******/fmtok8s-api-gateway/releases/tag/v0.0.95
generated: /workspace/source/charts/fmtok8s-api-gateway/templates/release.yaml
Created Release fmtok8s-api-gateway-0-0-95 resource in namespace **
Updating PipelineActivity *******-fmtok8s-api-gateway-master-22 with version 0.0.95
Updated PipelineActivities *******-fmtok8s-api-gateway-master-22 with release notes URL: https://github.com/*******/fmtok8s-api-gateway/releases/tag/v0.0.95

Showing logs for build [32msalaboy-fmtok8s-api-gateway-mas-qltpq-22[0m stage [32mfrom-build-pack[0m and container [32mstep-promote-helm-release[0m
WARNING: No $CHART_REPOSITORY defined so using the default value of: http://jenkins-x-chartmuseum:8080
Adding missing Helm repo: storage.googleapis.com https://storage.googleapis.com/chartmuseum.jenkins-x.io
Successfully added Helm repository storage.googleapis.com.
Adding missing Helm repo: jenkins-x-chartmuseum http://jenkins-x-chartmuseum:8080
Successfully added Helm repository jenkins-x-chartmuseum.
WARNING: No $CHART_REPOSITORY defined so using the default value of: http://jenkins-x-chartmuseum:8080
Uploading chart file fmtok8s-api-gateway-0.0.95.tgz to http://jenkins-x-chartmuseum:8080/api/charts
Received 201 response: {"saved":true}

Showing logs for build [32msalaboy-fmtok8s-api-gateway-mas-qltpq-22[0m stage [32mfrom-build-pack[0m and container [32mstep-promote-jx-promote[0m
WARNING: prow based install so skip waiting for the merge of Pull Requests to go green as currently there is an issue with gettingstatuses from the PR, see https://github.com/jenkins-x/**/issues/2410
WARNING: No $CHART_REPOSITORY defined so using the default value of: http://jenkins-x-chartmuseum:8080
Promoting app fmtok8s-api-gateway version 0.0.95 to namespace **-staging
Created Pull Request: https://github.com/*******/environment-springone-2020-staging/pull/28
Added label updatebot to Pull Request https://github.com/*******/environment-springone-2020-staging/pull/28
got git provider status pending from PR https://github.com/*******/environment-springone-2020-staging/pull/28
Pull Request https://github.com/*******/environment-springone-2020-staging/pull/28 is merged at sha b9f9ee71aaca17e1306881b3d7a885e4d1754c95
Pull Request merged but we are not waiting for the update pipeline to complete!

Showing logs for build [32msalaboy-fmtok8s-api-gateway-mas-qltpq-22[0m stage [32mfrom-build-pack[0m and container [32mstep-promote-step10[0m
Using https://github.com/*******/fmtok8s-api-gateway as source for change discovered from git repo in /workspace/source
Updated Pull Request: https://github.com/*******/fmtok8s-kubecon-app/pull/15
Added label updatebot to Pull Request https://github.com/*******/fmtok8s-kubecon-app/pull/15
