
Showing logs for build [32mmeta-salaboy-fmtok8s-api-gatewa-rkpcd-33[0m stage [32mmeta-pipeline[0m and container [32mstep-credential-initializer-dqcwf[0m
{"level":"warn","ts":1583227433.3644054,"logger":"fallback-logger","caller":"logging/config.go:69","msg":"Fetch GitHub commit ID from kodata failed: \"ref: refs/heads/0.8.0-**-support-backwards-incompats\" is not a valid GitHub commit ID"}
{"level":"info","ts":1583227433.3651154,"logger":"fallback-logger","caller":"creds-init/main.go:40","msg":"Credentials initialized."}

Showing logs for build [32mmeta-salaboy-fmtok8s-api-gatewa-rkpcd-33[0m stage [32mmeta-pipeline[0m and container [32mstep-working-dir-initializer-n9lpl[0m
{"level":"warn","ts":1583227434.1901877,"logger":"fallback-logger","caller":"logging/config.go:69","msg":"Fetch GitHub commit ID from kodata failed: open /var/run/ko/HEAD: no such file or directory"}
{"level":"info","ts":1583227434.1927526,"logger":"fallback-logger","caller":"bash/main.go:64","msg":"Successfully executed command \"sh -c mkdir -p /workspace/source\"; output "}

Showing logs for build [32mmeta-salaboy-fmtok8s-api-gatewa-rkpcd-33[0m stage [32mmeta-pipeline[0m and container [32mstep-place-tools[0m

Showing logs for build [32mmeta-salaboy-fmtok8s-api-gatewa-rkpcd-33[0m stage [32mmeta-pipeline[0m and container [32mstep-git-source-meta-salaboy-fmtok8s-api-gatewa-rkpcd-mk8rs[0m
{"level":"warn","ts":1583227439.3060846,"logger":"fallback-logger","caller":"logging/config.go:69","msg":"Fetch GitHub commit ID from kodata failed: \"ref: refs/heads/0.8.0-**-support-backwards-incompats\" is not a valid GitHub commit ID"}
{"level":"info","ts":1583227440.6013114,"logger":"fallback-logger","caller":"git/git.go:103","msg":"Successfully cloned https://github.com/*******/fmtok8s-api-gateway.git @ 69730248effac9f2cd46a5e3e6ae6d6babe2ad21 in path /workspace/source"}

Showing logs for build [32mmeta-salaboy-fmtok8s-api-gatewa-rkpcd-33[0m stage [32mmeta-pipeline[0m and container [32mstep-git-merge[0m
Using SHAs from PULL_REFS=master:69730248effac9f2cd46a5e3e6ae6d6babe2ad21
WARNING: no SHAs to merge, falling back to initial cloned commit

Showing logs for build [32mmeta-salaboy-fmtok8s-api-gatewa-rkpcd-33[0m stage [32mmeta-pipeline[0m and container [32mstep-merge-pull-refs[0m
SKIP merge-pull-refs: Nothing to merge

Showing logs for build [32mmeta-salaboy-fmtok8s-api-gatewa-rkpcd-33[0m stage [32mmeta-pipeline[0m and container [32mstep-create-effective-pipeline[0m
error: failed to load project config in dir /workspace/source: Validation failures in YAML file /workspace/source/jenkins-x.yml:
(root): Additional property pipelines is not allowed
[31m
Pipeline failed on stage 'meta-pipeline' : container 'step-create-effective-pipeline'. The execution of the pipeline has stopped.[0m
