
Showing logs for build [32msalaboy-fmtok8s-api-gateway-mas-rplvz-37[0m stage [32mfrom-build-pack[0m and container [32mstep-credential-initializer-86jjp[0m
{"level":"warn","ts":1583746576.395404,"logger":"fallback-logger","caller":"logging/config.go:69","msg":"Fetch GitHub commit ID from kodata failed: \"ref: refs/heads/0.8.0-**-support-backwards-incompats\" is not a valid GitHub commit ID"}
{"level":"info","ts":1583746576.3959875,"logger":"fallback-logger","caller":"creds-init/main.go:40","msg":"Credentials initialized."}

Showing logs for build [32msalaboy-fmtok8s-api-gateway-mas-rplvz-37[0m stage [32mfrom-build-pack[0m and container [32mstep-working-dir-initializer-tmlvg[0m
{"level":"warn","ts":1583746577.312671,"logger":"fallback-logger","caller":"logging/config.go:69","msg":"Fetch GitHub commit ID from kodata failed: open /var/run/ko/HEAD: no such file or directory"}
{"level":"info","ts":1583746577.3139215,"logger":"fallback-logger","caller":"bash/main.go:64","msg":"Successfully executed command \"sh -c mkdir -p /workspace/source\"; output "}

Showing logs for build [32msalaboy-fmtok8s-api-gateway-mas-rplvz-37[0m stage [32mfrom-build-pack[0m and container [32mstep-place-tools[0m

Showing logs for build [32msalaboy-fmtok8s-api-gateway-mas-rplvz-37[0m stage [32mfrom-build-pack[0m and container [32mstep-git-source-salaboy-fmtok8s-api-gateway-mas-rplvz-rfsz5[0m
{"level":"warn","ts":1583746584.3591611,"logger":"fallback-logger","caller":"logging/config.go:69","msg":"Fetch GitHub commit ID from kodata failed: \"ref: refs/heads/0.8.0-**-support-backwards-incompats\" is not a valid GitHub commit ID"}
{"level":"info","ts":1583746585.6396532,"logger":"fallback-logger","caller":"git/git.go:103","msg":"Successfully cloned https://github.com/*******/fmtok8s-api-gateway.git @ v0.0.35 in path /workspace/source"}

Showing logs for build [32msalaboy-fmtok8s-api-gateway-mas-rplvz-37[0m stage [32mfrom-build-pack[0m and container [32mstep-git-merge[0m
Using SHAs from PULL_REFS=master:fbe18c76a43aa67971cdfaf463eb3e1b953aceec
WARNING: no SHAs to merge, falling back to initial cloned commit

Showing logs for build [32msalaboy-fmtok8s-api-gateway-mas-rplvz-37[0m stage [32mfrom-build-pack[0m and container [32mstep-setup-jx-git-credentials[0m
Generated Git credentials file /workspace/xdg_config/git/credentials

Showing logs for build [32msalaboy-fmtok8s-api-gateway-mas-rplvz-37[0m stage [32mfrom-build-pack[0m and container [32mstep-build-mvn-deploy[0m
Picked up _JAVA_OPTIONS: -XX:+UnlockExperimentalVMOptions -Dsun.zip.disableMemoryMapping=true -XX:+UseParallelGC -XX:MinHeapFreeRatio=5 -XX:MaxHeapFreeRatio=10 -XX:GCTimeRatio=4 -XX:AdaptiveSizePolicyWeight=90 -Xms10m -Xmx192m
[INFO] Scanning for projects...
[INFO] 
[INFO] ----------------< com.*******.conferences:api-gateway >-----------------
[INFO] Building FMTOK8S :: API Gateway 0.0.35
[INFO] --------------------------------[ jar ]---------------------------------
[INFO] 
[INFO] --- maven-clean-plugin:3.1.0:clean (default-clean) @ api-gateway ---
[INFO] 
[INFO] --- maven-resources-plugin:3.1.0:resources (default-resources) @ api-gateway ---
[INFO] Using 'UTF-8' encoding to copy filtered resources.
[INFO] Copying 1 resource
[INFO] Copying 14 resources
[INFO] 
[INFO] --- maven-compiler-plugin:3.8.1:compile (default-compile) @ api-gateway ---
[INFO] Changes detected - recompiling the module!
[INFO] Compiling 4 source files to /workspace/source/target/classes
[INFO] 
[INFO] --- maven-resources-plugin:3.1.0:testResources (default-testResources) @ api-gateway ---
[INFO] Using 'UTF-8' encoding to copy filtered resources.
[INFO] skip non existing resourceDirectory /workspace/source/src/test/resources
[INFO] 
[INFO] --- maven-compiler-plugin:3.8.1:testCompile (default-testCompile) @ api-gateway ---
[INFO] Changes detected - recompiling the module!
[INFO] Compiling 2 source files to /workspace/source/target/test-classes
[INFO] 
[INFO] --- maven-surefire-plugin:3.0.0-M1:test (default-test) @ api-gateway ---
[INFO] 
[INFO] -------------------------------------------------------
[INFO]  T E S T S
[INFO] -------------------------------------------------------
[INFO] Running com.*******.conferences.site.DemoApplicationTests
09:37:05.041 [main] DEBUG org.springframework.test.context.junit4.SpringJUnit4ClassRunner - SpringJUnit4ClassRunner constructor called with [class com.*******.conferences.site.DemoApplicationTests]
09:37:05.105 [main] DEBUG org.springframework.test.context.BootstrapUtils - Instantiating CacheAwareContextLoaderDelegate from class [org.springframework.test.context.cache.DefaultCacheAwareContextLoaderDelegate]
09:37:05.211 [main] DEBUG org.springframework.test.context.BootstrapUtils - Instantiating BootstrapContext using constructor [public org.springframework.test.context.support.DefaultBootstrapContext(java.lang.Class,org.springframework.test.context.CacheAwareContextLoaderDelegate)]
09:37:05.325 [main] DEBUG org.springframework.test.context.BootstrapUtils - Instantiating TestContextBootstrapper for test class [com.*******.conferences.site.DemoApplicationTests] from class [org.springframework.boot.test.context.SpringBootTestContextBootstrapper]
09:37:05.416 [main] INFO org.springframework.boot.test.context.SpringBootTestContextBootstrapper - Neither @ContextConfiguration nor @ContextHierarchy found for test class [com.*******.conferences.site.DemoApplicationTests], using SpringBootContextLoader
09:37:05.434 [main] DEBUG org.springframework.test.context.support.AbstractContextLoader - Did not detect default resource location for test class [com.*******.conferences.site.DemoApplicationTests]: class path resource [com/*******/conferences/site/DemoApplicationTests-context.xml] does not exist
09:37:05.441 [main] DEBUG org.springframework.test.context.support.AbstractContextLoader - Did not detect default resource location for test class [com.*******.conferences.site.DemoApplicationTests]: class path resource [com/*******/conferences/site/DemoApplicationTestsContext.groovy] does not exist
09:37:05.489 [main] INFO org.springframework.test.context.support.AbstractContextLoader - Could not detect default resource locations for test class [com.*******.conferences.site.DemoApplicationTests]: no resource found for suffixes {-context.xml, Context.groovy}.
09:37:05.495 [main] INFO org.springframework.test.context.support.AnnotationConfigContextLoaderUtils - Could not detect default configuration classes for test class [com.*******.conferences.site.DemoApplicationTests]: DemoApplicationTests does not declare any static, non-private, non-final, nested classes annotated with @Configuration.
09:37:05.830 [main] DEBUG org.springframework.test.context.support.ActiveProfilesUtils - Could not find an 'annotation declaring class' for annotation type [org.springframework.test.context.ActiveProfiles] and class [com.*******.conferences.site.DemoApplicationTests]
09:37:06.228 [main] DEBUG org.springframework.context.annotation.ClassPathScanningCandidateComponentProvider - Identified candidate component class: file [/workspace/source/target/classes/com/*******/conferences/site/DemoApplication.class]
09:37:06.289 [main] INFO org.springframework.boot.test.context.SpringBootTestContextBootstrapper - Found @SpringBootConfiguration com.*******.conferences.site.DemoApplication for test class com.*******.conferences.site.DemoApplicationTests
09:37:06.707 [main] DEBUG org.springframework.boot.test.context.SpringBootTestContextBootstrapper - @TestExecutionListeners is not present for class [com.*******.conferences.site.DemoApplicationTests]: using defaults.
09:37:06.724 [main] INFO org.springframework.boot.test.context.SpringBootTestContextBootstrapper - Loaded default TestExecutionListener class names from location [META-INF/spring.factories]: [org.springframework.boot.test.mock.mockito.MockitoTestExecutionListener, org.springframework.boot.test.mock.mockito.ResetMocksTestExecutionListener, org.springframework.boot.test.autoconfigure.restdocs.RestDocsTestExecutionListener, org.springframework.boot.test.autoconfigure.web.client.MockRestServiceServerResetTestExecutionListener, org.springframework.boot.test.autoconfigure.web.servlet.MockMvcPrintOnlyOnFailureTestExecutionListener, org.springframework.boot.test.autoconfigure.web.servlet.WebDriverTestExecutionListener, org.springframework.test.context.web.ServletTestExecutionListener, org.springframework.test.context.support.DirtiesContextBeforeModesTestExecutionListener, org.springframework.test.context.support.DependencyInjectionTestExecutionListener, org.springframework.test.context.support.DirtiesContextTestExecutionListener, org.springframework.test.context.transaction.TransactionalTestExecutionListener, org.springframework.test.context.jdbc.SqlScriptsTestExecutionListener, org.springframework.cloud.contract.wiremock.WireMockTestExecutionListener, org.springframework.cloud.contract.stubrunner.provider.wiremock.StubRunnerWireMockTestExecutionListener]
09:37:06.801 [main] DEBUG org.springframework.boot.test.context.SpringBootTestContextBootstrapper - Skipping candidate TestExecutionListener [org.springframework.test.context.transaction.TransactionalTestExecutionListener] due to a missing dependency. Specify custom listener classes or make the default listener classes and their required dependencies available. Offending class: [org/springframework/transaction/TransactionDefinition]
09:37:06.802 [main] DEBUG org.springframework.boot.test.context.SpringBootTestContextBootstrapper - Skipping candidate TestExecutionListener [org.springframework.test.context.jdbc.SqlScriptsTestExecutionListener] due to a missing dependency. Specify custom listener classes or make the default listener classes and their required dependencies available. Offending class: [org/springframework/transaction/interceptor/TransactionAttribute]
09:37:06.803 [main] INFO org.springframework.boot.test.context.SpringBootTestContextBootstrapper - Using TestExecutionListeners: [org.springframework.test.context.web.ServletTestExecutionListener@6f19ac19, org.springframework.test.context.support.DirtiesContextBeforeModesTestExecutionListener@119cbf96, org.springframework.boot.test.mock.mockito.MockitoTestExecutionListener@71329995, org.springframework.boot.test.autoconfigure.SpringBootDependencyInjectionTestExecutionListener@768fc0f2, org.springframework.test.context.support.DirtiesContextTestExecutionListener@5454d35e, org.springframework.boot.test.mock.mockito.ResetMocksTestExecutionListener@20c0a64d, org.springframework.boot.test.autoconfigure.restdocs.RestDocsTestExecutionListener@455b6df1, org.springframework.boot.test.autoconfigure.web.client.MockRestServiceServerResetTestExecutionListener@4ddbbdf8, org.springframework.boot.test.autoconfigure.web.servlet.MockMvcPrintOnlyOnFailureTestExecutionListener@3f67593e, org.springframework.boot.test.autoconfigure.web.servlet.WebDriverTestExecutionListener@1ab06251, org.springframework.cloud.contract.wiremock.WireMockTestExecutionListener@41ab013, org.springframework.cloud.contract.stubrunner.provider.wiremock.StubRunnerWireMockTestExecutionListener@14bee915]
09:37:06.806 [main] DEBUG org.springframework.test.annotation.ProfileValueUtils - Retrieved @ProfileValueSourceConfiguration [null] for test class [com.*******.conferences.site.DemoApplicationTests]
09:37:06.807 [main] DEBUG org.springframework.test.annotation.ProfileValueUtils - Retrieved ProfileValueSource type [class org.springframework.test.annotation.SystemProfileValueSource] for class [com.*******.conferences.site.DemoApplicationTests]
09:37:06.809 [main] DEBUG org.springframework.test.annotation.ProfileValueUtils - Retrieved @ProfileValueSourceConfiguration [null] for test class [com.*******.conferences.site.DemoApplicationTests]
09:37:06.809 [main] DEBUG org.springframework.test.annotation.ProfileValueUtils - Retrieved ProfileValueSource type [class org.springframework.test.annotation.SystemProfileValueSource] for class [com.*******.conferences.site.DemoApplicationTests]
09:37:06.810 [main] DEBUG org.springframework.test.annotation.ProfileValueUtils - Retrieved @ProfileValueSourceConfiguration [null] for test class [com.*******.conferences.site.DemoApplicationTests]
09:37:06.811 [main] DEBUG org.springframework.test.annotation.ProfileValueUtils - Retrieved ProfileValueSource type [class org.springframework.test.annotation.SystemProfileValueSource] for class [com.*******.conferences.site.DemoApplicationTests]
09:37:06.845 [main] DEBUG org.springframework.test.context.support.AbstractDirtiesContextTestExecutionListener - Before test class: context [DefaultTestContext@7daa0fbd testClass = DemoApplicationTests, testInstance = [null], testMethod = [null], testException = [null], mergedContextConfiguration = [ReactiveWebMergedContextConfiguration@42530531 testClass = DemoApplicationTests, locations = '{}', classes = '{class com.*******.conferences.site.DemoApplication}', contextInitializerClasses = '[]', activeProfiles = '{}', propertySourceLocations = '{}', propertySourceProperties = '{org.springframework.boot.test.context.SpringBootTestContextBootstrapper=true}', contextCustomizers = set[org.springframework.boot.test.context.filter.ExcludeFilterContextCustomizer@6631f5ca, org.springframework.boot.test.json.DuplicateJsonObjectContextCustomizerFactory$DuplicateJsonObjectContextCustomizer@27ff5d15, org.springframework.boot.test.mock.mockito.MockitoContextCustomizer@0, org.springframework.boot.test.web.client.TestRestTemplateContextCustomizer@932bc4a, org.springframework.boot.test.web.reactive.server.WebTestClientContextCustomizer@33990a0c, org.springframework.boot.test.autoconfigure.properties.PropertyMappingContextCustomizer@0, org.springframework.boot.test.autoconfigure.web.servlet.WebDriverContextCustomizerFactory$Customizer@63a12c68], contextLoader = 'org.springframework.boot.test.context.SpringBootContextLoader', parent = [null]], attributes = map[[empty]]], class annotated with @DirtiesContext [false] with mode [null].
09:37:07.089 [main] DEBUG org.springframework.test.context.support.TestPropertySourceUtils - Adding inlined properties to environment: {spring.jmx.enabled=false, org.springframework.boot.test.context.SpringBootTestContextBootstrapper=true, server.port=-1}
2020-03-09 09:37:11.802  INFO 72 --- [           main] trationDelegate$BeanPostProcessorChecker : Bean 'org.springframework.cloud.autoconfigure.ConfigurationPropertiesRebinderAutoConfiguration' of type [org.springframework.cloud.autoconfigure.ConfigurationPropertiesRebinderAutoConfiguration$$EnhancerBySpringCGLIB$$fcfd26f4] is not eligible for getting processed by all BeanPostProcessors (for example: not eligible for auto-proxying)

  .   ____          _            __ _ _
 /\\ / ___'_ __ _ _(_)_ __  __ _ \ \ \ \
( ( )\___ | '_ | '_| | '_ \/ _` | \ \ \ \
 \\/  ___)| |_)| | | | | || (_| |  ) ) ) )
  '  |____| .__|_| |_|_| |_\__, | / / / /
 =========|_|==============|___/=/_/_/_/
 :: Spring Boot ::        (v2.1.9.RELEASE)

2020-03-09 09:37:12.651  INFO 72 --- [           main] c.s.c.site.DemoApplicationTests          : No active profile set, falling back to default profiles: default
2020-03-09 09:37:16.828  INFO 72 --- [           main] o.s.cloud.context.scope.GenericScope     : BeanFactory id=a3e601c7-abf8-3ee1-b040-18865d8bdd07
2020-03-09 09:37:17.119  INFO 72 --- [           main] trationDelegate$BeanPostProcessorChecker : Bean 'org.springframework.cloud.autoconfigure.ConfigurationPropertiesRebinderAutoConfiguration' of type [org.springframework.cloud.autoconfigure.ConfigurationPropertiesRebinderAutoConfiguration$$EnhancerBySpringCGLIB$$fcfd26f4] is not eligible for getting processed by all BeanPostProcessors (for example: not eligible for auto-proxying)
2020-03-09 09:37:22.121  INFO 72 --- [           main] o.s.c.g.r.RouteDefinitionRouteLocator    : Loaded RoutePredicateFactory [After]
2020-03-09 09:37:22.122  INFO 72 --- [           main] o.s.c.g.r.RouteDefinitionRouteLocator    : Loaded RoutePredicateFactory [Before]
2020-03-09 09:37:22.122  INFO 72 --- [           main] o.s.c.g.r.RouteDefinitionRouteLocator    : Loaded RoutePredicateFactory [Between]
2020-03-09 09:37:22.123  INFO 72 --- [           main] o.s.c.g.r.RouteDefinitionRouteLocator    : Loaded RoutePredicateFactory [Cookie]
2020-03-09 09:37:22.123  INFO 72 --- [           main] o.s.c.g.r.RouteDefinitionRouteLocator    : Loaded RoutePredicateFactory [Header]
2020-03-09 09:37:22.123  INFO 72 --- [           main] o.s.c.g.r.RouteDefinitionRouteLocator    : Loaded RoutePredicateFactory [Host]
2020-03-09 09:37:22.123  INFO 72 --- [           main] o.s.c.g.r.RouteDefinitionRouteLocator    : Loaded RoutePredicateFactory [Method]
2020-03-09 09:37:22.124  INFO 72 --- [           main] o.s.c.g.r.RouteDefinitionRouteLocator    : Loaded RoutePredicateFactory [Path]
2020-03-09 09:37:22.124  INFO 72 --- [           main] o.s.c.g.r.RouteDefinitionRouteLocator    : Loaded RoutePredicateFactory [Query]
2020-03-09 09:37:22.124  INFO 72 --- [           main] o.s.c.g.r.RouteDefinitionRouteLocator    : Loaded RoutePredicateFactory [ReadBodyPredicateFactory]
2020-03-09 09:37:22.124  INFO 72 --- [           main] o.s.c.g.r.RouteDefinitionRouteLocator    : Loaded RoutePredicateFactory [RemoteAddr]
2020-03-09 09:37:22.124  INFO 72 --- [           main] o.s.c.g.r.RouteDefinitionRouteLocator    : Loaded RoutePredicateFactory [Weight]
2020-03-09 09:37:22.124  INFO 72 --- [           main] o.s.c.g.r.RouteDefinitionRouteLocator    : Loaded RoutePredicateFactory [CloudFoundryRouteService]
2020-03-09 09:37:24.128  INFO 72 --- [           main] o.s.b.a.e.web.EndpointLinksResolver      : Exposing 3 endpoint(s) beneath base path '/actuator'
2020-03-09 09:37:26.319  INFO 72 --- [           main] c.s.c.site.DemoApplicationTests          : Started DemoApplicationTests in 19.209 seconds (JVM running for 24.804)
[INFO] Tests run: 1, Failures: 0, Errors: 0, Skipped: 0, Time elapsed: 23.24 s - in com.*******.conferences.site.DemoApplicationTests
[INFO] Running com.*******.conferences.site.C4PApisTests
2020-03-09 09:37:27.195  INFO 72 --- [           main] .b.t.c.SpringBootTestContextBootstrapper : Neither @ContextConfiguration nor @ContextHierarchy found for test class [com.*******.conferences.site.C4PApisTests], using SpringBootContextLoader
2020-03-09 09:37:27.196  INFO 72 --- [           main] o.s.t.c.support.AbstractContextLoader    : Could not detect default resource locations for test class [com.*******.conferences.site.C4PApisTests]: no resource found for suffixes {-context.xml, Context.groovy}.
2020-03-09 09:37:27.196  INFO 72 --- [           main] t.c.s.AnnotationConfigContextLoaderUtils : Could not detect default configuration classes for test class [com.*******.conferences.site.C4PApisTests]: C4PApisTests does not declare any static, non-private, non-final, nested classes annotated with @Configuration.
2020-03-09 09:37:27.233  INFO 72 --- [           main] .b.t.c.SpringBootTestContextBootstrapper : Found @SpringBootConfiguration com.*******.conferences.site.DemoApplication for test class com.*******.conferences.site.C4PApisTests
2020-03-09 09:37:27.291  INFO 72 --- [           main] .b.t.c.SpringBootTestContextBootstrapper : Loaded default TestExecutionListener class names from location [META-INF/spring.factories]: [org.springframework.boot.test.mock.mockito.MockitoTestExecutionListener, org.springframework.boot.test.mock.mockito.ResetMocksTestExecutionListener, org.springframework.boot.test.autoconfigure.restdocs.RestDocsTestExecutionListener, org.springframework.boot.test.autoconfigure.web.client.MockRestServiceServerResetTestExecutionListener, org.springframework.boot.test.autoconfigure.web.servlet.MockMvcPrintOnlyOnFailureTestExecutionListener, org.springframework.boot.test.autoconfigure.web.servlet.WebDriverTestExecutionListener, org.springframework.test.context.web.ServletTestExecutionListener, org.springframework.test.context.support.DirtiesContextBeforeModesTestExecutionListener, org.springframework.test.context.support.DependencyInjectionTestExecutionListener, org.springframework.test.context.support.DirtiesContextTestExecutionListener, org.springframework.test.context.transaction.TransactionalTestExecutionListener, org.springframework.test.context.jdbc.SqlScriptsTestExecutionListener, org.springframework.cloud.contract.wiremock.WireMockTestExecutionListener, org.springframework.cloud.contract.stubrunner.provider.wiremock.StubRunnerWireMockTestExecutionListener]
2020-03-09 09:37:27.292  INFO 72 --- [           main] .b.t.c.SpringBootTestContextBootstrapper : Using TestExecutionListeners: [org.springframework.test.context.web.ServletTestExecutionListener@369fb99a, org.springframework.test.context.support.DirtiesContextBeforeModesTestExecutionListener@81a8898, org.springframework.boot.test.mock.mockito.MockitoTestExecutionListener@d08f85a, org.springframework.boot.test.autoconfigure.SpringBootDependencyInjectionTestExecutionListener@3e839aa3, org.springframework.test.context.support.DirtiesContextTestExecutionListener@751bb780, org.springframework.boot.test.mock.mockito.ResetMocksTestExecutionListener@2919aff3, org.springframework.boot.test.autoconfigure.restdocs.RestDocsTestExecutionListener@639948a2, org.springframework.boot.test.autoconfigure.web.client.MockRestServiceServerResetTestExecutionListener@416d90f0, org.springframework.boot.test.autoconfigure.web.servlet.MockMvcPrintOnlyOnFailureTestExecutionListener@696298ea, org.springframework.boot.test.autoconfigure.web.servlet.WebDriverTestExecutionListener@de0c402, org.springframework.cloud.contract.wiremock.WireMockTestExecutionListener@24955144, org.springframework.cloud.contract.stubrunner.provider.wiremock.StubRunnerWireMockTestExecutionListener@9d2af36]
2020-03-09 09:37:27.537  INFO 72 --- [           main] trationDelegate$BeanPostProcessorChecker : Bean 'org.springframework.cloud.autoconfigure.ConfigurationPropertiesRebinderAutoConfiguration' of type [org.springframework.cloud.autoconfigure.ConfigurationPropertiesRebinderAutoConfiguration$$EnhancerBySpringCGLIB$$fcfd26f4] is not eligible for getting processed by all BeanPostProcessors (for example: not eligible for auto-proxying)

  .   ____          _            __ _ _
 /\\ / ___'_ __ _ _(_)_ __  __ _ \ \ \ \
( ( )\___ | '_ | '_| | '_ \/ _` | \ \ \ \
 \\/  ___)| |_)| | | | | || (_| |  ) ) ) )
  '  |____| .__|_| |_|_| |_\__, | / / / /
 =========|_|==============|___/=/_/_/_/
 :: Spring Boot ::        (v2.1.9.RELEASE)

2020-03-09 09:37:27.729  INFO 72 --- [           main] c.*******.conferences.site.C4PApisTests  : No active profile set, falling back to default profiles: default
2020-03-09 09:37:29.095  INFO 72 --- [           main] o.s.cloud.context.scope.GenericScope     : BeanFactory id=79161fd1-323f-37f7-8eee-1bf31a8e40e2
2020-03-09 09:37:29.218  INFO 72 --- [           main] trationDelegate$BeanPostProcessorChecker : Bean 'org.springframework.cloud.autoconfigure.ConfigurationPropertiesRebinderAutoConfiguration' of type [org.springframework.cloud.autoconfigure.ConfigurationPropertiesRebinderAutoConfiguration$$EnhancerBySpringCGLIB$$fcfd26f4] is not eligible for getting processed by all BeanPostProcessors (for example: not eligible for auto-proxying)
2020-03-09 09:37:29.299  INFO 72 --- [           main] trationDelegate$BeanPostProcessorChecker : Bean 'stubrunner-org.springframework.cloud.contract.stubrunner.spring.StubRunnerProperties' of type [org.springframework.cloud.contract.stubrunner.spring.StubRunnerProperties] is not eligible for getting processed by all BeanPostProcessors (for example: not eligible for auto-proxying)
2020-03-09 09:37:29.304  INFO 72 --- [           main] trationDelegate$BeanPostProcessorChecker : Bean 'org.springframework.cloud.contract.stubrunner.spring.StubRunnerConfiguration' of type [org.springframework.cloud.contract.stubrunner.spring.StubRunnerConfiguration$$EnhancerBySpringCGLIB$$5966f667] is not eligible for getting processed by all BeanPostProcessors (for example: not eligible for auto-proxying)
2020-03-09 09:37:29.333  INFO 72 --- [           main] o.s.c.c.s.AetherStubDownloaderBuilder    : Will download stubs and contracts via Aether
2020-03-09 09:37:29.794  INFO 72 --- [           main] o.s.c.c.stubrunner.AetherStubDownloader  : Desired version is [+] - will try to resolve the latest version
2020-03-09 09:37:30.766  INFO 72 --- [           main] o.s.c.c.stubrunner.AetherStubDownloader  : Resolved version is [0.0.27]
2020-03-09 09:37:30.791  INFO 72 --- [           main] o.s.c.c.stubrunner.AetherStubDownloader  : Resolved artifact [com.*******.conferences:fmtok8s-c4p:jar:stubs:0.0.27] to /tmp/aether-local7822213068222891042/com/*******/conferences/fmtok8s-c4p/0.0.27/fmtok8s-c4p-0.0.27-stubs.jar
2020-03-09 09:37:30.793  INFO 72 --- [           main] o.s.c.c.stubrunner.AetherStubDownloader  : Unpacking stub from JAR [URI: file:/tmp/aether-local7822213068222891042/com/*******/conferences/fmtok8s-c4p/0.0.27/fmtok8s-c4p-0.0.27-stubs.jar]
2020-03-09 09:37:30.801  INFO 72 --- [           main] o.s.c.c.stubrunner.AetherStubDownloader  : Unpacked file to [/tmp/contracts14572159188148002555]
2020-03-09 09:37:34.138  INFO 72 --- [           main] wiremock.org.eclipse.jetty.util.log      : Logging initialized @32622ms
2020-03-09 09:37:34.222  WARN 72 --- [           main] w.o.e.j.s.NetworkTrafficServerConnector  : Acceptors should be <= availableProcessors: NetworkTrafficServerConnector@198a653{HTTP/1.1}{0.0.0.0:0}
2020-03-09 09:37:34.415  INFO 72 --- [           main] w.org.eclipse.jetty.server.Server        : jetty-9.2.z-SNAPSHOT
2020-03-09 09:37:34.443  INFO 72 --- [           main] w.o.e.j.server.handler.ContextHandler    : Started w.o.e.j.s.ServletContextHandler@2edc6690{/__*****,null,AVAILABLE}
2020-03-09 09:37:34.444  INFO 72 --- [           main] w.o.e.j.server.handler.ContextHandler    : Started w.o.e.j.s.ServletContextHandler@6138ee0e{/,null,AVAILABLE}
2020-03-09 09:37:34.517  INFO 72 --- [           main] w.o.e.j.s.NetworkTrafficServerConnector  : Started NetworkTrafficServerConnector@198a653{HTTP/1.1}{0.0.0.0:12595}
2020-03-09 09:37:34.518  INFO 72 --- [           main] w.org.eclipse.jetty.server.Server        : Started @33003ms
2020-03-09 09:37:34.522  INFO 72 --- [           main] o.s.c.contract.stubrunner.StubServer     : Started stub server for project [com.*******.conferences:fmtok8s-c4p:0.0.27:stubs] on port 12595
2020-03-09 09:37:35.602  INFO 72 --- [tp1381209636-33] /__*****                                 : RequestHandlerClass from context returned com.github.tomakehurst.wiremock.http.AdminRequestHandler. Normalized mapped under returned 'null'
2020-03-09 09:37:35.990  INFO 72 --- [tp1381209636-33] WireMock                                 : Admin request received:
127.0.0.1 - POST /mappings

Connection: [keep-alive]
User-Agent: [Apache-HttpClient/4.5.5 (Java/11.0.2)]
Host: [localhost:12595]
Content-Length: [225]
Content-Type: [text/plain; charset=UTF-8]
{
  "id" : "0c56707e-714f-42a5-a08f-69c448b6c6da",
  "request" : {
    "url" : "/ping",
    "method" : "GET"
  },
  "response" : {
    "status" : 200,
    "body" : "OK"
  },
  "uuid" : "0c56707e-714f-42a5-a08f-69c448b6c6da"
}

2020-03-09 09:37:36.302  INFO 72 --- [tp1381209636-34] WireMock                                 : Admin request received:
127.0.0.1 - POST /mappings

Connection: [keep-alive]
User-Agent: [Apache-HttpClient/4.5.5 (Java/11.0.2)]
Host: [localhost:12595]
Content-Length: [227]
Content-Type: [text/plain; charset=UTF-8]
{
  "id" : "41865fda-4b2e-459e-ac15-f98976757c44",
  "request" : {
    "url" : "/health",
    "method" : "GET"
  },
  "response" : {
    "status" : 200,
    "body" : "OK"
  },
  "uuid" : "41865fda-4b2e-459e-ac15-f98976757c44"
}

2020-03-09 09:37:36.501  INFO 72 --- [tp1381209636-35] WireMock                                 : Admin request received:
127.0.0.1 - POST /mappings

Connection: [keep-alive]
User-Agent: [Apache-HttpClient/4.5.5 (Java/11.0.2)]
Host: [localhost:12595]
Content-Length: [981]
Content-Type: [text/plain; charset=UTF-8]
{
  "id" : "ec81ba24-f923-44de-b027-c3b856db1404",
  "request" : {
    "url" : "/",
    "method" : "POST",
    "headers" : {
      "Content-Type" : {
        "matches" : "application/json.*"
      }
    },
    "bodyPatterns" : [ {
      "matchesJsonPath" : "$[?(@.['title'] =~ /[\\S\\s]+/)]"
    }, {
      "matchesJsonPath" : "$[?(@.['description'] =~ /[\\S\\s]+/)]"
    }, {
      "matchesJsonPath" : "$[?(@.['author'] =~ /[\\S\\s]+/)]"
    }, {
      "matchesJsonPath" : "$[?(@.['email'] =~ /[a-zA-Z0-9._%+-]+@[a-zA-Z0-9.-]+\\.[a-zA-Z]{2,6}/)]"
    } ]
  },
  "response" : {
    "status" : 200,
    "body" : "{\"id\":\"be9c8cfa-5cab-4c59-b81c-1a734ba64b44\",\"title\":\"LLIWGZJFRWCZITTDWLIP\",\"description\":\"HXIUVWBMHHXBJGNOGKDK\",\"author\":\"QJILNQGYFANYRNGGWHTE\",\"email\":\"foo@bar-1189814825.com\"}",
    "headers" : {
      "Content-Type" : "application/json"
    },
    "transformers" : [ "response-template" ]
  },
  "uuid" : "ec81ba24-f923-44de-b027-c3b856db1404"
}

2020-03-09 09:37:36.713  INFO 72 --- [           main] o.s.c.c.stubrunner.StubRunnerExecutor    : All stubs are now running RunningStubs [namesAndPorts={com.*******.conferences:fmtok8s-c4p:0.0.27:stubs=12595}]
2020-03-09 09:37:36.719  INFO 72 --- [           main] trationDelegate$BeanPostProcessorChecker : Bean 'batchStubRunner' of type [org.springframework.cloud.contract.stubrunner.BatchStubRunner] is not eligible for getting processed by all BeanPostProcessors (for example: not eligible for auto-proxying)
2020-03-09 09:37:36.741  INFO 72 --- [           main] trationDelegate$BeanPostProcessorChecker : Bean 'org.springframework.cloud.contract.stubrunner.spring.cloud.StubRunnerSpringCloudAutoConfiguration' of type [org.springframework.cloud.contract.stubrunner.spring.cloud.StubRunnerSpringCloudAutoConfiguration$$EnhancerBySpringCGLIB$$229670bf] is not eligible for getting processed by all BeanPostProcessors (for example: not eligible for auto-proxying)
2020-03-09 09:37:38.517  INFO 72 --- [           main] o.s.c.g.r.RouteDefinitionRouteLocator    : Loaded RoutePredicateFactory [After]
2020-03-09 09:37:38.517  INFO 72 --- [           main] o.s.c.g.r.RouteDefinitionRouteLocator    : Loaded RoutePredicateFactory [Before]
2020-03-09 09:37:38.518  INFO 72 --- [           main] o.s.c.g.r.RouteDefinitionRouteLocator    : Loaded RoutePredicateFactory [Between]
2020-03-09 09:37:38.521  INFO 72 --- [           main] o.s.c.g.r.RouteDefinitionRouteLocator    : Loaded RoutePredicateFactory [Cookie]
2020-03-09 09:37:38.522  INFO 72 --- [           main] o.s.c.g.r.RouteDefinitionRouteLocator    : Loaded RoutePredicateFactory [Header]
2020-03-09 09:37:38.522  INFO 72 --- [           main] o.s.c.g.r.RouteDefinitionRouteLocator    : Loaded RoutePredicateFactory [Host]
2020-03-09 09:37:38.523  INFO 72 --- [           main] o.s.c.g.r.RouteDefinitionRouteLocator    : Loaded RoutePredicateFactory [Method]
2020-03-09 09:37:38.523  INFO 72 --- [           main] o.s.c.g.r.RouteDefinitionRouteLocator    : Loaded RoutePredicateFactory [Path]
2020-03-09 09:37:38.525  INFO 72 --- [           main] o.s.c.g.r.RouteDefinitionRouteLocator    : Loaded RoutePredicateFactory [Query]
2020-03-09 09:37:38.525  INFO 72 --- [           main] o.s.c.g.r.RouteDefinitionRouteLocator    : Loaded RoutePredicateFactory [ReadBodyPredicateFactory]
2020-03-09 09:37:38.525  INFO 72 --- [           main] o.s.c.g.r.RouteDefinitionRouteLocator    : Loaded RoutePredicateFactory [RemoteAddr]
2020-03-09 09:37:38.525  INFO 72 --- [           main] o.s.c.g.r.RouteDefinitionRouteLocator    : Loaded RoutePredicateFactory [Weight]
2020-03-09 09:37:38.525  INFO 72 --- [           main] o.s.c.g.r.RouteDefinitionRouteLocator    : Loaded RoutePredicateFactory [CloudFoundryRouteService]
2020-03-09 09:37:39.798  INFO 72 --- [           main] o.s.b.a.e.web.EndpointLinksResolver      : Exposing 3 endpoint(s) beneath base path '/actuator'
2020-03-09 09:37:40.694  INFO 72 --- [           main] c.*******.conferences.site.C4PApisTests  : Started C4PApisTests in 13.399 seconds (JVM running for 39.179)
Port from stub:  12595
2020-03-09 09:37:41.097  INFO 72 --- [tp1381209636-33] /                                        : RequestHandlerClass from context returned com.github.tomakehurst.wiremock.http.StubRequestHandler. Normalized mapped under returned 'null'
2020-03-09 09:37:41.540  INFO 72 --- [tp1381209636-33] WireMock                                 : Request received:
127.0.0.1 - POST /

Accept-Charset: [big5, big5-hkscs, cesu-8, euc-jp, euc-kr, gb18030, gb2312, gbk, ibm-thai, ibm00858, ibm01140, ibm01141, ibm01142, ibm01143, ibm01144, ibm01145, ibm01146, ibm01147, ibm01148, ibm01149, ibm037, ibm1026, ibm1047, ibm273, ibm277, ibm278, ibm280, ibm284, ibm285, ibm290, ibm297, ibm420, ibm424, ibm437, ibm500, ibm775, ibm850, ibm852, ibm855, ibm857, ibm860, ibm861, ibm862, ibm863, ibm864, ibm865, ibm866, ibm868, ibm869, ibm870, ibm871, ibm918, iso-2022-cn, iso-2022-jp, iso-2022-jp-2, iso-2022-kr, iso-8859-1, iso-8859-13, iso-8859-15, iso-8859-16, iso-8859-2, iso-8859-3, iso-8859-4, iso-8859-5, iso-8859-6, iso-8859-7, iso-8859-8, iso-8859-9, jis_x0201, jis_x0212-1990, koi8-r, koi8-u, shift_jis, tis-620, us-ascii, utf-16, utf-16be, utf-16le, utf-32, utf-32be, utf-32le, utf-8, windows-1250, windows-1251, windows-1252, windows-1253, windows-1254, windows-1255, windows-1256, windows-1257, windows-1258, windows-31j, x-big5-hkscs-2001, x-big5-solaris, x-euc-jp-linux, x-euc-tw, x-eucjp-open, x-ibm1006, x-ibm1025, x-ibm1046, x-ibm1097, x-ibm1098, x-ibm1112, x-ibm1122, x-ibm1123, x-ibm1124, x-ibm1166, x-ibm1364, x-ibm1381, x-ibm1383, x-ibm300, x-ibm33722, x-ibm737, x-ibm833, x-ibm834, x-ibm856, x-ibm874, x-ibm875, x-ibm921, x-ibm922, x-ibm930, x-ibm933, x-ibm935, x-ibm937, x-ibm939, x-ibm942, x-ibm942c, x-ibm943, x-ibm943c, x-ibm948, x-ibm949, x-ibm949c, x-ibm950, x-ibm964, x-ibm970, x-iscii91, x-iso-2022-cn-cns, x-iso-2022-cn-gb, x-iso-8859-11, x-jis0208, x-jisautodetect, x-johab, x-macarabic, x-maccentraleurope, x-maccroatian, x-maccyrillic, x-macdingbat, x-macgreek, x-machebrew, x-maciceland, x-macroman, x-macromania, x-macsymbol, x-macthai, x-macturkish, x-macukraine, x-ms932_0213, x-ms950-hkscs, x-ms950-hkscs-xp, x-mswin-936, x-pck, x-sjis_0213, x-utf-16le-bom, x-utf-32be-bom, x-utf-32le-bom, x-windows-50220, x-windows-50221, x-windows-874, x-windows-949, x-windows-950, x-windows-iso2022jp]
Accept: [text/plain, application/json, application/*+json, */*]
User-Agent: [Java/11.0.2]
Connection: [keep-alive]
Host: [localhost:12595]
Content-Length: [112]
Content-Type: [application/json]
{ "title" : "test title", "description" : "test description", "author": "*******", "email": "*******@mail.com" }


Matched response definition:
{
  "status" : 200,
  "body" : "{\"id\":\"be9c8cfa-5cab-4c59-b81c-1a734ba64b44\",\"title\":\"LLIWGZJFRWCZITTDWLIP\",\"description\":\"HXIUVWBMHHXBJGNOGKDK\",\"author\":\"QJILNQGYFANYRNGGWHTE\",\"email\":\"foo@bar-1189814825.com\"}",
  "headers" : {
    "Content-Type" : "application/json"
  },
  "transformers" : [ "response-template" ]
}

Response:
HTTP/1.1 200
Content-Type: [application/json]
Matched-Stub-Id: [ec81ba24-f923-44de-b027-c3b856db1404]


2020-03-09 09:37:41.710  INFO 72 --- [           main] w.o.e.j.s.NetworkTrafficServerConnector  : Stopped NetworkTrafficServerConnector@198a653{HTTP/1.1}{0.0.0.0:12595}
2020-03-09 09:37:41.719  INFO 72 --- [           main] w.o.e.j.server.handler.ContextHandler    : Stopped w.o.e.j.s.ServletContextHandler@6138ee0e{/,null,UNAVAILABLE}
2020-03-09 09:37:41.723  INFO 72 --- [           main] w.o.e.j.server.handler.ContextHandler    : Stopped w.o.e.j.s.ServletContextHandler@2edc6690{/__*****,null,UNAVAILABLE}
2020-03-09 09:37:41.725  WARN 72 --- [           main] w.o.e.j.util.thread.QueuedThreadPool     : qtp1381209636{STOPPING,8<=8<=10,i=7,q=7} Couldn't stop Thread[qtp1381209636-29,5,main]
2020-03-09 09:37:41.726  WARN 72 --- [           main] w.o.e.j.util.thread.QueuedThreadPool     : qtp1381209636{STOPPING,8<=8<=10,i=7,q=7} Couldn't stop Thread[qtp1381209636-33,5,main]
2020-03-09 09:37:41.726  WARN 72 --- [           main] w.o.e.j.util.thread.QueuedThreadPool     : qtp1381209636{STOPPING,8<=8<=10,i=7,q=7} Couldn't stop Thread[qtp1381209636-34,5,main]
2020-03-09 09:37:41.726  WARN 72 --- [           main] w.o.e.j.util.thread.QueuedThreadPool     : qtp1381209636{STOPPING,8<=8<=10,i=7,q=7} Couldn't stop Thread[qtp1381209636-30,5,main]
2020-03-09 09:37:41.727  WARN 72 --- [           main] w.o.e.j.util.thread.QueuedThreadPool     : qtp1381209636{STOPPING,8<=8<=10,i=7,q=7} Couldn't stop Thread[qtp1381209636-32,5,main]
2020-03-09 09:37:41.727  WARN 72 --- [           main] w.o.e.j.util.thread.QueuedThreadPool     : qtp1381209636{STOPPING,8<=8<=10,i=7,q=7} Couldn't stop Thread[qtp1381209636-35,5,main]
2020-03-09 09:37:41.727  WARN 72 --- [           main] w.o.e.j.util.thread.QueuedThreadPool     : qtp1381209636{STOPPING,8<=8<=10,i=7,q=7} Couldn't stop Thread[qtp1381209636-31,5,main]
[INFO] Tests run: 1, Failures: 0, Errors: 0, Skipped: 0, Time elapsed: 13.892 s - in com.*******.conferences.site.C4PApisTests
[INFO] 
[INFO] Results:
[INFO] 
[INFO] Tests run: 2, Failures: 0, Errors: 0, Skipped: 0
[INFO] 
[INFO] 
[INFO] --- maven-jar-plugin:3.1.2:jar (default-jar) @ api-gateway ---
[INFO] Building jar: /workspace/source/target/api-gateway-0.0.35.jar
[INFO] 
[INFO] --- spring-boot-maven-plugin:2.1.9.RELEASE:repackage (repackage) @ api-gateway ---
[INFO] Replacing main artifact with repackaged archive
[INFO] 
[INFO] --- maven-install-plugin:2.5.2:install (default-install) @ api-gateway ---
[INFO] Installing /workspace/source/target/api-gateway-0.0.35.jar to /home/jenkins/.mvnrepository/com/*******/conferences/api-gateway/0.0.35/api-gateway-0.0.35.jar
[INFO] Installing /workspace/source/pom.xml to /home/jenkins/.mvnrepository/com/*******/conferences/api-gateway/0.0.35/api-gateway-0.0.35.pom
[INFO] 
[INFO] --- maven-deploy-plugin:2.8.2:deploy (default-deploy) @ api-gateway ---
[INFO] Using alternate deployment repository local-nexus::default::http://nexus/repository/maven-releases/
[INFO] ------------------------------------------------------------------------
[INFO] BUILD SUCCESS
[INFO] ------------------------------------------------------------------------
[INFO] Total time:  01:17 min
[INFO] Finished at: 2020-03-09T09:37:49Z
[INFO] ------------------------------------------------------------------------

Showing logs for build [32msalaboy-fmtok8s-api-gateway-mas-rplvz-37[0m stage [32mfrom-build-pack[0m and container [32mstep-build-skaffold-version[0m
v1.0.1

Showing logs for build [32msalaboy-fmtok8s-api-gateway-mas-rplvz-37[0m stage [32mfrom-build-pack[0m and container [32mstep-build-container-build[0m
[36mINFO[0m[0000] Downloading base image openjdk:11-jre-slim   
ERROR: logging before flag.Parse: E0309 09:37:51.448136      12 metadata.go:142] while reading 'google-dockercfg' metadata: http status code: 404 while fetching url http://metadata.google.internal./computeMetadata/v1/instance/attributes/google-dockercfg
ERROR: logging before flag.Parse: E0309 09:37:51.452849      12 metadata.go:159] while reading 'google-dockercfg-url' metadata: http status code: 404 while fetching url http://metadata.google.internal./computeMetadata/v1/instance/attributes/google-dockercfg-url
2020/03/09 09:37:51 No matching credentials were found, falling back on anonymous
[36mINFO[0m[0001] Error while retrieving image from cache: getting file info: stat /workspace/sha256:88d4192a5dab8de64fbeec699bcea3739f097f78f3184cd4e2aea6d7ac238da7: no such file or directory 
[36mINFO[0m[0001] Downloading base image openjdk:11-jre-slim   
2020/03/09 09:37:52 No matching credentials were found, falling back on anonymous
[36mINFO[0m[0002] cmd: EXPOSE                                  
[36mINFO[0m[0002] Adding exposed port: 8080/tcp                
[36mINFO[0m[0002] Using files from context: [/workspace/source/pom.xml] 
[36mINFO[0m[0002] Using files from context: [/workspace/source/target/api-gateway-0.0.35.jar] 
[36mINFO[0m[0002] Skipping unpacking as no commands require it. 
[36mINFO[0m[0002] Taking snapshot of full filesystem...        
[36mINFO[0m[0002] ENV PORT 8080                                
[36mINFO[0m[0002] No files changed in this command, skipping snapshotting. 
[36mINFO[0m[0002] ENV CLASSPATH /opt/lib                       
[36mINFO[0m[0002] No files changed in this command, skipping snapshotting. 
[36mINFO[0m[0002] EXPOSE 8080                                  
[36mINFO[0m[0002] cmd: EXPOSE                                  
[36mINFO[0m[0002] Adding exposed port: 8080/tcp                
[36mINFO[0m[0002] No files changed in this command, skipping snapshotting. 
[36mINFO[0m[0002] Using files from context: [/workspace/source/pom.xml] 
[36mINFO[0m[0002] COPY pom.xml target/lib* /opt/lib/           
[36mINFO[0m[0002] Taking snapshot of files...                  
[36mINFO[0m[0002] Using files from context: [/workspace/source/target/api-gateway-0.0.35.jar] 
[36mINFO[0m[0002] COPY target/*.jar /opt/app.jar               
[36mINFO[0m[0002] Taking snapshot of files...                  
[36mINFO[0m[0002] WORKDIR /opt                                 
[36mINFO[0m[0002] cmd: workdir                                 
[36mINFO[0m[0002] Changed working directory to /opt            
[36mINFO[0m[0002] No files changed in this command, skipping snapshotting. 
[36mINFO[0m[0002] ENTRYPOINT exec java $JAVA_OPTS -jar app.jar 
[36mINFO[0m[0002] No files changed in this command, skipping snapshotting. 
2020/03/09 09:37:54 existing blob: sha256:d5c28bc4eb5532356cd06f142ed9cd6cee0811be74e992fdd2190fee8cbcf710
2020/03/09 09:37:54 existing blob: sha256:68ced04f60ab5c7a5f1d0b0b4e7572c5a4c8cce44866513d30d9df1a15277d6b
2020/03/09 09:37:54 existing blob: sha256:8afa8e973e226cdc57cde0ef199d85ee1aa93b5f6a04abf68dc4952cdab931d5
2020/03/09 09:37:54 existing blob: sha256:4874c5772968dcab87c114bee2baf2c7e9a06dda36e63bdfeab71bd4d6f02890
2020/03/09 09:37:57 pushed blob: sha256:33fdacb33446c70786eb1b2bdb31aaa12aca537a216a460f85fcda2320a3dadd
2020/03/09 09:37:58 pushed blob: sha256:411b896f31ed5f2ae31bd2c7f7015e0ee939ffacc7010c11d612bf825cd46a19
2020/03/09 09:38:00 pushed blob: sha256:eb772d759e6929f50044da31129ca013693942a0ae6de045e7fda612cb1d542a
2020/03/09 09:38:02 gcr.io/camunda-consulting-de/fmtok8s-api-gateway:0.0.35: digest: sha256:5912865c64972b82ebba0e747b54e4c8d3a4cd791b808c814aa97ea44a460be2 size: 1243

Showing logs for build [32msalaboy-fmtok8s-api-gateway-mas-rplvz-37[0m stage [32mfrom-build-pack[0m and container [32mstep-build-post-build[0m
no CVE provider running in the current ** namespace so skip adding image to be analysed

Showing logs for build [32msalaboy-fmtok8s-api-gateway-mas-rplvz-37[0m stage [32mfrom-build-pack[0m and container [32mstep-promote-changelog[0m
Converted /workspace/source/charts/fmtok8s-api-gateway to an unshallow repository
Generating change log from git ref 0e1473ab8e003289297e92798f27e3a83be94fa2 => 71b8952790b9f17d48e5c4c6d4a0f1306be51d98
WARNING: Failed to enrich commit fbe18c76a43aa67971cdfaf463eb3e1b953aceec with issues: selected more than one user from users.jenkins.io: [******* x-0]
WARNING: Failed to enrich commit fbe18c76a43aa67971cdfaf463eb3e1b953aceec with issues: selected more than one user from users.jenkins.io: [******* x-0]
Finding issues in commit messages using git format
WARNING: No release found for *******/fmtok8s-api-gateway and tag v0.0.35 so creating a new release
Updated the release information at https://github.com/*******/fmtok8s-api-gateway/releases/tag/v0.0.35
generated: /workspace/source/charts/fmtok8s-api-gateway/templates/release.yaml
Created Release fmtok8s-api-gateway-0-0-35 resource in namespace **
Updating PipelineActivity *******-fmtok8s-api-gateway-master-37 with version 0.0.35
Updated PipelineActivities *******-fmtok8s-api-gateway-master-37 with release notes URL: https://github.com/*******/fmtok8s-api-gateway/releases/tag/v0.0.35

Showing logs for build [32msalaboy-fmtok8s-api-gateway-mas-rplvz-37[0m stage [32mfrom-build-pack[0m and container [32mstep-promote-helm-release[0m
WARNING: No $CHART_REPOSITORY defined so using the default value of: http://jenkins-x-chartmuseum:8080
Adding missing Helm repo: storage.googleapis.com https://storage.googleapis.com/chartmuseum.jenkins-x.io
Successfully added Helm repository storage.googleapis.com.
Adding missing Helm repo: jenkins-x-chartmuseum http://jenkins-x-chartmuseum:8080
Successfully added Helm repository jenkins-x-chartmuseum.
WARNING: No $CHART_REPOSITORY defined so using the default value of: http://jenkins-x-chartmuseum:8080
Uploading chart file fmtok8s-api-gateway-0.0.35.tgz to http://jenkins-x-chartmuseum:8080/api/charts
Received 201 response: {"saved":true}

Showing logs for build [32msalaboy-fmtok8s-api-gateway-mas-rplvz-37[0m stage [32mfrom-build-pack[0m and container [32mstep-promote-jx-promote[0m
WARNING: prow based install so skip waiting for the merge of Pull Requests to go green as currently there is an issue with gettingstatuses from the PR, see https://github.com/jenkins-x/**/issues/2410
WARNING: No $CHART_REPOSITORY defined so using the default value of: http://jenkins-x-chartmuseum:8080
Promoting app fmtok8s-api-gateway version 0.0.35 to namespace **-staging
WARNING: 
Created Pull Request: https://github.com/*******/environment-kubecon-prep-staging/pull/79
Added label updatebot to Pull Request https://github.com/*******/environment-kubecon-prep-staging/pull/79
got git provider status pending from PR https://github.com/*******/environment-kubecon-prep-staging/pull/79
got git provider status pending from PR https://github.com/*******/environment-kubecon-prep-staging/pull/79
got git provider status pending from PR https://github.com/*******/environment-kubecon-prep-staging/pull/79
got git provider status pending from PR https://github.com/*******/environment-kubecon-prep-staging/pull/79
got git provider status pending from PR https://github.com/*******/environment-kubecon-prep-staging/pull/79
got git provider status pending from PR https://github.com/*******/environment-kubecon-prep-staging/pull/79
Pull Request https://github.com/*******/environment-kubecon-prep-staging/pull/79 is merged at sha 3d437c28d4c2bcf36e8ed22bf23cd1a27058a0d9
Pull Request merged but we are not waiting for the update pipeline to complete!

Showing logs for build [32msalaboy-fmtok8s-api-gateway-mas-rplvz-37[0m stage [32mfrom-build-pack[0m and container [32mstep-promote-step10[0m
Using https://github.com/*******/fmtok8s-api-gateway as source for change discovered from git repo in /workspace/source
WARNING: 
Created Pull Request: https://github.com/*******/fmtok8s-kubecon-app/pull/13
Added label updatebot to Pull Request https://github.com/*******/fmtok8s-kubecon-app/pull/13
